[0.040s] Invoking command in '/home/tlbot/code/ros2_ws/build/turtlesim': CMAKE_PREFIX_PATH=${CMAKE_PREFIX_PATH}:/opt/ros/jazzy PS1=(gac-robotics)\[\e]0;\u@\h: \w\a\]${debian_chroot:+($debian_chroot)}\[\033[01;32m\]\u@\h\[\033[00m\]:\[\033[01;34m\]\w\[\033[00m\]\$ /usr/bin/cmake --build /home/tlbot/code/ros2_ws/build/turtlesim -- -j16 -l16
[0.154s] [  0%] Built target turtlesim__rosidl_generator_type_description
[0.183s] [  0%] Built target ament_cmake_python_copy_turtlesim
[0.202s] [  1%] Built target turtlesim__cpp
[0.219s] [ 24%] Built target turtlesim__rosidl_generator_c
[0.288s] [ 33%] Built target turtlesim__rosidl_typesupport_c
[0.289s] [ 42%] Built target turtlesim__rosidl_typesupport_introspection_c
[0.295s] [ 51%] Built target turtlesim__rosidl_typesupport_cpp
[0.297s] [ 67%] Built target turtlesim__rosidl_typesupport_introspection_cpp
[0.298s] [ 67%] Built target turtlesim__rosidl_typesupport_fastrtps_c
[0.302s] [ 76%] Built target turtlesim__rosidl_typesupport_fastrtps_cpp
[0.361s] [ 76%] Built target turtlesim
[0.371s] [ 78%] Built target mimic
[0.375s] [ 80%] Built target turtle_teleop_key
[0.381s] [ 81%] Built target draw_square
[0.390s] [ 86%] Built target turtlesim_node
[0.405s] [ 86%] Built target turtlesim__py
[0.464s] [ 94%] Built target turtlesim__rosidl_generator_py
[0.513s] [ 96%] Built target turtlesim_s__rosidl_typesupport_fastrtps_c
[0.513s] [100%] Built target turtlesim_s__rosidl_typesupport_introspection_c
[0.513s] [100%] Built target turtlesim_s__rosidl_typesupport_c
[0.824s] running egg_info
[0.868s] writing turtlesim.egg-info/PKG-INFO
[0.868s] writing dependency_links to turtlesim.egg-info/dependency_links.txt
[0.869s] writing top-level names to turtlesim.egg-info/top_level.txt
[0.998s] reading manifest file 'turtlesim.egg-info/SOURCES.txt'
[0.999s] writing manifest file 'turtlesim.egg-info/SOURCES.txt'
[1.058s] [100%] Built target ament_cmake_python_build_turtlesim_egg
[1.083s] Invoked command in '/home/tlbot/code/ros2_ws/build/turtlesim' returned '0': CMAKE_PREFIX_PATH=${CMAKE_PREFIX_PATH}:/opt/ros/jazzy PS1=(gac-robotics)\[\e]0;\u@\h: \w\a\]${debian_chroot:+($debian_chroot)}\[\033[01;32m\]\u@\h\[\033[00m\]:\[\033[01;34m\]\w\[\033[00m\]\$ /usr/bin/cmake --build /home/tlbot/code/ros2_ws/build/turtlesim -- -j16 -l16
[1.534s] Invoking command in '/home/tlbot/code/ros2_ws/build/turtlesim': CMAKE_PREFIX_PATH=${CMAKE_PREFIX_PATH}:/opt/ros/jazzy PS1=(gac-robotics)\[\e]0;\u@\h: \w\a\]${debian_chroot:+($debian_chroot)}\[\033[01;32m\]\u@\h\[\033[00m\]:\[\033[01;34m\]\w\[\033[00m\]\$ /usr/bin/cmake --install /home/tlbot/code/ros2_ws/build/turtlesim
[1.552s] -- Install configuration: ""
[1.552s] -- Up-to-date: /home/tlbot/code/ros2_ws/install/turtlesim/share/ament_index/resource_index/rosidl_interfaces/turtlesim
[1.552s] -- Up-to-date: /home/tlbot/code/ros2_ws/install/turtlesim/share/turtlesim/action/RotateAbsolute.json
[1.553s] -- Up-to-date: /home/tlbot/code/ros2_ws/install/turtlesim/share/turtlesim/msg/Color.json
[1.553s] -- Up-to-date: /home/tlbot/code/ros2_ws/install/turtlesim/share/turtlesim/msg/Pose.json
[1.553s] -- Up-to-date: /home/tlbot/code/ros2_ws/install/turtlesim/share/turtlesim/srv/Kill.json
[1.553s] -- Up-to-date: /home/tlbot/code/ros2_ws/install/turtlesim/share/turtlesim/srv/SetPen.json
[1.554s] -- Up-to-date: /home/tlbot/code/ros2_ws/install/turtlesim/share/turtlesim/srv/Spawn.json
[1.554s] -- Up-to-date: /home/tlbot/code/ros2_ws/install/turtlesim/share/turtlesim/srv/TeleportAbsolute.json
[1.554s] -- Up-to-date: /home/tlbot/code/ros2_ws/install/turtlesim/share/turtlesim/srv/TeleportRelative.json
[1.554s] -- Up-to-date: /home/tlbot/code/ros2_ws/install/turtlesim/include/turtlesim/turtlesim
[1.554s] -- Up-to-date: /home/tlbot/code/ros2_ws/install/turtlesim/include/turtlesim/turtlesim/srv
[1.554s] -- Up-to-date: /home/tlbot/code/ros2_ws/install/turtlesim/include/turtlesim/turtlesim/srv/detail
[1.555s] -- Installing: /home/tlbot/code/ros2_ws/install/turtlesim/include/turtlesim/turtlesim/srv/detail/kill__type_support.c
[1.555s] -- Up-to-date: /home/tlbot/code/ros2_ws/install/turtlesim/include/turtlesim/turtlesim/srv/detail/set_pen__description.c
[1.555s] -- Up-to-date: /home/tlbot/code/ros2_ws/install/turtlesim/include/turtlesim/turtlesim/srv/detail/set_pen__struct.h
[1.555s] -- Up-to-date: /home/tlbot/code/ros2_ws/install/turtlesim/include/turtlesim/turtlesim/srv/detail/spawn__type_support.h
[1.556s] -- Installing: /home/tlbot/code/ros2_ws/install/turtlesim/include/turtlesim/turtlesim/srv/detail/spawn__type_support.c
[1.556s] -- Installing: /home/tlbot/code/ros2_ws/install/turtlesim/include/turtlesim/turtlesim/srv/detail/teleport_relative__type_support.c
[1.556s] -- Up-to-date: /home/tlbot/code/ros2_ws/install/turtlesim/include/turtlesim/turtlesim/srv/detail/set_pen__type_support.h
[1.556s] -- Up-to-date: /home/tlbot/code/ros2_ws/install/turtlesim/include/turtlesim/turtlesim/srv/detail/teleport_relative__description.c
[1.556s] -- Up-to-date: /home/tlbot/code/ros2_ws/install/turtlesim/include/turtlesim/turtlesim/srv/detail/kill__struct.h
[1.556s] -- Up-to-date: /home/tlbot/code/ros2_ws/install/turtlesim/include/turtlesim/turtlesim/srv/detail/teleport_absolute__description.c
[1.557s] -- Up-to-date: /home/tlbot/code/ros2_ws/install/turtlesim/include/turtlesim/turtlesim/srv/detail/kill__description.c
[1.557s] -- Up-to-date: /home/tlbot/code/ros2_ws/install/turtlesim/include/turtlesim/turtlesim/srv/detail/spawn__description.c
[1.557s] -- Up-to-date: /home/tlbot/code/ros2_ws/install/turtlesim/include/turtlesim/turtlesim/srv/detail/teleport_absolute__functions.h
[1.557s] -- Up-to-date: /home/tlbot/code/ros2_ws/install/turtlesim/include/turtlesim/turtlesim/srv/detail/spawn__functions.c
[1.558s] -- Up-to-date: /home/tlbot/code/ros2_ws/install/turtlesim/include/turtlesim/turtlesim/srv/detail/kill__type_support.h
[1.558s] -- Up-to-date: /home/tlbot/code/ros2_ws/install/turtlesim/include/turtlesim/turtlesim/srv/detail/teleport_absolute__functions.c
[1.558s] -- Up-to-date: /home/tlbot/code/ros2_ws/install/turtlesim/include/turtlesim/turtlesim/srv/detail/spawn__functions.h
[1.558s] -- Up-to-date: /home/tlbot/code/ros2_ws/install/turtlesim/include/turtlesim/turtlesim/srv/detail/teleport_absolute__struct.h
[1.558s] -- Up-to-date: /home/tlbot/code/ros2_ws/install/turtlesim/include/turtlesim/turtlesim/srv/detail/teleport_relative__functions.h
[1.558s] -- Up-to-date: /home/tlbot/code/ros2_ws/install/turtlesim/include/turtlesim/turtlesim/srv/detail/teleport_relative__functions.c
[1.559s] -- Up-to-date: /home/tlbot/code/ros2_ws/install/turtlesim/include/turtlesim/turtlesim/srv/detail/set_pen__functions.h
[1.559s] -- Up-to-date: /home/tlbot/code/ros2_ws/install/turtlesim/include/turtlesim/turtlesim/srv/detail/spawn__struct.h
[1.559s] -- Installing: /home/tlbot/code/ros2_ws/install/turtlesim/include/turtlesim/turtlesim/srv/detail/set_pen__type_support.c
[1.559s] -- Up-to-date: /home/tlbot/code/ros2_ws/install/turtlesim/include/turtlesim/turtlesim/srv/detail/kill__functions.h
[1.559s] -- Up-to-date: /home/tlbot/code/ros2_ws/install/turtlesim/include/turtlesim/turtlesim/srv/detail/teleport_relative__type_support.h
[1.560s] -- Up-to-date: /home/tlbot/code/ros2_ws/install/turtlesim/include/turtlesim/turtlesim/srv/detail/set_pen__functions.c
[1.560s] -- Up-to-date: /home/tlbot/code/ros2_ws/install/turtlesim/include/turtlesim/turtlesim/srv/detail/teleport_relative__struct.h
[1.560s] -- Installing: /home/tlbot/code/ros2_ws/install/turtlesim/include/turtlesim/turtlesim/srv/detail/teleport_absolute__type_support.c
[1.560s] -- Up-to-date: /home/tlbot/code/ros2_ws/install/turtlesim/include/turtlesim/turtlesim/srv/detail/kill__functions.c
[1.560s] -- Up-to-date: /home/tlbot/code/ros2_ws/install/turtlesim/include/turtlesim/turtlesim/srv/detail/teleport_absolute__type_support.h
[1.561s] -- Up-to-date: /home/tlbot/code/ros2_ws/install/turtlesim/include/turtlesim/turtlesim/srv/set_pen.h
[1.561s] -- Up-to-date: /home/tlbot/code/ros2_ws/install/turtlesim/include/turtlesim/turtlesim/srv/teleport_absolute.h
[1.561s] -- Up-to-date: /home/tlbot/code/ros2_ws/install/turtlesim/include/turtlesim/turtlesim/srv/kill.h
[1.561s] -- Up-to-date: /home/tlbot/code/ros2_ws/install/turtlesim/include/turtlesim/turtlesim/srv/teleport_relative.h
[1.561s] -- Up-to-date: /home/tlbot/code/ros2_ws/install/turtlesim/include/turtlesim/turtlesim/srv/spawn.h
[1.561s] -- Up-to-date: /home/tlbot/code/ros2_ws/install/turtlesim/include/turtlesim/turtlesim/action
[1.562s] -- Up-to-date: /home/tlbot/code/ros2_ws/install/turtlesim/include/turtlesim/turtlesim/action/rotate_absolute.h
[1.562s] -- Up-to-date: /home/tlbot/code/ros2_ws/install/turtlesim/include/turtlesim/turtlesim/action/detail
[1.562s] -- Up-to-date: /home/tlbot/code/ros2_ws/install/turtlesim/include/turtlesim/turtlesim/action/detail/rotate_absolute__type_support.h
[1.562s] -- Installing: /home/tlbot/code/ros2_ws/install/turtlesim/include/turtlesim/turtlesim/action/detail/rotate_absolute__type_support.c
[1.562s] -- Up-to-date: /home/tlbot/code/ros2_ws/install/turtlesim/include/turtlesim/turtlesim/action/detail/rotate_absolute__functions.h
[1.562s] -- Up-to-date: /home/tlbot/code/ros2_ws/install/turtlesim/include/turtlesim/turtlesim/action/detail/rotate_absolute__description.c
[1.563s] -- Up-to-date: /home/tlbot/code/ros2_ws/install/turtlesim/include/turtlesim/turtlesim/action/detail/rotate_absolute__functions.c
[1.563s] -- Up-to-date: /home/tlbot/code/ros2_ws/install/turtlesim/include/turtlesim/turtlesim/action/detail/rotate_absolute__struct.h
[1.563s] -- Up-to-date: /home/tlbot/code/ros2_ws/install/turtlesim/include/turtlesim/turtlesim/msg
[1.563s] -- Up-to-date: /home/tlbot/code/ros2_ws/install/turtlesim/include/turtlesim/turtlesim/msg/detail
[1.563s] -- Up-to-date: /home/tlbot/code/ros2_ws/install/turtlesim/include/turtlesim/turtlesim/msg/detail/color__type_support.h
[1.564s] -- Up-to-date: /home/tlbot/code/ros2_ws/install/turtlesim/include/turtlesim/turtlesim/msg/detail/pose__functions.c
[1.564s] -- Installing: /home/tlbot/code/ros2_ws/install/turtlesim/include/turtlesim/turtlesim/msg/detail/pose__type_support.c
[1.564s] -- Up-to-date: /home/tlbot/code/ros2_ws/install/turtlesim/include/turtlesim/turtlesim/msg/detail/pose__struct.h
[1.564s] -- Up-to-date: /home/tlbot/code/ros2_ws/install/turtlesim/include/turtlesim/turtlesim/msg/detail/color__struct.h
[1.565s] -- Up-to-date: /home/tlbot/code/ros2_ws/install/turtlesim/include/turtlesim/turtlesim/msg/detail/pose__type_support.h
[1.565s] -- Up-to-date: /home/tlbot/code/ros2_ws/install/turtlesim/include/turtlesim/turtlesim/msg/detail/pose__description.c
[1.565s] -- Installing: /home/tlbot/code/ros2_ws/install/turtlesim/include/turtlesim/turtlesim/msg/detail/color__type_support.c
[1.565s] -- Up-to-date: /home/tlbot/code/ros2_ws/install/turtlesim/include/turtlesim/turtlesim/msg/detail/color__description.c
[1.566s] -- Up-to-date: /home/tlbot/code/ros2_ws/install/turtlesim/include/turtlesim/turtlesim/msg/detail/color__functions.c
[1.566s] -- Up-to-date: /home/tlbot/code/ros2_ws/install/turtlesim/include/turtlesim/turtlesim/msg/detail/color__functions.h
[1.566s] -- Up-to-date: /home/tlbot/code/ros2_ws/install/turtlesim/include/turtlesim/turtlesim/msg/detail/pose__functions.h
[1.566s] -- Up-to-date: /home/tlbot/code/ros2_ws/install/turtlesim/include/turtlesim/turtlesim/msg/pose.h
[1.567s] -- Up-to-date: /home/tlbot/code/ros2_ws/install/turtlesim/include/turtlesim/turtlesim/msg/rosidl_generator_c__visibility_control.h
[1.567s] -- Up-to-date: /home/tlbot/code/ros2_ws/install/turtlesim/include/turtlesim/turtlesim/msg/color.h
[1.567s] -- Up-to-date: /home/tlbot/code/ros2_ws/install/turtlesim/share/turtlesim/environment/library_path.sh
[1.567s] -- Up-to-date: /home/tlbot/code/ros2_ws/install/turtlesim/share/turtlesim/environment/library_path.dsv
[1.567s] -- Up-to-date: /home/tlbot/code/ros2_ws/install/turtlesim/lib/libturtlesim__rosidl_generator_c.so
[1.568s] -- Up-to-date: /home/tlbot/code/ros2_ws/install/turtlesim/include/turtlesim/turtlesim
[1.568s] -- Up-to-date: /home/tlbot/code/ros2_ws/install/turtlesim/include/turtlesim/turtlesim/srv
[1.568s] -- Up-to-date: /home/tlbot/code/ros2_ws/install/turtlesim/include/turtlesim/turtlesim/srv/detail
[1.568s] -- Up-to-date: /home/tlbot/code/ros2_ws/install/turtlesim/include/turtlesim/turtlesim/srv/detail/set_pen__rosidl_typesupport_fastrtps_c.h
[1.568s] -- Up-to-date: /home/tlbot/code/ros2_ws/install/turtlesim/include/turtlesim/turtlesim/srv/detail/spawn__rosidl_typesupport_fastrtps_c.h
[1.568s] -- Up-to-date: /home/tlbot/code/ros2_ws/install/turtlesim/include/turtlesim/turtlesim/srv/detail/kill__rosidl_typesupport_fastrtps_c.h
[1.569s] -- Up-to-date: /home/tlbot/code/ros2_ws/install/turtlesim/include/turtlesim/turtlesim/srv/detail/teleport_absolute__rosidl_typesupport_fastrtps_c.h
[1.569s] -- Up-to-date: /home/tlbot/code/ros2_ws/install/turtlesim/include/turtlesim/turtlesim/srv/detail/teleport_relative__rosidl_typesupport_fastrtps_c.h
[1.569s] -- Up-to-date: /home/tlbot/code/ros2_ws/install/turtlesim/include/turtlesim/turtlesim/action
[1.569s] -- Up-to-date: /home/tlbot/code/ros2_ws/install/turtlesim/include/turtlesim/turtlesim/action/detail
[1.569s] -- Up-to-date: /home/tlbot/code/ros2_ws/install/turtlesim/include/turtlesim/turtlesim/action/detail/rotate_absolute__rosidl_typesupport_fastrtps_c.h
[1.570s] -- Up-to-date: /home/tlbot/code/ros2_ws/install/turtlesim/include/turtlesim/turtlesim/msg
[1.570s] -- Up-to-date: /home/tlbot/code/ros2_ws/install/turtlesim/include/turtlesim/turtlesim/msg/detail
[1.570s] -- Up-to-date: /home/tlbot/code/ros2_ws/install/turtlesim/include/turtlesim/turtlesim/msg/detail/color__rosidl_typesupport_fastrtps_c.h
[1.570s] -- Up-to-date: /home/tlbot/code/ros2_ws/install/turtlesim/include/turtlesim/turtlesim/msg/detail/pose__rosidl_typesupport_fastrtps_c.h
[1.570s] -- Up-to-date: /home/tlbot/code/ros2_ws/install/turtlesim/include/turtlesim/turtlesim/msg/rosidl_typesupport_fastrtps_c__visibility_control.h
[1.570s] -- Up-to-date: /home/tlbot/code/ros2_ws/install/turtlesim/lib/libturtlesim__rosidl_typesupport_fastrtps_c.so
[1.571s] -- Up-to-date: /home/tlbot/code/ros2_ws/install/turtlesim/include/turtlesim/turtlesim
[1.571s] -- Up-to-date: /home/tlbot/code/ros2_ws/install/turtlesim/include/turtlesim/turtlesim/srv
[1.571s] -- Up-to-date: /home/tlbot/code/ros2_ws/install/turtlesim/include/turtlesim/turtlesim/srv/set_pen.hpp
[1.571s] -- Up-to-date: /home/tlbot/code/ros2_ws/install/turtlesim/include/turtlesim/turtlesim/srv/detail
[1.572s] -- Up-to-date: /home/tlbot/code/ros2_ws/install/turtlesim/include/turtlesim/turtlesim/srv/detail/spawn__builder.hpp
[1.572s] -- Up-to-date: /home/tlbot/code/ros2_ws/install/turtlesim/include/turtlesim/turtlesim/srv/detail/teleport_relative__type_support.hpp
[1.572s] -- Up-to-date: /home/tlbot/code/ros2_ws/install/turtlesim/include/turtlesim/turtlesim/srv/detail/set_pen__type_support.hpp
[1.572s] -- Up-to-date: /home/tlbot/code/ros2_ws/install/turtlesim/include/turtlesim/turtlesim/srv/detail/kill__struct.hpp
[1.573s] -- Up-to-date: /home/tlbot/code/ros2_ws/install/turtlesim/include/turtlesim/turtlesim/srv/detail/set_pen__traits.hpp
[1.573s] -- Up-to-date: /home/tlbot/code/ros2_ws/install/turtlesim/include/turtlesim/turtlesim/srv/detail/set_pen__struct.hpp
[1.573s] -- Up-to-date: /home/tlbot/code/ros2_ws/install/turtlesim/include/turtlesim/turtlesim/srv/detail/kill__type_support.hpp
[1.573s] -- Up-to-date: /home/tlbot/code/ros2_ws/install/turtlesim/include/turtlesim/turtlesim/srv/detail/teleport_absolute__builder.hpp
[1.573s] -- Up-to-date: /home/tlbot/code/ros2_ws/install/turtlesim/include/turtlesim/turtlesim/srv/detail/teleport_relative__traits.hpp
[1.574s] -- Up-to-date: /home/tlbot/code/ros2_ws/install/turtlesim/include/turtlesim/turtlesim/srv/detail/kill__traits.hpp
[1.574s] -- Up-to-date: /home/tlbot/code/ros2_ws/install/turtlesim/include/turtlesim/turtlesim/srv/detail/teleport_absolute__traits.hpp
[1.574s] -- Up-to-date: /home/tlbot/code/ros2_ws/install/turtlesim/include/turtlesim/turtlesim/srv/detail/kill__builder.hpp
[1.574s] -- Up-to-date: /home/tlbot/code/ros2_ws/install/turtlesim/include/turtlesim/turtlesim/srv/detail/teleport_absolute__type_support.hpp
[1.574s] -- Up-to-date: /home/tlbot/code/ros2_ws/install/turtlesim/include/turtlesim/turtlesim/srv/detail/spawn__struct.hpp
[1.574s] -- Up-to-date: /home/tlbot/code/ros2_ws/install/turtlesim/include/turtlesim/turtlesim/srv/detail/spawn__traits.hpp
[1.575s] -- Up-to-date: /home/tlbot/code/ros2_ws/install/turtlesim/include/turtlesim/turtlesim/srv/detail/teleport_relative__struct.hpp
[1.575s] -- Up-to-date: /home/tlbot/code/ros2_ws/install/turtlesim/include/turtlesim/turtlesim/srv/detail/teleport_absolute__struct.hpp
[1.575s] -- Up-to-date: /home/tlbot/code/ros2_ws/install/turtlesim/include/turtlesim/turtlesim/srv/detail/set_pen__builder.hpp
[1.575s] -- Up-to-date: /home/tlbot/code/ros2_ws/install/turtlesim/include/turtlesim/turtlesim/srv/detail/teleport_relative__builder.hpp
[1.575s] -- Up-to-date: /home/tlbot/code/ros2_ws/install/turtlesim/include/turtlesim/turtlesim/srv/detail/spawn__type_support.hpp
[1.575s] -- Up-to-date: /home/tlbot/code/ros2_ws/install/turtlesim/include/turtlesim/turtlesim/srv/spawn.hpp
[1.575s] -- Up-to-date: /home/tlbot/code/ros2_ws/install/turtlesim/include/turtlesim/turtlesim/srv/teleport_relative.hpp
[1.576s] -- Up-to-date: /home/tlbot/code/ros2_ws/install/turtlesim/include/turtlesim/turtlesim/srv/kill.hpp
[1.576s] -- Up-to-date: /home/tlbot/code/ros2_ws/install/turtlesim/include/turtlesim/turtlesim/srv/teleport_absolute.hpp
[1.576s] -- Up-to-date: /home/tlbot/code/ros2_ws/install/turtlesim/include/turtlesim/turtlesim/action
[1.576s] -- Up-to-date: /home/tlbot/code/ros2_ws/install/turtlesim/include/turtlesim/turtlesim/action/detail
[1.576s] -- Up-to-date: /home/tlbot/code/ros2_ws/install/turtlesim/include/turtlesim/turtlesim/action/detail/rotate_absolute__builder.hpp
[1.576s] -- Up-to-date: /home/tlbot/code/ros2_ws/install/turtlesim/include/turtlesim/turtlesim/action/detail/rotate_absolute__struct.hpp
[1.576s] -- Up-to-date: /home/tlbot/code/ros2_ws/install/turtlesim/include/turtlesim/turtlesim/action/detail/rotate_absolute__traits.hpp
[1.577s] -- Up-to-date: /home/tlbot/code/ros2_ws/install/turtlesim/include/turtlesim/turtlesim/action/detail/rotate_absolute__type_support.hpp
[1.577s] -- Up-to-date: /home/tlbot/code/ros2_ws/install/turtlesim/include/turtlesim/turtlesim/action/rotate_absolute.hpp
[1.577s] -- Up-to-date: /home/tlbot/code/ros2_ws/install/turtlesim/include/turtlesim/turtlesim/msg
[1.577s] -- Up-to-date: /home/tlbot/code/ros2_ws/install/turtlesim/include/turtlesim/turtlesim/msg/detail
[1.577s] -- Up-to-date: /home/tlbot/code/ros2_ws/install/turtlesim/include/turtlesim/turtlesim/msg/detail/pose__type_support.hpp
[1.577s] -- Up-to-date: /home/tlbot/code/ros2_ws/install/turtlesim/include/turtlesim/turtlesim/msg/detail/pose__traits.hpp
[1.578s] -- Up-to-date: /home/tlbot/code/ros2_ws/install/turtlesim/include/turtlesim/turtlesim/msg/detail/color__builder.hpp
[1.578s] -- Up-to-date: /home/tlbot/code/ros2_ws/install/turtlesim/include/turtlesim/turtlesim/msg/detail/color__traits.hpp
[1.578s] -- Up-to-date: /home/tlbot/code/ros2_ws/install/turtlesim/include/turtlesim/turtlesim/msg/detail/pose__struct.hpp
[1.578s] -- Up-to-date: /home/tlbot/code/ros2_ws/install/turtlesim/include/turtlesim/turtlesim/msg/detail/pose__builder.hpp
[1.579s] -- Up-to-date: /home/tlbot/code/ros2_ws/install/turtlesim/include/turtlesim/turtlesim/msg/detail/color__type_support.hpp
[1.579s] -- Up-to-date: /home/tlbot/code/ros2_ws/install/turtlesim/include/turtlesim/turtlesim/msg/detail/color__struct.hpp
[1.579s] -- Up-to-date: /home/tlbot/code/ros2_ws/install/turtlesim/include/turtlesim/turtlesim/msg/pose.hpp
[1.580s] -- Up-to-date: /home/tlbot/code/ros2_ws/install/turtlesim/include/turtlesim/turtlesim/msg/rosidl_generator_cpp__visibility_control.hpp
[1.580s] -- Up-to-date: /home/tlbot/code/ros2_ws/install/turtlesim/include/turtlesim/turtlesim/msg/color.hpp
[1.580s] -- Up-to-date: /home/tlbot/code/ros2_ws/install/turtlesim/include/turtlesim/turtlesim
[1.580s] -- Up-to-date: /home/tlbot/code/ros2_ws/install/turtlesim/include/turtlesim/turtlesim/srv
[1.580s] -- Up-to-date: /home/tlbot/code/ros2_ws/install/turtlesim/include/turtlesim/turtlesim/srv/detail
[1.580s] -- Up-to-date: /home/tlbot/code/ros2_ws/install/turtlesim/include/turtlesim/turtlesim/srv/detail/dds_fastrtps
[1.581s] -- Up-to-date: /home/tlbot/code/ros2_ws/install/turtlesim/include/turtlesim/turtlesim/srv/detail/set_pen__rosidl_typesupport_fastrtps_cpp.hpp
[1.581s] -- Up-to-date: /home/tlbot/code/ros2_ws/install/turtlesim/include/turtlesim/turtlesim/srv/detail/spawn__rosidl_typesupport_fastrtps_cpp.hpp
[1.581s] -- Up-to-date: /home/tlbot/code/ros2_ws/install/turtlesim/include/turtlesim/turtlesim/srv/detail/teleport_relative__rosidl_typesupport_fastrtps_cpp.hpp
[1.581s] -- Up-to-date: /home/tlbot/code/ros2_ws/install/turtlesim/include/turtlesim/turtlesim/srv/detail/teleport_absolute__rosidl_typesupport_fastrtps_cpp.hpp
[1.581s] -- Up-to-date: /home/tlbot/code/ros2_ws/install/turtlesim/include/turtlesim/turtlesim/srv/detail/kill__rosidl_typesupport_fastrtps_cpp.hpp
[1.581s] -- Up-to-date: /home/tlbot/code/ros2_ws/install/turtlesim/include/turtlesim/turtlesim/action
[1.581s] -- Up-to-date: /home/tlbot/code/ros2_ws/install/turtlesim/include/turtlesim/turtlesim/action/detail
[1.582s] -- Up-to-date: /home/tlbot/code/ros2_ws/install/turtlesim/include/turtlesim/turtlesim/action/detail/dds_fastrtps
[1.582s] -- Up-to-date: /home/tlbot/code/ros2_ws/install/turtlesim/include/turtlesim/turtlesim/action/detail/rotate_absolute__rosidl_typesupport_fastrtps_cpp.hpp
[1.582s] -- Up-to-date: /home/tlbot/code/ros2_ws/install/turtlesim/include/turtlesim/turtlesim/msg
[1.582s] -- Up-to-date: /home/tlbot/code/ros2_ws/install/turtlesim/include/turtlesim/turtlesim/msg/detail
[1.582s] -- Up-to-date: /home/tlbot/code/ros2_ws/install/turtlesim/include/turtlesim/turtlesim/msg/detail/dds_fastrtps
[1.582s] -- Up-to-date: /home/tlbot/code/ros2_ws/install/turtlesim/include/turtlesim/turtlesim/msg/detail/color__rosidl_typesupport_fastrtps_cpp.hpp
[1.582s] -- Up-to-date: /home/tlbot/code/ros2_ws/install/turtlesim/include/turtlesim/turtlesim/msg/detail/pose__rosidl_typesupport_fastrtps_cpp.hpp
[1.583s] -- Up-to-date: /home/tlbot/code/ros2_ws/install/turtlesim/include/turtlesim/turtlesim/msg/rosidl_typesupport_fastrtps_cpp__visibility_control.h
[1.583s] -- Up-to-date: /home/tlbot/code/ros2_ws/install/turtlesim/lib/libturtlesim__rosidl_typesupport_fastrtps_cpp.so
[1.583s] -- Up-to-date: /home/tlbot/code/ros2_ws/install/turtlesim/include/turtlesim/turtlesim
[1.583s] -- Up-to-date: /home/tlbot/code/ros2_ws/install/turtlesim/include/turtlesim/turtlesim/srv
[1.584s] -- Up-to-date: /home/tlbot/code/ros2_ws/install/turtlesim/include/turtlesim/turtlesim/srv/detail
[1.584s] -- Installing: /home/tlbot/code/ros2_ws/install/turtlesim/include/turtlesim/turtlesim/srv/detail/kill__type_support.c
[1.584s] -- Installing: /home/tlbot/code/ros2_ws/install/turtlesim/include/turtlesim/turtlesim/srv/detail/spawn__type_support.c
[1.584s] -- Installing: /home/tlbot/code/ros2_ws/install/turtlesim/include/turtlesim/turtlesim/srv/detail/teleport_relative__type_support.c
[1.584s] -- Up-to-date: /home/tlbot/code/ros2_ws/install/turtlesim/include/turtlesim/turtlesim/srv/detail/spawn__rosidl_typesupport_introspection_c.h
[1.584s] -- Up-to-date: /home/tlbot/code/ros2_ws/install/turtlesim/include/turtlesim/turtlesim/srv/detail/kill__rosidl_typesupport_introspection_c.h
[1.585s] -- Up-to-date: /home/tlbot/code/ros2_ws/install/turtlesim/include/turtlesim/turtlesim/srv/detail/teleport_relative__rosidl_typesupport_introspection_c.h
[1.585s] -- Up-to-date: /home/tlbot/code/ros2_ws/install/turtlesim/include/turtlesim/turtlesim/srv/detail/teleport_absolute__rosidl_typesupport_introspection_c.h
[1.585s] -- Installing: /home/tlbot/code/ros2_ws/install/turtlesim/include/turtlesim/turtlesim/srv/detail/set_pen__type_support.c
[1.585s] -- Up-to-date: /home/tlbot/code/ros2_ws/install/turtlesim/include/turtlesim/turtlesim/srv/detail/set_pen__rosidl_typesupport_introspection_c.h
[1.585s] -- Installing: /home/tlbot/code/ros2_ws/install/turtlesim/include/turtlesim/turtlesim/srv/detail/teleport_absolute__type_support.c
[1.585s] -- Up-to-date: /home/tlbot/code/ros2_ws/install/turtlesim/include/turtlesim/turtlesim/action
[1.586s] -- Up-to-date: /home/tlbot/code/ros2_ws/install/turtlesim/include/turtlesim/turtlesim/action/detail
[1.586s] -- Up-to-date: /home/tlbot/code/ros2_ws/install/turtlesim/include/turtlesim/turtlesim/action/detail/rotate_absolute__rosidl_typesupport_introspection_c.h
[1.586s] -- Installing: /home/tlbot/code/ros2_ws/install/turtlesim/include/turtlesim/turtlesim/action/detail/rotate_absolute__type_support.c
[1.586s] -- Up-to-date: /home/tlbot/code/ros2_ws/install/turtlesim/include/turtlesim/turtlesim/msg
[1.586s] -- Up-to-date: /home/tlbot/code/ros2_ws/install/turtlesim/include/turtlesim/turtlesim/msg/detail
[1.586s] -- Installing: /home/tlbot/code/ros2_ws/install/turtlesim/include/turtlesim/turtlesim/msg/detail/pose__type_support.c
[1.586s] -- Up-to-date: /home/tlbot/code/ros2_ws/install/turtlesim/include/turtlesim/turtlesim/msg/detail/color__rosidl_typesupport_introspection_c.h
[1.587s] -- Installing: /home/tlbot/code/ros2_ws/install/turtlesim/include/turtlesim/turtlesim/msg/detail/color__type_support.c
[1.587s] -- Up-to-date: /home/tlbot/code/ros2_ws/install/turtlesim/include/turtlesim/turtlesim/msg/detail/pose__rosidl_typesupport_introspection_c.h
[1.587s] -- Up-to-date: /home/tlbot/code/ros2_ws/install/turtlesim/include/turtlesim/turtlesim/msg/rosidl_typesupport_introspection_c__visibility_control.h
[1.587s] -- Up-to-date: /home/tlbot/code/ros2_ws/install/turtlesim/lib/libturtlesim__rosidl_typesupport_introspection_c.so
[1.587s] -- Up-to-date: /home/tlbot/code/ros2_ws/install/turtlesim/lib/libturtlesim__rosidl_typesupport_c.so
[1.587s] -- Up-to-date: /home/tlbot/code/ros2_ws/install/turtlesim/include/turtlesim/turtlesim
[1.587s] -- Up-to-date: /home/tlbot/code/ros2_ws/install/turtlesim/include/turtlesim/turtlesim/srv
[1.588s] -- Up-to-date: /home/tlbot/code/ros2_ws/install/turtlesim/include/turtlesim/turtlesim/srv/detail
[1.588s] -- Up-to-date: /home/tlbot/code/ros2_ws/install/turtlesim/include/turtlesim/turtlesim/srv/detail/kill__rosidl_typesupport_introspection_cpp.hpp
[1.588s] -- Up-to-date: /home/tlbot/code/ros2_ws/install/turtlesim/include/turtlesim/turtlesim/srv/detail/teleport_relative__rosidl_typesupport_introspection_cpp.hpp
[1.588s] -- Up-to-date: /home/tlbot/code/ros2_ws/install/turtlesim/include/turtlesim/turtlesim/srv/detail/teleport_absolute__type_support.cpp
[1.588s] -- Up-to-date: /home/tlbot/code/ros2_ws/install/turtlesim/include/turtlesim/turtlesim/srv/detail/set_pen__type_support.cpp
[1.588s] -- Up-to-date: /home/tlbot/code/ros2_ws/install/turtlesim/include/turtlesim/turtlesim/srv/detail/kill__type_support.cpp
[1.588s] -- Up-to-date: /home/tlbot/code/ros2_ws/install/turtlesim/include/turtlesim/turtlesim/srv/detail/spawn__rosidl_typesupport_introspection_cpp.hpp
[1.589s] -- Up-to-date: /home/tlbot/code/ros2_ws/install/turtlesim/include/turtlesim/turtlesim/srv/detail/teleport_absolute__rosidl_typesupport_introspection_cpp.hpp
[1.589s] -- Up-to-date: /home/tlbot/code/ros2_ws/install/turtlesim/include/turtlesim/turtlesim/srv/detail/spawn__type_support.cpp
[1.589s] -- Up-to-date: /home/tlbot/code/ros2_ws/install/turtlesim/include/turtlesim/turtlesim/srv/detail/teleport_relative__type_support.cpp
[1.589s] -- Up-to-date: /home/tlbot/code/ros2_ws/install/turtlesim/include/turtlesim/turtlesim/srv/detail/set_pen__rosidl_typesupport_introspection_cpp.hpp
[1.589s] -- Up-to-date: /home/tlbot/code/ros2_ws/install/turtlesim/include/turtlesim/turtlesim/action
[1.589s] -- Up-to-date: /home/tlbot/code/ros2_ws/install/turtlesim/include/turtlesim/turtlesim/action/detail
[1.589s] -- Up-to-date: /home/tlbot/code/ros2_ws/install/turtlesim/include/turtlesim/turtlesim/action/detail/rotate_absolute__type_support.cpp
[1.589s] -- Up-to-date: /home/tlbot/code/ros2_ws/install/turtlesim/include/turtlesim/turtlesim/action/detail/rotate_absolute__rosidl_typesupport_introspection_cpp.hpp
[1.590s] -- Up-to-date: /home/tlbot/code/ros2_ws/install/turtlesim/include/turtlesim/turtlesim/msg
[1.590s] -- Up-to-date: /home/tlbot/code/ros2_ws/install/turtlesim/include/turtlesim/turtlesim/msg/detail
[1.590s] -- Up-to-date: /home/tlbot/code/ros2_ws/install/turtlesim/include/turtlesim/turtlesim/msg/detail/color__type_support.cpp
[1.590s] -- Up-to-date: /home/tlbot/code/ros2_ws/install/turtlesim/include/turtlesim/turtlesim/msg/detail/pose__type_support.cpp
[1.590s] -- Up-to-date: /home/tlbot/code/ros2_ws/install/turtlesim/include/turtlesim/turtlesim/msg/detail/color__rosidl_typesupport_introspection_cpp.hpp
[1.590s] -- Up-to-date: /home/tlbot/code/ros2_ws/install/turtlesim/include/turtlesim/turtlesim/msg/detail/pose__rosidl_typesupport_introspection_cpp.hpp
[1.590s] -- Up-to-date: /home/tlbot/code/ros2_ws/install/turtlesim/lib/libturtlesim__rosidl_typesupport_introspection_cpp.so
[1.591s] -- Up-to-date: /home/tlbot/code/ros2_ws/install/turtlesim/lib/libturtlesim__rosidl_typesupport_cpp.so
[1.591s] -- Up-to-date: /home/tlbot/code/ros2_ws/install/turtlesim/share/turtlesim/environment/pythonpath.sh
[1.591s] -- Up-to-date: /home/tlbot/code/ros2_ws/install/turtlesim/share/turtlesim/environment/pythonpath.dsv
[1.591s] -- Up-to-date: /home/tlbot/code/ros2_ws/install/turtlesim/lib/python3.12/site-packages/turtlesim-1.8.3-py3.12.egg-info
[1.591s] -- Installing: /home/tlbot/code/ros2_ws/install/turtlesim/lib/python3.12/site-packages/turtlesim-1.8.3-py3.12.egg-info/SOURCES.txt
[1.591s] -- Installing: /home/tlbot/code/ros2_ws/install/turtlesim/lib/python3.12/site-packages/turtlesim-1.8.3-py3.12.egg-info/PKG-INFO
[1.592s] -- Installing: /home/tlbot/code/ros2_ws/install/turtlesim/lib/python3.12/site-packages/turtlesim-1.8.3-py3.12.egg-info/top_level.txt
[1.592s] -- Installing: /home/tlbot/code/ros2_ws/install/turtlesim/lib/python3.12/site-packages/turtlesim-1.8.3-py3.12.egg-info/dependency_links.txt
[1.592s] -- Up-to-date: /home/tlbot/code/ros2_ws/install/turtlesim/lib/python3.12/site-packages/turtlesim
[1.592s] -- Up-to-date: /home/tlbot/code/ros2_ws/install/turtlesim/lib/python3.12/site-packages/turtlesim/srv
[1.593s] -- Up-to-date: /home/tlbot/code/ros2_ws/install/turtlesim/lib/python3.12/site-packages/turtlesim/srv/_teleport_absolute_s.c
[1.593s] -- Up-to-date: /home/tlbot/code/ros2_ws/install/turtlesim/lib/python3.12/site-packages/turtlesim/srv/_teleport_relative_s.c
[1.593s] -- Up-to-date: /home/tlbot/code/ros2_ws/install/turtlesim/lib/python3.12/site-packages/turtlesim/srv/_kill_s.c
[1.593s] -- Up-to-date: /home/tlbot/code/ros2_ws/install/turtlesim/lib/python3.12/site-packages/turtlesim/srv/_kill.py
[1.593s] -- Up-to-date: /home/tlbot/code/ros2_ws/install/turtlesim/lib/python3.12/site-packages/turtlesim/srv/_set_pen_s.c
[1.593s] -- Up-to-date: /home/tlbot/code/ros2_ws/install/turtlesim/lib/python3.12/site-packages/turtlesim/srv/_set_pen.py
[1.594s] -- Up-to-date: /home/tlbot/code/ros2_ws/install/turtlesim/lib/python3.12/site-packages/turtlesim/srv/_spawn_s.c
[1.594s] -- Up-to-date: /home/tlbot/code/ros2_ws/install/turtlesim/lib/python3.12/site-packages/turtlesim/srv/_teleport_relative.py
[1.594s] -- Up-to-date: /home/tlbot/code/ros2_ws/install/turtlesim/lib/python3.12/site-packages/turtlesim/srv/_spawn.py
[1.594s] -- Up-to-date: /home/tlbot/code/ros2_ws/install/turtlesim/lib/python3.12/site-packages/turtlesim/srv/_teleport_absolute.py
[1.594s] -- Up-to-date: /home/tlbot/code/ros2_ws/install/turtlesim/lib/python3.12/site-packages/turtlesim/srv/__init__.py
[1.594s] -- Up-to-date: /home/tlbot/code/ros2_ws/install/turtlesim/lib/python3.12/site-packages/turtlesim/_turtlesim_s.ep.rosidl_typesupport_fastrtps_c.c
[1.594s] -- Up-to-date: /home/tlbot/code/ros2_ws/install/turtlesim/lib/python3.12/site-packages/turtlesim/turtlesim_s__rosidl_typesupport_introspection_c.so
[1.595s] -- Up-to-date: /home/tlbot/code/ros2_ws/install/turtlesim/lib/python3.12/site-packages/turtlesim/turtlesim_s__rosidl_typesupport_fastrtps_c.so
[1.595s] -- Up-to-date: /home/tlbot/code/ros2_ws/install/turtlesim/lib/python3.12/site-packages/turtlesim/turtlesim_s__rosidl_typesupport_c.so
[1.595s] -- Up-to-date: /home/tlbot/code/ros2_ws/install/turtlesim/lib/python3.12/site-packages/turtlesim/_turtlesim_s.ep.rosidl_typesupport_c.c
[1.595s] -- Up-to-date: /home/tlbot/code/ros2_ws/install/turtlesim/lib/python3.12/site-packages/turtlesim/action
[1.595s] -- Up-to-date: /home/tlbot/code/ros2_ws/install/turtlesim/lib/python3.12/site-packages/turtlesim/action/_rotate_absolute.py
[1.595s] -- Up-to-date: /home/tlbot/code/ros2_ws/install/turtlesim/lib/python3.12/site-packages/turtlesim/action/_rotate_absolute_s.c
[1.595s] -- Up-to-date: /home/tlbot/code/ros2_ws/install/turtlesim/lib/python3.12/site-packages/turtlesim/action/__init__.py
[1.596s] -- Up-to-date: /home/tlbot/code/ros2_ws/install/turtlesim/lib/python3.12/site-packages/turtlesim/msg
[1.596s] -- Up-to-date: /home/tlbot/code/ros2_ws/install/turtlesim/lib/python3.12/site-packages/turtlesim/msg/_pose_s.c
[1.596s] -- Up-to-date: /home/tlbot/code/ros2_ws/install/turtlesim/lib/python3.12/site-packages/turtlesim/msg/_pose.py
[1.596s] -- Up-to-date: /home/tlbot/code/ros2_ws/install/turtlesim/lib/python3.12/site-packages/turtlesim/msg/_color.py
[1.596s] -- Up-to-date: /home/tlbot/code/ros2_ws/install/turtlesim/lib/python3.12/site-packages/turtlesim/msg/_color_s.c
[1.597s] -- Up-to-date: /home/tlbot/code/ros2_ws/install/turtlesim/lib/python3.12/site-packages/turtlesim/msg/__init__.py
[1.597s] -- Up-to-date: /home/tlbot/code/ros2_ws/install/turtlesim/lib/python3.12/site-packages/turtlesim/_turtlesim_s.ep.rosidl_typesupport_introspection_c.c
[1.597s] -- Up-to-date: /home/tlbot/code/ros2_ws/install/turtlesim/lib/python3.12/site-packages/turtlesim/__init__.py
[1.662s] Listing '/home/tlbot/code/ros2_ws/install/turtlesim/lib/python3.12/site-packages/turtlesim'...
[1.663s] Listing '/home/tlbot/code/ros2_ws/install/turtlesim/lib/python3.12/site-packages/turtlesim/action'...
[1.663s] Listing '/home/tlbot/code/ros2_ws/install/turtlesim/lib/python3.12/site-packages/turtlesim/msg'...
[1.663s] Listing '/home/tlbot/code/ros2_ws/install/turtlesim/lib/python3.12/site-packages/turtlesim/srv'...
[1.675s] -- Up-to-date: /home/tlbot/code/ros2_ws/install/turtlesim/lib/python3.12/site-packages/turtlesim/turtlesim_s__rosidl_typesupport_fastrtps_c.so
[1.676s] -- Up-to-date: /home/tlbot/code/ros2_ws/install/turtlesim/lib/python3.12/site-packages/turtlesim/turtlesim_s__rosidl_typesupport_introspection_c.so
[1.677s] -- Up-to-date: /home/tlbot/code/ros2_ws/install/turtlesim/lib/python3.12/site-packages/turtlesim/turtlesim_s__rosidl_typesupport_c.so
[1.678s] -- Up-to-date: /home/tlbot/code/ros2_ws/install/turtlesim/lib/libturtlesim__rosidl_generator_py.so
[1.679s] -- Up-to-date: /home/tlbot/code/ros2_ws/install/turtlesim/share/turtlesim/action/RotateAbsolute.idl
[1.679s] -- Up-to-date: /home/tlbot/code/ros2_ws/install/turtlesim/share/turtlesim/msg/Color.idl
[1.679s] -- Up-to-date: /home/tlbot/code/ros2_ws/install/turtlesim/share/turtlesim/msg/Pose.idl
[1.680s] -- Up-to-date: /home/tlbot/code/ros2_ws/install/turtlesim/share/turtlesim/srv/Kill.idl
[1.680s] -- Up-to-date: /home/tlbot/code/ros2_ws/install/turtlesim/share/turtlesim/srv/SetPen.idl
[1.680s] -- Up-to-date: /home/tlbot/code/ros2_ws/install/turtlesim/share/turtlesim/srv/Spawn.idl
[1.680s] -- Up-to-date: /home/tlbot/code/ros2_ws/install/turtlesim/share/turtlesim/srv/TeleportAbsolute.idl
[1.680s] -- Up-to-date: /home/tlbot/code/ros2_ws/install/turtlesim/share/turtlesim/srv/TeleportRelative.idl
[1.680s] -- Up-to-date: /home/tlbot/code/ros2_ws/install/turtlesim/share/turtlesim/action/RotateAbsolute.action
[1.681s] -- Up-to-date: /home/tlbot/code/ros2_ws/install/turtlesim/share/turtlesim/msg/Color.msg
[1.681s] -- Up-to-date: /home/tlbot/code/ros2_ws/install/turtlesim/share/turtlesim/msg/Pose.msg
[1.681s] -- Up-to-date: /home/tlbot/code/ros2_ws/install/turtlesim/share/turtlesim/srv/Kill.srv
[1.681s] -- Up-to-date: /home/tlbot/code/ros2_ws/install/turtlesim/share/turtlesim/srv/SetPen.srv
[1.681s] -- Up-to-date: /home/tlbot/code/ros2_ws/install/turtlesim/share/turtlesim/srv/Spawn.srv
[1.682s] -- Up-to-date: /home/tlbot/code/ros2_ws/install/turtlesim/share/turtlesim/srv/TeleportAbsolute.srv
[1.682s] -- Up-to-date: /home/tlbot/code/ros2_ws/install/turtlesim/share/turtlesim/srv/TeleportRelative.srv
[1.682s] -- Up-to-date: /home/tlbot/code/ros2_ws/install/turtlesim/lib/turtlesim/turtlesim_node
[1.682s] -- Up-to-date: /home/tlbot/code/ros2_ws/install/turtlesim/lib/turtlesim/turtle_teleop_key
[1.684s] -- Up-to-date: /home/tlbot/code/ros2_ws/install/turtlesim/lib/turtlesim/draw_square
[1.685s] -- Up-to-date: /home/tlbot/code/ros2_ws/install/turtlesim/lib/turtlesim/mimic
[1.685s] -- Up-to-date: /home/tlbot/code/ros2_ws/install/turtlesim/share/turtlesim/images
[1.686s] -- Up-to-date: /home/tlbot/code/ros2_ws/install/turtlesim/share/turtlesim/images/dashing.png
[1.686s] -- Up-to-date: /home/tlbot/code/ros2_ws/install/turtlesim/share/turtlesim/images/foxy.png
[1.687s] -- Up-to-date: /home/tlbot/code/ros2_ws/install/turtlesim/share/turtlesim/images/iron.png
[1.687s] -- Up-to-date: /home/tlbot/code/ros2_ws/install/turtlesim/share/turtlesim/images/ardent.png
[1.687s] -- Up-to-date: /home/tlbot/code/ros2_ws/install/turtlesim/share/turtlesim/images/rolling.png
[1.688s] -- Up-to-date: /home/tlbot/code/ros2_ws/install/turtlesim/share/turtlesim/images/humble.png
[1.688s] -- Up-to-date: /home/tlbot/code/ros2_ws/install/turtlesim/share/turtlesim/images/galactic.png
[1.688s] -- Up-to-date: /home/tlbot/code/ros2_ws/install/turtlesim/share/turtlesim/images/jazzy.png
[1.689s] -- Up-to-date: /home/tlbot/code/ros2_ws/install/turtlesim/share/turtlesim/images/crystal.png
[1.689s] -- Up-to-date: /home/tlbot/code/ros2_ws/install/turtlesim/share/turtlesim/images/bouncy.png
[1.689s] -- Up-to-date: /home/tlbot/code/ros2_ws/install/turtlesim/share/turtlesim/images/eloquent.png
[1.690s] -- Up-to-date: /home/tlbot/code/ros2_ws/install/turtlesim/share/turtlesim/launch
[1.690s] -- Up-to-date: /home/tlbot/code/ros2_ws/install/turtlesim/share/turtlesim/launch/multisim.launch.py
[1.690s] -- Up-to-date: /home/tlbot/code/ros2_ws/install/turtlesim/share/ament_index/resource_index/package_run_dependencies/turtlesim
[1.690s] -- Up-to-date: /home/tlbot/code/ros2_ws/install/turtlesim/share/ament_index/resource_index/parent_prefix_path/turtlesim
[1.691s] -- Up-to-date: /home/tlbot/code/ros2_ws/install/turtlesim/share/turtlesim/environment/ament_prefix_path.sh
[1.691s] -- Up-to-date: /home/tlbot/code/ros2_ws/install/turtlesim/share/turtlesim/environment/ament_prefix_path.dsv
[1.691s] -- Up-to-date: /home/tlbot/code/ros2_ws/install/turtlesim/share/turtlesim/environment/path.sh
[1.691s] -- Up-to-date: /home/tlbot/code/ros2_ws/install/turtlesim/share/turtlesim/environment/path.dsv
[1.691s] -- Up-to-date: /home/tlbot/code/ros2_ws/install/turtlesim/share/turtlesim/local_setup.bash
[1.692s] -- Up-to-date: /home/tlbot/code/ros2_ws/install/turtlesim/share/turtlesim/local_setup.sh
[1.692s] -- Up-to-date: /home/tlbot/code/ros2_ws/install/turtlesim/share/turtlesim/local_setup.zsh
[1.692s] -- Up-to-date: /home/tlbot/code/ros2_ws/install/turtlesim/share/turtlesim/local_setup.dsv
[1.692s] -- Installing: /home/tlbot/code/ros2_ws/install/turtlesim/share/turtlesim/package.dsv
[1.692s] -- Up-to-date: /home/tlbot/code/ros2_ws/install/turtlesim/share/ament_index/resource_index/packages/turtlesim
[1.692s] -- Up-to-date: /home/tlbot/code/ros2_ws/install/turtlesim/share/turtlesim/cmake/export_turtlesim__rosidl_generator_cExport.cmake
[1.693s] -- Up-to-date: /home/tlbot/code/ros2_ws/install/turtlesim/share/turtlesim/cmake/export_turtlesim__rosidl_generator_cExport-noconfig.cmake
[1.693s] -- Up-to-date: /home/tlbot/code/ros2_ws/install/turtlesim/share/turtlesim/cmake/export_turtlesim__rosidl_typesupport_fastrtps_cExport.cmake
[1.693s] -- Up-to-date: /home/tlbot/code/ros2_ws/install/turtlesim/share/turtlesim/cmake/export_turtlesim__rosidl_typesupport_fastrtps_cExport-noconfig.cmake
[1.693s] -- Up-to-date: /home/tlbot/code/ros2_ws/install/turtlesim/share/turtlesim/cmake/export_turtlesim__rosidl_generator_cppExport.cmake
[1.693s] -- Up-to-date: /home/tlbot/code/ros2_ws/install/turtlesim/share/turtlesim/cmake/export_turtlesim__rosidl_typesupport_fastrtps_cppExport.cmake
[1.694s] -- Up-to-date: /home/tlbot/code/ros2_ws/install/turtlesim/share/turtlesim/cmake/export_turtlesim__rosidl_typesupport_fastrtps_cppExport-noconfig.cmake
[1.694s] -- Up-to-date: /home/tlbot/code/ros2_ws/install/turtlesim/share/turtlesim/cmake/turtlesim__rosidl_typesupport_introspection_cExport.cmake
[1.694s] -- Up-to-date: /home/tlbot/code/ros2_ws/install/turtlesim/share/turtlesim/cmake/turtlesim__rosidl_typesupport_introspection_cExport-noconfig.cmake
[1.694s] -- Up-to-date: /home/tlbot/code/ros2_ws/install/turtlesim/share/turtlesim/cmake/turtlesim__rosidl_typesupport_cExport.cmake
[1.694s] -- Up-to-date: /home/tlbot/code/ros2_ws/install/turtlesim/share/turtlesim/cmake/turtlesim__rosidl_typesupport_cExport-noconfig.cmake
[1.694s] -- Up-to-date: /home/tlbot/code/ros2_ws/install/turtlesim/share/turtlesim/cmake/turtlesim__rosidl_typesupport_introspection_cppExport.cmake
[1.695s] -- Up-to-date: /home/tlbot/code/ros2_ws/install/turtlesim/share/turtlesim/cmake/turtlesim__rosidl_typesupport_introspection_cppExport-noconfig.cmake
[1.695s] -- Up-to-date: /home/tlbot/code/ros2_ws/install/turtlesim/share/turtlesim/cmake/turtlesim__rosidl_typesupport_cppExport.cmake
[1.696s] -- Up-to-date: /home/tlbot/code/ros2_ws/install/turtlesim/share/turtlesim/cmake/turtlesim__rosidl_typesupport_cppExport-noconfig.cmake
[1.696s] -- Up-to-date: /home/tlbot/code/ros2_ws/install/turtlesim/share/turtlesim/cmake/export_turtlesim__rosidl_generator_pyExport.cmake
[1.696s] -- Up-to-date: /home/tlbot/code/ros2_ws/install/turtlesim/share/turtlesim/cmake/export_turtlesim__rosidl_generator_pyExport-noconfig.cmake
[1.696s] -- Up-to-date: /home/tlbot/code/ros2_ws/install/turtlesim/share/turtlesim/cmake/rosidl_cmake-extras.cmake
[1.697s] -- Up-to-date: /home/tlbot/code/ros2_ws/install/turtlesim/share/turtlesim/cmake/ament_cmake_export_dependencies-extras.cmake
[1.697s] -- Up-to-date: /home/tlbot/code/ros2_ws/install/turtlesim/share/turtlesim/cmake/ament_cmake_export_include_directories-extras.cmake
[1.697s] -- Up-to-date: /home/tlbot/code/ros2_ws/install/turtlesim/share/turtlesim/cmake/ament_cmake_export_libraries-extras.cmake
[1.697s] -- Up-to-date: /home/tlbot/code/ros2_ws/install/turtlesim/share/turtlesim/cmake/ament_cmake_export_targets-extras.cmake
[1.698s] -- Up-to-date: /home/tlbot/code/ros2_ws/install/turtlesim/share/turtlesim/cmake/rosidl_cmake_export_typesupport_targets-extras.cmake
[1.698s] -- Up-to-date: /home/tlbot/code/ros2_ws/install/turtlesim/share/turtlesim/cmake/rosidl_cmake_export_typesupport_libraries-extras.cmake
[1.698s] -- Up-to-date: /home/tlbot/code/ros2_ws/install/turtlesim/share/turtlesim/cmake/turtlesimConfig.cmake
[1.698s] -- Up-to-date: /home/tlbot/code/ros2_ws/install/turtlesim/share/turtlesim/cmake/turtlesimConfig-version.cmake
[1.699s] -- Up-to-date: /home/tlbot/code/ros2_ws/install/turtlesim/share/turtlesim/package.xml
[1.702s] Invoked command in '/home/tlbot/code/ros2_ws/build/turtlesim' returned '0': CMAKE_PREFIX_PATH=${CMAKE_PREFIX_PATH}:/opt/ros/jazzy PS1=(gac-robotics)\[\e]0;\u@\h: \w\a\]${debian_chroot:+($debian_chroot)}\[\033[01;32m\]\u@\h\[\033[00m\]:\[\033[01;34m\]\w\[\033[00m\]\$ /usr/bin/cmake --install /home/tlbot/code/ros2_ws/build/turtlesim
