[0.028s] Invoking command in '/home/tlbot/code/ros2_ws/build/turtlesim': CMAKE_PREFIX_PATH=${CMAKE_PREFIX_PATH}:/opt/ros/jazzy PS1=(gac-robotics)\[\e]0;\u@\h: \w\a\]${debian_chroot:+($debian_chroot)}\[\033[01;32m\]\u@\h\[\033[00m\]:\[\033[01;34m\]\w\[\033[00m\]\$ /usr/bin/cmake --build /home/tlbot/code/ros2_ws/build/turtlesim -- -j16 -l16
[0.132s] [  0%] Built target turtlesim__rosidl_generator_type_description
[0.156s] [  0%] Built target ament_cmake_python_copy_turtlesim
[0.175s] [  1%] Built target turtlesim__cpp
[0.188s] [ 24%] Built target turtlesim__rosidl_generator_c
[0.245s] [ 33%] Built target turtlesim__rosidl_typesupport_c
[0.249s] [ 42%] Built target turtlesim__rosidl_typesupport_introspection_c
[0.250s] [ 51%] Built target turtlesim__rosidl_typesupport_cpp
[0.253s] [ 66%] Built target turtlesim__rosidl_typesupport_introspection_cpp
[0.253s] [ 67%] Built target turtlesim__rosidl_typesupport_fastrtps_c
[0.258s] [ 76%] Built target turtlesim__rosidl_typesupport_fastrtps_cpp
[0.302s] [ 76%] Built target turtlesim
[0.322s] [ 78%] Built target mimic
[0.324s] [ 80%] Built target turtle_teleop_key
[0.326s] [ 81%] Built target draw_square
[0.346s] [ 86%] Built target turtlesim_node
[0.347s] [ 86%] Built target turtlesim__py
[0.404s] [ 94%] Built target turtlesim__rosidl_generator_py
[0.451s] [ 98%] Built target turtlesim_s__rosidl_typesupport_c
[0.451s] [ 99%] Built target turtlesim_s__rosidl_typesupport_introspection_c
[0.451s] [100%] Built target turtlesim_s__rosidl_typesupport_fastrtps_c
[0.682s] running egg_info
[0.727s] writing turtlesim.egg-info/PKG-INFO
[0.727s] writing dependency_links to turtlesim.egg-info/dependency_links.txt
[0.728s] writing top-level names to turtlesim.egg-info/top_level.txt
[0.853s] reading manifest file 'turtlesim.egg-info/SOURCES.txt'
[0.854s] writing manifest file 'turtlesim.egg-info/SOURCES.txt'
[0.910s] [100%] Built target ament_cmake_python_build_turtlesim_egg
[0.936s] Invoked command in '/home/tlbot/code/ros2_ws/build/turtlesim' returned '0': CMAKE_PREFIX_PATH=${CMAKE_PREFIX_PATH}:/opt/ros/jazzy PS1=(gac-robotics)\[\e]0;\u@\h: \w\a\]${debian_chroot:+($debian_chroot)}\[\033[01;32m\]\u@\h\[\033[00m\]:\[\033[01;34m\]\w\[\033[00m\]\$ /usr/bin/cmake --build /home/tlbot/code/ros2_ws/build/turtlesim -- -j16 -l16
[1.345s] Invoking command in '/home/tlbot/code/ros2_ws/build/turtlesim': CMAKE_PREFIX_PATH=${CMAKE_PREFIX_PATH}:/opt/ros/jazzy PS1=(gac-robotics)\[\e]0;\u@\h: \w\a\]${debian_chroot:+($debian_chroot)}\[\033[01;32m\]\u@\h\[\033[00m\]:\[\033[01;34m\]\w\[\033[00m\]\$ /usr/bin/cmake --install /home/tlbot/code/ros2_ws/build/turtlesim
[1.361s] -- Install configuration: ""
[1.362s] -- Up-to-date: /home/tlbot/code/ros2_ws/install/turtlesim/share/ament_index/resource_index/rosidl_interfaces/turtlesim
[1.362s] -- Up-to-date: /home/tlbot/code/ros2_ws/install/turtlesim/share/turtlesim/action/RotateAbsolute.json
[1.362s] -- Up-to-date: /home/tlbot/code/ros2_ws/install/turtlesim/share/turtlesim/msg/Color.json
[1.363s] -- Up-to-date: /home/tlbot/code/ros2_ws/install/turtlesim/share/turtlesim/msg/Pose.json
[1.363s] -- Up-to-date: /home/tlbot/code/ros2_ws/install/turtlesim/share/turtlesim/srv/Kill.json
[1.363s] -- Up-to-date: /home/tlbot/code/ros2_ws/install/turtlesim/share/turtlesim/srv/SetPen.json
[1.364s] -- Up-to-date: /home/tlbot/code/ros2_ws/install/turtlesim/share/turtlesim/srv/Spawn.json
[1.364s] -- Up-to-date: /home/tlbot/code/ros2_ws/install/turtlesim/share/turtlesim/srv/TeleportAbsolute.json
[1.364s] -- Up-to-date: /home/tlbot/code/ros2_ws/install/turtlesim/share/turtlesim/srv/TeleportRelative.json
[1.365s] -- Up-to-date: /home/tlbot/code/ros2_ws/install/turtlesim/include/turtlesim/turtlesim
[1.365s] -- Up-to-date: /home/tlbot/code/ros2_ws/install/turtlesim/include/turtlesim/turtlesim/srv
[1.366s] -- Up-to-date: /home/tlbot/code/ros2_ws/install/turtlesim/include/turtlesim/turtlesim/srv/detail
[1.366s] -- Installing: /home/tlbot/code/ros2_ws/install/turtlesim/include/turtlesim/turtlesim/srv/detail/kill__type_support.c
[1.366s] -- Up-to-date: /home/tlbot/code/ros2_ws/install/turtlesim/include/turtlesim/turtlesim/srv/detail/set_pen__description.c
[1.367s] -- Up-to-date: /home/tlbot/code/ros2_ws/install/turtlesim/include/turtlesim/turtlesim/srv/detail/set_pen__struct.h
[1.367s] -- Up-to-date: /home/tlbot/code/ros2_ws/install/turtlesim/include/turtlesim/turtlesim/srv/detail/spawn__type_support.h
[1.368s] -- Installing: /home/tlbot/code/ros2_ws/install/turtlesim/include/turtlesim/turtlesim/srv/detail/spawn__type_support.c
[1.368s] -- Installing: /home/tlbot/code/ros2_ws/install/turtlesim/include/turtlesim/turtlesim/srv/detail/teleport_relative__type_support.c
[1.369s] -- Up-to-date: /home/tlbot/code/ros2_ws/install/turtlesim/include/turtlesim/turtlesim/srv/detail/set_pen__type_support.h
[1.369s] -- Up-to-date: /home/tlbot/code/ros2_ws/install/turtlesim/include/turtlesim/turtlesim/srv/detail/teleport_relative__description.c
[1.370s] -- Up-to-date: /home/tlbot/code/ros2_ws/install/turtlesim/include/turtlesim/turtlesim/srv/detail/kill__struct.h
[1.370s] -- Up-to-date: /home/tlbot/code/ros2_ws/install/turtlesim/include/turtlesim/turtlesim/srv/detail/teleport_absolute__description.c
[1.371s] -- Up-to-date: /home/tlbot/code/ros2_ws/install/turtlesim/include/turtlesim/turtlesim/srv/detail/kill__description.c
[1.371s] -- Up-to-date: /home/tlbot/code/ros2_ws/install/turtlesim/include/turtlesim/turtlesim/srv/detail/spawn__description.c
[1.371s] -- Up-to-date: /home/tlbot/code/ros2_ws/install/turtlesim/include/turtlesim/turtlesim/srv/detail/teleport_absolute__functions.h
[1.372s] -- Up-to-date: /home/tlbot/code/ros2_ws/install/turtlesim/include/turtlesim/turtlesim/srv/detail/spawn__functions.c
[1.372s] -- Up-to-date: /home/tlbot/code/ros2_ws/install/turtlesim/include/turtlesim/turtlesim/srv/detail/kill__type_support.h
[1.372s] -- Up-to-date: /home/tlbot/code/ros2_ws/install/turtlesim/include/turtlesim/turtlesim/srv/detail/teleport_absolute__functions.c
[1.372s] -- Up-to-date: /home/tlbot/code/ros2_ws/install/turtlesim/include/turtlesim/turtlesim/srv/detail/spawn__functions.h
[1.373s] -- Up-to-date: /home/tlbot/code/ros2_ws/install/turtlesim/include/turtlesim/turtlesim/srv/detail/teleport_absolute__struct.h
[1.373s] -- Up-to-date: /home/tlbot/code/ros2_ws/install/turtlesim/include/turtlesim/turtlesim/srv/detail/teleport_relative__functions.h
[1.373s] -- Up-to-date: /home/tlbot/code/ros2_ws/install/turtlesim/include/turtlesim/turtlesim/srv/detail/teleport_relative__functions.c
[1.373s] -- Up-to-date: /home/tlbot/code/ros2_ws/install/turtlesim/include/turtlesim/turtlesim/srv/detail/set_pen__functions.h
[1.373s] -- Up-to-date: /home/tlbot/code/ros2_ws/install/turtlesim/include/turtlesim/turtlesim/srv/detail/spawn__struct.h
[1.374s] -- Installing: /home/tlbot/code/ros2_ws/install/turtlesim/include/turtlesim/turtlesim/srv/detail/set_pen__type_support.c
[1.374s] -- Up-to-date: /home/tlbot/code/ros2_ws/install/turtlesim/include/turtlesim/turtlesim/srv/detail/kill__functions.h
[1.374s] -- Up-to-date: /home/tlbot/code/ros2_ws/install/turtlesim/include/turtlesim/turtlesim/srv/detail/teleport_relative__type_support.h
[1.374s] -- Up-to-date: /home/tlbot/code/ros2_ws/install/turtlesim/include/turtlesim/turtlesim/srv/detail/set_pen__functions.c
[1.374s] -- Up-to-date: /home/tlbot/code/ros2_ws/install/turtlesim/include/turtlesim/turtlesim/srv/detail/teleport_relative__struct.h
[1.375s] -- Installing: /home/tlbot/code/ros2_ws/install/turtlesim/include/turtlesim/turtlesim/srv/detail/teleport_absolute__type_support.c
[1.375s] -- Up-to-date: /home/tlbot/code/ros2_ws/install/turtlesim/include/turtlesim/turtlesim/srv/detail/kill__functions.c
[1.375s] -- Up-to-date: /home/tlbot/code/ros2_ws/install/turtlesim/include/turtlesim/turtlesim/srv/detail/teleport_absolute__type_support.h
[1.375s] -- Up-to-date: /home/tlbot/code/ros2_ws/install/turtlesim/include/turtlesim/turtlesim/srv/set_pen.h
[1.375s] -- Up-to-date: /home/tlbot/code/ros2_ws/install/turtlesim/include/turtlesim/turtlesim/srv/teleport_absolute.h
[1.375s] -- Up-to-date: /home/tlbot/code/ros2_ws/install/turtlesim/include/turtlesim/turtlesim/srv/kill.h
[1.376s] -- Up-to-date: /home/tlbot/code/ros2_ws/install/turtlesim/include/turtlesim/turtlesim/srv/teleport_relative.h
[1.376s] -- Up-to-date: /home/tlbot/code/ros2_ws/install/turtlesim/include/turtlesim/turtlesim/srv/spawn.h
[1.376s] -- Up-to-date: /home/tlbot/code/ros2_ws/install/turtlesim/include/turtlesim/turtlesim/action
[1.376s] -- Up-to-date: /home/tlbot/code/ros2_ws/install/turtlesim/include/turtlesim/turtlesim/action/rotate_absolute.h
[1.376s] -- Up-to-date: /home/tlbot/code/ros2_ws/install/turtlesim/include/turtlesim/turtlesim/action/detail
[1.377s] -- Up-to-date: /home/tlbot/code/ros2_ws/install/turtlesim/include/turtlesim/turtlesim/action/detail/rotate_absolute__type_support.h
[1.377s] -- Installing: /home/tlbot/code/ros2_ws/install/turtlesim/include/turtlesim/turtlesim/action/detail/rotate_absolute__type_support.c
[1.377s] -- Up-to-date: /home/tlbot/code/ros2_ws/install/turtlesim/include/turtlesim/turtlesim/action/detail/rotate_absolute__functions.h
[1.377s] -- Up-to-date: /home/tlbot/code/ros2_ws/install/turtlesim/include/turtlesim/turtlesim/action/detail/rotate_absolute__description.c
[1.378s] -- Up-to-date: /home/tlbot/code/ros2_ws/install/turtlesim/include/turtlesim/turtlesim/action/detail/rotate_absolute__functions.c
[1.378s] -- Up-to-date: /home/tlbot/code/ros2_ws/install/turtlesim/include/turtlesim/turtlesim/action/detail/rotate_absolute__struct.h
[1.379s] -- Up-to-date: /home/tlbot/code/ros2_ws/install/turtlesim/include/turtlesim/turtlesim/msg
[1.380s] -- Up-to-date: /home/tlbot/code/ros2_ws/install/turtlesim/include/turtlesim/turtlesim/msg/detail
[1.380s] -- Up-to-date: /home/tlbot/code/ros2_ws/install/turtlesim/include/turtlesim/turtlesim/msg/detail/color__type_support.h
[1.381s] -- Up-to-date: /home/tlbot/code/ros2_ws/install/turtlesim/include/turtlesim/turtlesim/msg/detail/pose__functions.c
[1.381s] -- Installing: /home/tlbot/code/ros2_ws/install/turtlesim/include/turtlesim/turtlesim/msg/detail/pose__type_support.c
[1.381s] -- Up-to-date: /home/tlbot/code/ros2_ws/install/turtlesim/include/turtlesim/turtlesim/msg/detail/pose__struct.h
[1.381s] -- Up-to-date: /home/tlbot/code/ros2_ws/install/turtlesim/include/turtlesim/turtlesim/msg/detail/color__struct.h
[1.381s] -- Up-to-date: /home/tlbot/code/ros2_ws/install/turtlesim/include/turtlesim/turtlesim/msg/detail/pose__type_support.h
[1.382s] -- Up-to-date: /home/tlbot/code/ros2_ws/install/turtlesim/include/turtlesim/turtlesim/msg/detail/pose__description.c
[1.382s] -- Installing: /home/tlbot/code/ros2_ws/install/turtlesim/include/turtlesim/turtlesim/msg/detail/color__type_support.c
[1.383s] -- Up-to-date: /home/tlbot/code/ros2_ws/install/turtlesim/include/turtlesim/turtlesim/msg/detail/color__description.c
[1.383s] -- Up-to-date: /home/tlbot/code/ros2_ws/install/turtlesim/include/turtlesim/turtlesim/msg/detail/color__functions.c
[1.383s] -- Up-to-date: /home/tlbot/code/ros2_ws/install/turtlesim/include/turtlesim/turtlesim/msg/detail/color__functions.h
[1.383s] -- Up-to-date: /home/tlbot/code/ros2_ws/install/turtlesim/include/turtlesim/turtlesim/msg/detail/pose__functions.h
[1.383s] -- Up-to-date: /home/tlbot/code/ros2_ws/install/turtlesim/include/turtlesim/turtlesim/msg/pose.h
[1.384s] -- Up-to-date: /home/tlbot/code/ros2_ws/install/turtlesim/include/turtlesim/turtlesim/msg/rosidl_generator_c__visibility_control.h
[1.384s] -- Up-to-date: /home/tlbot/code/ros2_ws/install/turtlesim/include/turtlesim/turtlesim/msg/color.h
[1.384s] -- Up-to-date: /home/tlbot/code/ros2_ws/install/turtlesim/share/turtlesim/environment/library_path.sh
[1.384s] -- Up-to-date: /home/tlbot/code/ros2_ws/install/turtlesim/share/turtlesim/environment/library_path.dsv
[1.384s] -- Up-to-date: /home/tlbot/code/ros2_ws/install/turtlesim/lib/libturtlesim__rosidl_generator_c.so
[1.385s] -- Up-to-date: /home/tlbot/code/ros2_ws/install/turtlesim/include/turtlesim/turtlesim
[1.385s] -- Up-to-date: /home/tlbot/code/ros2_ws/install/turtlesim/include/turtlesim/turtlesim/srv
[1.385s] -- Up-to-date: /home/tlbot/code/ros2_ws/install/turtlesim/include/turtlesim/turtlesim/srv/detail
[1.385s] -- Up-to-date: /home/tlbot/code/ros2_ws/install/turtlesim/include/turtlesim/turtlesim/srv/detail/set_pen__rosidl_typesupport_fastrtps_c.h
[1.386s] -- Up-to-date: /home/tlbot/code/ros2_ws/install/turtlesim/include/turtlesim/turtlesim/srv/detail/spawn__rosidl_typesupport_fastrtps_c.h
[1.387s] -- Up-to-date: /home/tlbot/code/ros2_ws/install/turtlesim/include/turtlesim/turtlesim/srv/detail/kill__rosidl_typesupport_fastrtps_c.h
[1.387s] -- Up-to-date: /home/tlbot/code/ros2_ws/install/turtlesim/include/turtlesim/turtlesim/srv/detail/teleport_absolute__rosidl_typesupport_fastrtps_c.h
[1.387s] -- Up-to-date: /home/tlbot/code/ros2_ws/install/turtlesim/include/turtlesim/turtlesim/srv/detail/teleport_relative__rosidl_typesupport_fastrtps_c.h
[1.388s] -- Up-to-date: /home/tlbot/code/ros2_ws/install/turtlesim/include/turtlesim/turtlesim/action
[1.388s] -- Up-to-date: /home/tlbot/code/ros2_ws/install/turtlesim/include/turtlesim/turtlesim/action/detail
[1.388s] -- Up-to-date: /home/tlbot/code/ros2_ws/install/turtlesim/include/turtlesim/turtlesim/action/detail/rotate_absolute__rosidl_typesupport_fastrtps_c.h
[1.388s] -- Up-to-date: /home/tlbot/code/ros2_ws/install/turtlesim/include/turtlesim/turtlesim/msg
[1.388s] -- Up-to-date: /home/tlbot/code/ros2_ws/install/turtlesim/include/turtlesim/turtlesim/msg/detail
[1.389s] -- Up-to-date: /home/tlbot/code/ros2_ws/install/turtlesim/include/turtlesim/turtlesim/msg/detail/color__rosidl_typesupport_fastrtps_c.h
[1.389s] -- Up-to-date: /home/tlbot/code/ros2_ws/install/turtlesim/include/turtlesim/turtlesim/msg/detail/pose__rosidl_typesupport_fastrtps_c.h
[1.389s] -- Up-to-date: /home/tlbot/code/ros2_ws/install/turtlesim/include/turtlesim/turtlesim/msg/rosidl_typesupport_fastrtps_c__visibility_control.h
[1.389s] -- Up-to-date: /home/tlbot/code/ros2_ws/install/turtlesim/lib/libturtlesim__rosidl_typesupport_fastrtps_c.so
[1.389s] -- Up-to-date: /home/tlbot/code/ros2_ws/install/turtlesim/include/turtlesim/turtlesim
[1.389s] -- Up-to-date: /home/tlbot/code/ros2_ws/install/turtlesim/include/turtlesim/turtlesim/srv
[1.390s] -- Up-to-date: /home/tlbot/code/ros2_ws/install/turtlesim/include/turtlesim/turtlesim/srv/set_pen.hpp
[1.390s] -- Up-to-date: /home/tlbot/code/ros2_ws/install/turtlesim/include/turtlesim/turtlesim/srv/detail
[1.391s] -- Up-to-date: /home/tlbot/code/ros2_ws/install/turtlesim/include/turtlesim/turtlesim/srv/detail/spawn__builder.hpp
[1.391s] -- Up-to-date: /home/tlbot/code/ros2_ws/install/turtlesim/include/turtlesim/turtlesim/srv/detail/teleport_relative__type_support.hpp
[1.393s] -- Up-to-date: /home/tlbot/code/ros2_ws/install/turtlesim/include/turtlesim/turtlesim/srv/detail/set_pen__type_support.hpp
[1.393s] -- Up-to-date: /home/tlbot/code/ros2_ws/install/turtlesim/include/turtlesim/turtlesim/srv/detail/kill__struct.hpp
[1.393s] -- Up-to-date: /home/tlbot/code/ros2_ws/install/turtlesim/include/turtlesim/turtlesim/srv/detail/set_pen__traits.hpp
[1.393s] -- Up-to-date: /home/tlbot/code/ros2_ws/install/turtlesim/include/turtlesim/turtlesim/srv/detail/set_pen__struct.hpp
[1.393s] -- Up-to-date: /home/tlbot/code/ros2_ws/install/turtlesim/include/turtlesim/turtlesim/srv/detail/kill__type_support.hpp
[1.394s] -- Up-to-date: /home/tlbot/code/ros2_ws/install/turtlesim/include/turtlesim/turtlesim/srv/detail/teleport_absolute__builder.hpp
[1.394s] -- Up-to-date: /home/tlbot/code/ros2_ws/install/turtlesim/include/turtlesim/turtlesim/srv/detail/teleport_relative__traits.hpp
[1.394s] -- Up-to-date: /home/tlbot/code/ros2_ws/install/turtlesim/include/turtlesim/turtlesim/srv/detail/kill__traits.hpp
[1.394s] -- Up-to-date: /home/tlbot/code/ros2_ws/install/turtlesim/include/turtlesim/turtlesim/srv/detail/teleport_absolute__traits.hpp
[1.394s] -- Up-to-date: /home/tlbot/code/ros2_ws/install/turtlesim/include/turtlesim/turtlesim/srv/detail/kill__builder.hpp
[1.394s] -- Up-to-date: /home/tlbot/code/ros2_ws/install/turtlesim/include/turtlesim/turtlesim/srv/detail/teleport_absolute__type_support.hpp
[1.394s] -- Up-to-date: /home/tlbot/code/ros2_ws/install/turtlesim/include/turtlesim/turtlesim/srv/detail/spawn__struct.hpp
[1.395s] -- Up-to-date: /home/tlbot/code/ros2_ws/install/turtlesim/include/turtlesim/turtlesim/srv/detail/spawn__traits.hpp
[1.395s] -- Up-to-date: /home/tlbot/code/ros2_ws/install/turtlesim/include/turtlesim/turtlesim/srv/detail/teleport_relative__struct.hpp
[1.395s] -- Up-to-date: /home/tlbot/code/ros2_ws/install/turtlesim/include/turtlesim/turtlesim/srv/detail/teleport_absolute__struct.hpp
[1.395s] -- Up-to-date: /home/tlbot/code/ros2_ws/install/turtlesim/include/turtlesim/turtlesim/srv/detail/set_pen__builder.hpp
[1.395s] -- Up-to-date: /home/tlbot/code/ros2_ws/install/turtlesim/include/turtlesim/turtlesim/srv/detail/teleport_relative__builder.hpp
[1.395s] -- Up-to-date: /home/tlbot/code/ros2_ws/install/turtlesim/include/turtlesim/turtlesim/srv/detail/spawn__type_support.hpp
[1.396s] -- Up-to-date: /home/tlbot/code/ros2_ws/install/turtlesim/include/turtlesim/turtlesim/srv/spawn.hpp
[1.396s] -- Up-to-date: /home/tlbot/code/ros2_ws/install/turtlesim/include/turtlesim/turtlesim/srv/teleport_relative.hpp
[1.396s] -- Up-to-date: /home/tlbot/code/ros2_ws/install/turtlesim/include/turtlesim/turtlesim/srv/kill.hpp
[1.396s] -- Up-to-date: /home/tlbot/code/ros2_ws/install/turtlesim/include/turtlesim/turtlesim/srv/teleport_absolute.hpp
[1.396s] -- Up-to-date: /home/tlbot/code/ros2_ws/install/turtlesim/include/turtlesim/turtlesim/action
[1.396s] -- Up-to-date: /home/tlbot/code/ros2_ws/install/turtlesim/include/turtlesim/turtlesim/action/detail
[1.396s] -- Up-to-date: /home/tlbot/code/ros2_ws/install/turtlesim/include/turtlesim/turtlesim/action/detail/rotate_absolute__builder.hpp
[1.397s] -- Up-to-date: /home/tlbot/code/ros2_ws/install/turtlesim/include/turtlesim/turtlesim/action/detail/rotate_absolute__struct.hpp
[1.397s] -- Up-to-date: /home/tlbot/code/ros2_ws/install/turtlesim/include/turtlesim/turtlesim/action/detail/rotate_absolute__traits.hpp
[1.397s] -- Up-to-date: /home/tlbot/code/ros2_ws/install/turtlesim/include/turtlesim/turtlesim/action/detail/rotate_absolute__type_support.hpp
[1.397s] -- Up-to-date: /home/tlbot/code/ros2_ws/install/turtlesim/include/turtlesim/turtlesim/action/rotate_absolute.hpp
[1.397s] -- Up-to-date: /home/tlbot/code/ros2_ws/install/turtlesim/include/turtlesim/turtlesim/msg
[1.397s] -- Up-to-date: /home/tlbot/code/ros2_ws/install/turtlesim/include/turtlesim/turtlesim/msg/detail
[1.397s] -- Up-to-date: /home/tlbot/code/ros2_ws/install/turtlesim/include/turtlesim/turtlesim/msg/detail/pose__type_support.hpp
[1.398s] -- Up-to-date: /home/tlbot/code/ros2_ws/install/turtlesim/include/turtlesim/turtlesim/msg/detail/pose__traits.hpp
[1.398s] -- Up-to-date: /home/tlbot/code/ros2_ws/install/turtlesim/include/turtlesim/turtlesim/msg/detail/color__builder.hpp
[1.398s] -- Up-to-date: /home/tlbot/code/ros2_ws/install/turtlesim/include/turtlesim/turtlesim/msg/detail/color__traits.hpp
[1.398s] -- Up-to-date: /home/tlbot/code/ros2_ws/install/turtlesim/include/turtlesim/turtlesim/msg/detail/pose__struct.hpp
[1.398s] -- Up-to-date: /home/tlbot/code/ros2_ws/install/turtlesim/include/turtlesim/turtlesim/msg/detail/pose__builder.hpp
[1.398s] -- Up-to-date: /home/tlbot/code/ros2_ws/install/turtlesim/include/turtlesim/turtlesim/msg/detail/color__type_support.hpp
[1.398s] -- Up-to-date: /home/tlbot/code/ros2_ws/install/turtlesim/include/turtlesim/turtlesim/msg/detail/color__struct.hpp
[1.399s] -- Up-to-date: /home/tlbot/code/ros2_ws/install/turtlesim/include/turtlesim/turtlesim/msg/pose.hpp
[1.399s] -- Up-to-date: /home/tlbot/code/ros2_ws/install/turtlesim/include/turtlesim/turtlesim/msg/rosidl_generator_cpp__visibility_control.hpp
[1.399s] -- Up-to-date: /home/tlbot/code/ros2_ws/install/turtlesim/include/turtlesim/turtlesim/msg/color.hpp
[1.399s] -- Up-to-date: /home/tlbot/code/ros2_ws/install/turtlesim/include/turtlesim/turtlesim
[1.400s] -- Up-to-date: /home/tlbot/code/ros2_ws/install/turtlesim/include/turtlesim/turtlesim/srv
[1.400s] -- Up-to-date: /home/tlbot/code/ros2_ws/install/turtlesim/include/turtlesim/turtlesim/srv/detail
[1.400s] -- Up-to-date: /home/tlbot/code/ros2_ws/install/turtlesim/include/turtlesim/turtlesim/srv/detail/dds_fastrtps
[1.400s] -- Up-to-date: /home/tlbot/code/ros2_ws/install/turtlesim/include/turtlesim/turtlesim/srv/detail/set_pen__rosidl_typesupport_fastrtps_cpp.hpp
[1.401s] -- Up-to-date: /home/tlbot/code/ros2_ws/install/turtlesim/include/turtlesim/turtlesim/srv/detail/spawn__rosidl_typesupport_fastrtps_cpp.hpp
[1.401s] -- Up-to-date: /home/tlbot/code/ros2_ws/install/turtlesim/include/turtlesim/turtlesim/srv/detail/teleport_relative__rosidl_typesupport_fastrtps_cpp.hpp
[1.401s] -- Up-to-date: /home/tlbot/code/ros2_ws/install/turtlesim/include/turtlesim/turtlesim/srv/detail/teleport_absolute__rosidl_typesupport_fastrtps_cpp.hpp
[1.401s] -- Up-to-date: /home/tlbot/code/ros2_ws/install/turtlesim/include/turtlesim/turtlesim/srv/detail/kill__rosidl_typesupport_fastrtps_cpp.hpp
[1.401s] -- Up-to-date: /home/tlbot/code/ros2_ws/install/turtlesim/include/turtlesim/turtlesim/action
[1.401s] -- Up-to-date: /home/tlbot/code/ros2_ws/install/turtlesim/include/turtlesim/turtlesim/action/detail
[1.402s] -- Up-to-date: /home/tlbot/code/ros2_ws/install/turtlesim/include/turtlesim/turtlesim/action/detail/dds_fastrtps
[1.402s] -- Up-to-date: /home/tlbot/code/ros2_ws/install/turtlesim/include/turtlesim/turtlesim/action/detail/rotate_absolute__rosidl_typesupport_fastrtps_cpp.hpp
[1.402s] -- Up-to-date: /home/tlbot/code/ros2_ws/install/turtlesim/include/turtlesim/turtlesim/msg
[1.402s] -- Up-to-date: /home/tlbot/code/ros2_ws/install/turtlesim/include/turtlesim/turtlesim/msg/detail
[1.402s] -- Up-to-date: /home/tlbot/code/ros2_ws/install/turtlesim/include/turtlesim/turtlesim/msg/detail/dds_fastrtps
[1.402s] -- Up-to-date: /home/tlbot/code/ros2_ws/install/turtlesim/include/turtlesim/turtlesim/msg/detail/color__rosidl_typesupport_fastrtps_cpp.hpp
[1.403s] -- Up-to-date: /home/tlbot/code/ros2_ws/install/turtlesim/include/turtlesim/turtlesim/msg/detail/pose__rosidl_typesupport_fastrtps_cpp.hpp
[1.403s] -- Up-to-date: /home/tlbot/code/ros2_ws/install/turtlesim/include/turtlesim/turtlesim/msg/rosidl_typesupport_fastrtps_cpp__visibility_control.h
[1.403s] -- Up-to-date: /home/tlbot/code/ros2_ws/install/turtlesim/lib/libturtlesim__rosidl_typesupport_fastrtps_cpp.so
[1.403s] -- Up-to-date: /home/tlbot/code/ros2_ws/install/turtlesim/include/turtlesim/turtlesim
[1.403s] -- Up-to-date: /home/tlbot/code/ros2_ws/install/turtlesim/include/turtlesim/turtlesim/srv
[1.404s] -- Up-to-date: /home/tlbot/code/ros2_ws/install/turtlesim/include/turtlesim/turtlesim/srv/detail
[1.404s] -- Installing: /home/tlbot/code/ros2_ws/install/turtlesim/include/turtlesim/turtlesim/srv/detail/kill__type_support.c
[1.404s] -- Installing: /home/tlbot/code/ros2_ws/install/turtlesim/include/turtlesim/turtlesim/srv/detail/spawn__type_support.c
[1.404s] -- Installing: /home/tlbot/code/ros2_ws/install/turtlesim/include/turtlesim/turtlesim/srv/detail/teleport_relative__type_support.c
[1.404s] -- Up-to-date: /home/tlbot/code/ros2_ws/install/turtlesim/include/turtlesim/turtlesim/srv/detail/spawn__rosidl_typesupport_introspection_c.h
[1.405s] -- Up-to-date: /home/tlbot/code/ros2_ws/install/turtlesim/include/turtlesim/turtlesim/srv/detail/kill__rosidl_typesupport_introspection_c.h
[1.405s] -- Up-to-date: /home/tlbot/code/ros2_ws/install/turtlesim/include/turtlesim/turtlesim/srv/detail/teleport_relative__rosidl_typesupport_introspection_c.h
[1.405s] -- Up-to-date: /home/tlbot/code/ros2_ws/install/turtlesim/include/turtlesim/turtlesim/srv/detail/teleport_absolute__rosidl_typesupport_introspection_c.h
[1.405s] -- Installing: /home/tlbot/code/ros2_ws/install/turtlesim/include/turtlesim/turtlesim/srv/detail/set_pen__type_support.c
[1.405s] -- Up-to-date: /home/tlbot/code/ros2_ws/install/turtlesim/include/turtlesim/turtlesim/srv/detail/set_pen__rosidl_typesupport_introspection_c.h
[1.405s] -- Installing: /home/tlbot/code/ros2_ws/install/turtlesim/include/turtlesim/turtlesim/srv/detail/teleport_absolute__type_support.c
[1.406s] -- Up-to-date: /home/tlbot/code/ros2_ws/install/turtlesim/include/turtlesim/turtlesim/action
[1.406s] -- Up-to-date: /home/tlbot/code/ros2_ws/install/turtlesim/include/turtlesim/turtlesim/action/detail
[1.406s] -- Up-to-date: /home/tlbot/code/ros2_ws/install/turtlesim/include/turtlesim/turtlesim/action/detail/rotate_absolute__rosidl_typesupport_introspection_c.h
[1.406s] -- Installing: /home/tlbot/code/ros2_ws/install/turtlesim/include/turtlesim/turtlesim/action/detail/rotate_absolute__type_support.c
[1.406s] -- Up-to-date: /home/tlbot/code/ros2_ws/install/turtlesim/include/turtlesim/turtlesim/msg
[1.406s] -- Up-to-date: /home/tlbot/code/ros2_ws/install/turtlesim/include/turtlesim/turtlesim/msg/detail
[1.407s] -- Installing: /home/tlbot/code/ros2_ws/install/turtlesim/include/turtlesim/turtlesim/msg/detail/pose__type_support.c
[1.407s] -- Up-to-date: /home/tlbot/code/ros2_ws/install/turtlesim/include/turtlesim/turtlesim/msg/detail/color__rosidl_typesupport_introspection_c.h
[1.407s] -- Installing: /home/tlbot/code/ros2_ws/install/turtlesim/include/turtlesim/turtlesim/msg/detail/color__type_support.c
[1.407s] -- Up-to-date: /home/tlbot/code/ros2_ws/install/turtlesim/include/turtlesim/turtlesim/msg/detail/pose__rosidl_typesupport_introspection_c.h
[1.407s] -- Up-to-date: /home/tlbot/code/ros2_ws/install/turtlesim/include/turtlesim/turtlesim/msg/rosidl_typesupport_introspection_c__visibility_control.h
[1.408s] -- Up-to-date: /home/tlbot/code/ros2_ws/install/turtlesim/lib/libturtlesim__rosidl_typesupport_introspection_c.so
[1.408s] -- Up-to-date: /home/tlbot/code/ros2_ws/install/turtlesim/lib/libturtlesim__rosidl_typesupport_c.so
[1.408s] -- Up-to-date: /home/tlbot/code/ros2_ws/install/turtlesim/include/turtlesim/turtlesim
[1.408s] -- Up-to-date: /home/tlbot/code/ros2_ws/install/turtlesim/include/turtlesim/turtlesim/srv
[1.408s] -- Up-to-date: /home/tlbot/code/ros2_ws/install/turtlesim/include/turtlesim/turtlesim/srv/detail
[1.408s] -- Up-to-date: /home/tlbot/code/ros2_ws/install/turtlesim/include/turtlesim/turtlesim/srv/detail/kill__rosidl_typesupport_introspection_cpp.hpp
[1.409s] -- Up-to-date: /home/tlbot/code/ros2_ws/install/turtlesim/include/turtlesim/turtlesim/srv/detail/teleport_relative__rosidl_typesupport_introspection_cpp.hpp
[1.409s] -- Up-to-date: /home/tlbot/code/ros2_ws/install/turtlesim/include/turtlesim/turtlesim/srv/detail/teleport_absolute__type_support.cpp
[1.409s] -- Up-to-date: /home/tlbot/code/ros2_ws/install/turtlesim/include/turtlesim/turtlesim/srv/detail/set_pen__type_support.cpp
[1.409s] -- Up-to-date: /home/tlbot/code/ros2_ws/install/turtlesim/include/turtlesim/turtlesim/srv/detail/kill__type_support.cpp
[1.409s] -- Up-to-date: /home/tlbot/code/ros2_ws/install/turtlesim/include/turtlesim/turtlesim/srv/detail/spawn__rosidl_typesupport_introspection_cpp.hpp
[1.409s] -- Up-to-date: /home/tlbot/code/ros2_ws/install/turtlesim/include/turtlesim/turtlesim/srv/detail/teleport_absolute__rosidl_typesupport_introspection_cpp.hpp
[1.410s] -- Up-to-date: /home/tlbot/code/ros2_ws/install/turtlesim/include/turtlesim/turtlesim/srv/detail/spawn__type_support.cpp
[1.410s] -- Up-to-date: /home/tlbot/code/ros2_ws/install/turtlesim/include/turtlesim/turtlesim/srv/detail/teleport_relative__type_support.cpp
[1.410s] -- Up-to-date: /home/tlbot/code/ros2_ws/install/turtlesim/include/turtlesim/turtlesim/srv/detail/set_pen__rosidl_typesupport_introspection_cpp.hpp
[1.410s] -- Up-to-date: /home/tlbot/code/ros2_ws/install/turtlesim/include/turtlesim/turtlesim/action
[1.410s] -- Up-to-date: /home/tlbot/code/ros2_ws/install/turtlesim/include/turtlesim/turtlesim/action/detail
[1.410s] -- Up-to-date: /home/tlbot/code/ros2_ws/install/turtlesim/include/turtlesim/turtlesim/action/detail/rotate_absolute__type_support.cpp
[1.411s] -- Up-to-date: /home/tlbot/code/ros2_ws/install/turtlesim/include/turtlesim/turtlesim/action/detail/rotate_absolute__rosidl_typesupport_introspection_cpp.hpp
[1.411s] -- Up-to-date: /home/tlbot/code/ros2_ws/install/turtlesim/include/turtlesim/turtlesim/msg
[1.411s] -- Up-to-date: /home/tlbot/code/ros2_ws/install/turtlesim/include/turtlesim/turtlesim/msg/detail
[1.411s] -- Up-to-date: /home/tlbot/code/ros2_ws/install/turtlesim/include/turtlesim/turtlesim/msg/detail/color__type_support.cpp
[1.411s] -- Up-to-date: /home/tlbot/code/ros2_ws/install/turtlesim/include/turtlesim/turtlesim/msg/detail/pose__type_support.cpp
[1.411s] -- Up-to-date: /home/tlbot/code/ros2_ws/install/turtlesim/include/turtlesim/turtlesim/msg/detail/color__rosidl_typesupport_introspection_cpp.hpp
[1.411s] -- Up-to-date: /home/tlbot/code/ros2_ws/install/turtlesim/include/turtlesim/turtlesim/msg/detail/pose__rosidl_typesupport_introspection_cpp.hpp
[1.412s] -- Up-to-date: /home/tlbot/code/ros2_ws/install/turtlesim/lib/libturtlesim__rosidl_typesupport_introspection_cpp.so
[1.412s] -- Up-to-date: /home/tlbot/code/ros2_ws/install/turtlesim/lib/libturtlesim__rosidl_typesupport_cpp.so
[1.412s] -- Up-to-date: /home/tlbot/code/ros2_ws/install/turtlesim/share/turtlesim/environment/pythonpath.sh
[1.412s] -- Up-to-date: /home/tlbot/code/ros2_ws/install/turtlesim/share/turtlesim/environment/pythonpath.dsv
[1.412s] -- Up-to-date: /home/tlbot/code/ros2_ws/install/turtlesim/lib/python3.12/site-packages/turtlesim-1.8.3-py3.12.egg-info
[1.413s] -- Installing: /home/tlbot/code/ros2_ws/install/turtlesim/lib/python3.12/site-packages/turtlesim-1.8.3-py3.12.egg-info/SOURCES.txt
[1.413s] -- Installing: /home/tlbot/code/ros2_ws/install/turtlesim/lib/python3.12/site-packages/turtlesim-1.8.3-py3.12.egg-info/PKG-INFO
[1.413s] -- Installing: /home/tlbot/code/ros2_ws/install/turtlesim/lib/python3.12/site-packages/turtlesim-1.8.3-py3.12.egg-info/top_level.txt
[1.413s] -- Installing: /home/tlbot/code/ros2_ws/install/turtlesim/lib/python3.12/site-packages/turtlesim-1.8.3-py3.12.egg-info/dependency_links.txt
[1.414s] -- Up-to-date: /home/tlbot/code/ros2_ws/install/turtlesim/lib/python3.12/site-packages/turtlesim
[1.414s] -- Up-to-date: /home/tlbot/code/ros2_ws/install/turtlesim/lib/python3.12/site-packages/turtlesim/srv
[1.414s] -- Up-to-date: /home/tlbot/code/ros2_ws/install/turtlesim/lib/python3.12/site-packages/turtlesim/srv/_teleport_absolute_s.c
[1.414s] -- Up-to-date: /home/tlbot/code/ros2_ws/install/turtlesim/lib/python3.12/site-packages/turtlesim/srv/_teleport_relative_s.c
[1.414s] -- Up-to-date: /home/tlbot/code/ros2_ws/install/turtlesim/lib/python3.12/site-packages/turtlesim/srv/_kill_s.c
[1.415s] -- Up-to-date: /home/tlbot/code/ros2_ws/install/turtlesim/lib/python3.12/site-packages/turtlesim/srv/_kill.py
[1.415s] -- Up-to-date: /home/tlbot/code/ros2_ws/install/turtlesim/lib/python3.12/site-packages/turtlesim/srv/_set_pen_s.c
[1.415s] -- Up-to-date: /home/tlbot/code/ros2_ws/install/turtlesim/lib/python3.12/site-packages/turtlesim/srv/_set_pen.py
[1.415s] -- Up-to-date: /home/tlbot/code/ros2_ws/install/turtlesim/lib/python3.12/site-packages/turtlesim/srv/_spawn_s.c
[1.415s] -- Up-to-date: /home/tlbot/code/ros2_ws/install/turtlesim/lib/python3.12/site-packages/turtlesim/srv/_teleport_relative.py
[1.415s] -- Up-to-date: /home/tlbot/code/ros2_ws/install/turtlesim/lib/python3.12/site-packages/turtlesim/srv/_spawn.py
[1.415s] -- Up-to-date: /home/tlbot/code/ros2_ws/install/turtlesim/lib/python3.12/site-packages/turtlesim/srv/_teleport_absolute.py
[1.415s] -- Up-to-date: /home/tlbot/code/ros2_ws/install/turtlesim/lib/python3.12/site-packages/turtlesim/srv/__init__.py
[1.416s] -- Up-to-date: /home/tlbot/code/ros2_ws/install/turtlesim/lib/python3.12/site-packages/turtlesim/_turtlesim_s.ep.rosidl_typesupport_fastrtps_c.c
[1.416s] -- Up-to-date: /home/tlbot/code/ros2_ws/install/turtlesim/lib/python3.12/site-packages/turtlesim/turtlesim_s__rosidl_typesupport_introspection_c.so
[1.416s] -- Up-to-date: /home/tlbot/code/ros2_ws/install/turtlesim/lib/python3.12/site-packages/turtlesim/turtlesim_s__rosidl_typesupport_fastrtps_c.so
[1.416s] -- Up-to-date: /home/tlbot/code/ros2_ws/install/turtlesim/lib/python3.12/site-packages/turtlesim/turtlesim_s__rosidl_typesupport_c.so
[1.416s] -- Up-to-date: /home/tlbot/code/ros2_ws/install/turtlesim/lib/python3.12/site-packages/turtlesim/_turtlesim_s.ep.rosidl_typesupport_c.c
[1.416s] -- Up-to-date: /home/tlbot/code/ros2_ws/install/turtlesim/lib/python3.12/site-packages/turtlesim/action
[1.416s] -- Up-to-date: /home/tlbot/code/ros2_ws/install/turtlesim/lib/python3.12/site-packages/turtlesim/action/_rotate_absolute.py
[1.417s] -- Up-to-date: /home/tlbot/code/ros2_ws/install/turtlesim/lib/python3.12/site-packages/turtlesim/action/_rotate_absolute_s.c
[1.417s] -- Up-to-date: /home/tlbot/code/ros2_ws/install/turtlesim/lib/python3.12/site-packages/turtlesim/action/__init__.py
[1.417s] -- Up-to-date: /home/tlbot/code/ros2_ws/install/turtlesim/lib/python3.12/site-packages/turtlesim/msg
[1.417s] -- Up-to-date: /home/tlbot/code/ros2_ws/install/turtlesim/lib/python3.12/site-packages/turtlesim/msg/_pose_s.c
[1.417s] -- Up-to-date: /home/tlbot/code/ros2_ws/install/turtlesim/lib/python3.12/site-packages/turtlesim/msg/_pose.py
[1.418s] -- Up-to-date: /home/tlbot/code/ros2_ws/install/turtlesim/lib/python3.12/site-packages/turtlesim/msg/_color.py
[1.418s] -- Up-to-date: /home/tlbot/code/ros2_ws/install/turtlesim/lib/python3.12/site-packages/turtlesim/msg/_color_s.c
[1.418s] -- Up-to-date: /home/tlbot/code/ros2_ws/install/turtlesim/lib/python3.12/site-packages/turtlesim/msg/__init__.py
[1.418s] -- Up-to-date: /home/tlbot/code/ros2_ws/install/turtlesim/lib/python3.12/site-packages/turtlesim/_turtlesim_s.ep.rosidl_typesupport_introspection_c.c
[1.418s] -- Up-to-date: /home/tlbot/code/ros2_ws/install/turtlesim/lib/python3.12/site-packages/turtlesim/__init__.py
[1.482s] Listing '/home/tlbot/code/ros2_ws/install/turtlesim/lib/python3.12/site-packages/turtlesim'...
[1.483s] Listing '/home/tlbot/code/ros2_ws/install/turtlesim/lib/python3.12/site-packages/turtlesim/action'...
[1.483s] Listing '/home/tlbot/code/ros2_ws/install/turtlesim/lib/python3.12/site-packages/turtlesim/msg'...
[1.483s] Listing '/home/tlbot/code/ros2_ws/install/turtlesim/lib/python3.12/site-packages/turtlesim/srv'...
[1.495s] -- Up-to-date: /home/tlbot/code/ros2_ws/install/turtlesim/lib/python3.12/site-packages/turtlesim/turtlesim_s__rosidl_typesupport_fastrtps_c.so
[1.496s] -- Up-to-date: /home/tlbot/code/ros2_ws/install/turtlesim/lib/python3.12/site-packages/turtlesim/turtlesim_s__rosidl_typesupport_introspection_c.so
[1.496s] -- Up-to-date: /home/tlbot/code/ros2_ws/install/turtlesim/lib/python3.12/site-packages/turtlesim/turtlesim_s__rosidl_typesupport_c.so
[1.497s] -- Up-to-date: /home/tlbot/code/ros2_ws/install/turtlesim/lib/libturtlesim__rosidl_generator_py.so
[1.498s] -- Up-to-date: /home/tlbot/code/ros2_ws/install/turtlesim/share/turtlesim/action/RotateAbsolute.idl
[1.499s] -- Up-to-date: /home/tlbot/code/ros2_ws/install/turtlesim/share/turtlesim/msg/Color.idl
[1.499s] -- Up-to-date: /home/tlbot/code/ros2_ws/install/turtlesim/share/turtlesim/msg/Pose.idl
[1.500s] -- Up-to-date: /home/tlbot/code/ros2_ws/install/turtlesim/share/turtlesim/srv/Kill.idl
[1.500s] -- Up-to-date: /home/tlbot/code/ros2_ws/install/turtlesim/share/turtlesim/srv/SetPen.idl
[1.500s] -- Up-to-date: /home/tlbot/code/ros2_ws/install/turtlesim/share/turtlesim/srv/Spawn.idl
[1.500s] -- Up-to-date: /home/tlbot/code/ros2_ws/install/turtlesim/share/turtlesim/srv/TeleportAbsolute.idl
[1.501s] -- Up-to-date: /home/tlbot/code/ros2_ws/install/turtlesim/share/turtlesim/srv/TeleportRelative.idl
[1.501s] -- Up-to-date: /home/tlbot/code/ros2_ws/install/turtlesim/share/turtlesim/action/RotateAbsolute.action
[1.501s] -- Up-to-date: /home/tlbot/code/ros2_ws/install/turtlesim/share/turtlesim/msg/Color.msg
[1.501s] -- Up-to-date: /home/tlbot/code/ros2_ws/install/turtlesim/share/turtlesim/msg/Pose.msg
[1.502s] -- Up-to-date: /home/tlbot/code/ros2_ws/install/turtlesim/share/turtlesim/srv/Kill.srv
[1.502s] -- Up-to-date: /home/tlbot/code/ros2_ws/install/turtlesim/share/turtlesim/srv/SetPen.srv
[1.503s] -- Up-to-date: /home/tlbot/code/ros2_ws/install/turtlesim/share/turtlesim/srv/Spawn.srv
[1.503s] -- Up-to-date: /home/tlbot/code/ros2_ws/install/turtlesim/share/turtlesim/srv/TeleportAbsolute.srv
[1.503s] -- Up-to-date: /home/tlbot/code/ros2_ws/install/turtlesim/share/turtlesim/srv/TeleportRelative.srv
[1.503s] -- Up-to-date: /home/tlbot/code/ros2_ws/install/turtlesim/lib/turtlesim/turtlesim_node
[1.504s] -- Up-to-date: /home/tlbot/code/ros2_ws/install/turtlesim/lib/turtlesim/turtle_teleop_key
[1.504s] -- Up-to-date: /home/tlbot/code/ros2_ws/install/turtlesim/lib/turtlesim/draw_square
[1.504s] -- Up-to-date: /home/tlbot/code/ros2_ws/install/turtlesim/lib/turtlesim/mimic
[1.505s] -- Up-to-date: /home/tlbot/code/ros2_ws/install/turtlesim/share/turtlesim/images
[1.505s] -- Up-to-date: /home/tlbot/code/ros2_ws/install/turtlesim/share/turtlesim/images/dashing.png
[1.505s] -- Up-to-date: /home/tlbot/code/ros2_ws/install/turtlesim/share/turtlesim/images/foxy.png
[1.506s] -- Up-to-date: /home/tlbot/code/ros2_ws/install/turtlesim/share/turtlesim/images/iron.png
[1.506s] -- Up-to-date: /home/tlbot/code/ros2_ws/install/turtlesim/share/turtlesim/images/ardent.png
[1.506s] -- Up-to-date: /home/tlbot/code/ros2_ws/install/turtlesim/share/turtlesim/images/rolling.png
[1.507s] -- Up-to-date: /home/tlbot/code/ros2_ws/install/turtlesim/share/turtlesim/images/humble.png
[1.507s] -- Up-to-date: /home/tlbot/code/ros2_ws/install/turtlesim/share/turtlesim/images/galactic.png
[1.508s] -- Up-to-date: /home/tlbot/code/ros2_ws/install/turtlesim/share/turtlesim/images/jazzy.png
[1.508s] -- Up-to-date: /home/tlbot/code/ros2_ws/install/turtlesim/share/turtlesim/images/crystal.png
[1.508s] -- Up-to-date: /home/tlbot/code/ros2_ws/install/turtlesim/share/turtlesim/images/bouncy.png
[1.509s] -- Up-to-date: /home/tlbot/code/ros2_ws/install/turtlesim/share/turtlesim/images/eloquent.png
[1.509s] -- Up-to-date: /home/tlbot/code/ros2_ws/install/turtlesim/share/turtlesim/launch
[1.510s] -- Up-to-date: /home/tlbot/code/ros2_ws/install/turtlesim/share/turtlesim/launch/multisim.launch.py
[1.510s] -- Up-to-date: /home/tlbot/code/ros2_ws/install/turtlesim/share/ament_index/resource_index/package_run_dependencies/turtlesim
[1.510s] -- Up-to-date: /home/tlbot/code/ros2_ws/install/turtlesim/share/ament_index/resource_index/parent_prefix_path/turtlesim
[1.511s] -- Up-to-date: /home/tlbot/code/ros2_ws/install/turtlesim/share/turtlesim/environment/ament_prefix_path.sh
[1.511s] -- Up-to-date: /home/tlbot/code/ros2_ws/install/turtlesim/share/turtlesim/environment/ament_prefix_path.dsv
[1.511s] -- Up-to-date: /home/tlbot/code/ros2_ws/install/turtlesim/share/turtlesim/environment/path.sh
[1.511s] -- Up-to-date: /home/tlbot/code/ros2_ws/install/turtlesim/share/turtlesim/environment/path.dsv
[1.512s] -- Up-to-date: /home/tlbot/code/ros2_ws/install/turtlesim/share/turtlesim/local_setup.bash
[1.512s] -- Up-to-date: /home/tlbot/code/ros2_ws/install/turtlesim/share/turtlesim/local_setup.sh
[1.512s] -- Up-to-date: /home/tlbot/code/ros2_ws/install/turtlesim/share/turtlesim/local_setup.zsh
[1.512s] -- Up-to-date: /home/tlbot/code/ros2_ws/install/turtlesim/share/turtlesim/local_setup.dsv
[1.513s] -- Installing: /home/tlbot/code/ros2_ws/install/turtlesim/share/turtlesim/package.dsv
[1.513s] -- Up-to-date: /home/tlbot/code/ros2_ws/install/turtlesim/share/ament_index/resource_index/packages/turtlesim
[1.514s] -- Up-to-date: /home/tlbot/code/ros2_ws/install/turtlesim/share/turtlesim/cmake/export_turtlesim__rosidl_generator_cExport.cmake
[1.514s] -- Up-to-date: /home/tlbot/code/ros2_ws/install/turtlesim/share/turtlesim/cmake/export_turtlesim__rosidl_generator_cExport-noconfig.cmake
[1.514s] -- Up-to-date: /home/tlbot/code/ros2_ws/install/turtlesim/share/turtlesim/cmake/export_turtlesim__rosidl_typesupport_fastrtps_cExport.cmake
[1.514s] -- Up-to-date: /home/tlbot/code/ros2_ws/install/turtlesim/share/turtlesim/cmake/export_turtlesim__rosidl_typesupport_fastrtps_cExport-noconfig.cmake
[1.515s] -- Up-to-date: /home/tlbot/code/ros2_ws/install/turtlesim/share/turtlesim/cmake/export_turtlesim__rosidl_generator_cppExport.cmake
[1.515s] -- Up-to-date: /home/tlbot/code/ros2_ws/install/turtlesim/share/turtlesim/cmake/export_turtlesim__rosidl_typesupport_fastrtps_cppExport.cmake
[1.515s] -- Up-to-date: /home/tlbot/code/ros2_ws/install/turtlesim/share/turtlesim/cmake/export_turtlesim__rosidl_typesupport_fastrtps_cppExport-noconfig.cmake
[1.516s] -- Up-to-date: /home/tlbot/code/ros2_ws/install/turtlesim/share/turtlesim/cmake/turtlesim__rosidl_typesupport_introspection_cExport.cmake
[1.516s] -- Up-to-date: /home/tlbot/code/ros2_ws/install/turtlesim/share/turtlesim/cmake/turtlesim__rosidl_typesupport_introspection_cExport-noconfig.cmake
[1.516s] -- Up-to-date: /home/tlbot/code/ros2_ws/install/turtlesim/share/turtlesim/cmake/turtlesim__rosidl_typesupport_cExport.cmake
[1.516s] -- Up-to-date: /home/tlbot/code/ros2_ws/install/turtlesim/share/turtlesim/cmake/turtlesim__rosidl_typesupport_cExport-noconfig.cmake
[1.517s] -- Up-to-date: /home/tlbot/code/ros2_ws/install/turtlesim/share/turtlesim/cmake/turtlesim__rosidl_typesupport_introspection_cppExport.cmake
[1.517s] -- Up-to-date: /home/tlbot/code/ros2_ws/install/turtlesim/share/turtlesim/cmake/turtlesim__rosidl_typesupport_introspection_cppExport-noconfig.cmake
[1.517s] -- Up-to-date: /home/tlbot/code/ros2_ws/install/turtlesim/share/turtlesim/cmake/turtlesim__rosidl_typesupport_cppExport.cmake
[1.517s] -- Up-to-date: /home/tlbot/code/ros2_ws/install/turtlesim/share/turtlesim/cmake/turtlesim__rosidl_typesupport_cppExport-noconfig.cmake
[1.518s] -- Up-to-date: /home/tlbot/code/ros2_ws/install/turtlesim/share/turtlesim/cmake/export_turtlesim__rosidl_generator_pyExport.cmake
[1.518s] -- Up-to-date: /home/tlbot/code/ros2_ws/install/turtlesim/share/turtlesim/cmake/export_turtlesim__rosidl_generator_pyExport-noconfig.cmake
[1.518s] -- Up-to-date: /home/tlbot/code/ros2_ws/install/turtlesim/share/turtlesim/cmake/rosidl_cmake-extras.cmake
[1.518s] -- Up-to-date: /home/tlbot/code/ros2_ws/install/turtlesim/share/turtlesim/cmake/ament_cmake_export_dependencies-extras.cmake
[1.519s] -- Up-to-date: /home/tlbot/code/ros2_ws/install/turtlesim/share/turtlesim/cmake/ament_cmake_export_include_directories-extras.cmake
[1.519s] -- Up-to-date: /home/tlbot/code/ros2_ws/install/turtlesim/share/turtlesim/cmake/ament_cmake_export_libraries-extras.cmake
[1.519s] -- Up-to-date: /home/tlbot/code/ros2_ws/install/turtlesim/share/turtlesim/cmake/ament_cmake_export_targets-extras.cmake
[1.519s] -- Up-to-date: /home/tlbot/code/ros2_ws/install/turtlesim/share/turtlesim/cmake/rosidl_cmake_export_typesupport_targets-extras.cmake
[1.520s] -- Up-to-date: /home/tlbot/code/ros2_ws/install/turtlesim/share/turtlesim/cmake/rosidl_cmake_export_typesupport_libraries-extras.cmake
[1.520s] -- Up-to-date: /home/tlbot/code/ros2_ws/install/turtlesim/share/turtlesim/cmake/turtlesimConfig.cmake
[1.520s] -- Up-to-date: /home/tlbot/code/ros2_ws/install/turtlesim/share/turtlesim/cmake/turtlesimConfig-version.cmake
[1.521s] -- Up-to-date: /home/tlbot/code/ros2_ws/install/turtlesim/share/turtlesim/package.xml
[1.524s] Invoked command in '/home/tlbot/code/ros2_ws/build/turtlesim' returned '0': CMAKE_PREFIX_PATH=${CMAKE_PREFIX_PATH}:/opt/ros/jazzy PS1=(gac-robotics)\[\e]0;\u@\h: \w\a\]${debian_chroot:+($debian_chroot)}\[\033[01;32m\]\u@\h\[\033[00m\]:\[\033[01;34m\]\w\[\033[00m\]\$ /usr/bin/cmake --install /home/tlbot/code/ros2_ws/build/turtlesim
