[0.047s] Invoking command in '/home/tlbot/code/ros2_ws/build/cpp_pubsub': CMAKE_PREFIX_PATH=${CMAKE_PREFIX_PATH}:/opt/ros/jazzy PS1=(gac-robotics)\[\e]0;\u@\h: \w\a\]${debian_chroot:+($debian_chroot)}\[\033[01;32m\]\u@\h\[\033[00m\]:\[\033[01;34m\]\w\[\033[00m\]\$ /usr/bin/cmake --build /home/tlbot/code/ros2_ws/build/cpp_pubsub -- -j16 -l16
[0.111s] -- Found ament_cmake: 2.5.2 (/opt/ros/jazzy/share/ament_cmake/cmake)
[0.687s] -- Found rclcpp: 28.1.3 (/opt/ros/jazzy/share/rclcpp/cmake)
[0.782s] -- Found rosidl_generator_c: 4.6.3 (/opt/ros/jazzy/share/rosidl_generator_c/cmake)
[0.821s] -- Found rosidl_generator_cpp: 4.6.3 (/opt/ros/jazzy/share/rosidl_generator_cpp/cmake)
[0.867s] -- Using all available rosidl_typesupport_c: rosidl_typesupport_fastrtps_c;rosidl_typesupport_introspection_c
[0.900s] -- Using all available rosidl_typesupport_cpp: rosidl_typesupport_fastrtps_cpp;rosidl_typesupport_introspection_cpp
[1.054s] -- Found rmw_implementation_cmake: 7.3.1 (/opt/ros/jazzy/share/rmw_implementation_cmake/cmake)
[1.057s] -- Found rmw_fastrtps_cpp: 8.4.1 (/opt/ros/jazzy/share/rmw_fastrtps_cpp/cmake)
[1.205s] -- Using RMW implementation 'rmw_fastrtps_cpp' as default
[1.371s] -- Found std_msgs: 5.3.5 (/opt/ros/jazzy/share/std_msgs/cmake)
[1.414s] -- Found ament_lint_auto: 0.17.1 (/opt/ros/jazzy/share/ament_lint_auto/cmake)
[1.649s] -- Added test 'cppcheck' to perform static code analysis on C / C++ code
[1.649s] -- Configured cppcheck include dirs: 
[1.649s] -- Configured cppcheck exclude dirs and/or files: 
[1.650s] -- Added test 'lint_cmake' to check CMake code style
[1.653s] -- Added test 'uncrustify' to check C / C++ code style
[1.653s] -- Configured uncrustify additional arguments: 
[1.654s] -- Added test 'xmllint' to check XML markup files
[1.656s] -- Configuring done (1.6s)
[1.688s] -- Generating done (0.0s)
[1.692s] -- Build files have been written to: /home/tlbot/code/ros2_ws/build/cpp_pubsub
[1.792s] [ 50%] Built target listener
[1.792s] [100%] Built target talker
[1.817s] Invoked command in '/home/tlbot/code/ros2_ws/build/cpp_pubsub' returned '0': CMAKE_PREFIX_PATH=${CMAKE_PREFIX_PATH}:/opt/ros/jazzy PS1=(gac-robotics)\[\e]0;\u@\h: \w\a\]${debian_chroot:+($debian_chroot)}\[\033[01;32m\]\u@\h\[\033[00m\]:\[\033[01;34m\]\w\[\033[00m\]\$ /usr/bin/cmake --build /home/tlbot/code/ros2_ws/build/cpp_pubsub -- -j16 -l16
[1.873s] Invoking command in '/home/tlbot/code/ros2_ws/build/cpp_pubsub': CMAKE_PREFIX_PATH=${CMAKE_PREFIX_PATH}:/opt/ros/jazzy PS1=(gac-robotics)\[\e]0;\u@\h: \w\a\]${debian_chroot:+($debian_chroot)}\[\033[01;32m\]\u@\h\[\033[00m\]:\[\033[01;34m\]\w\[\033[00m\]\$ /usr/bin/cmake --install /home/tlbot/code/ros2_ws/build/cpp_pubsub
[1.889s] -- Install configuration: ""
[1.890s] -- Up-to-date: /home/tlbot/code/ros2_ws/install/cpp_pubsub/lib/cpp_pubsub/talker
[1.890s] -- Up-to-date: /home/tlbot/code/ros2_ws/install/cpp_pubsub/lib/cpp_pubsub/listener
[1.891s] -- Installing: /home/tlbot/code/ros2_ws/install/cpp_pubsub/share/ament_index/resource_index/package_run_dependencies/cpp_pubsub
[1.891s] -- Up-to-date: /home/tlbot/code/ros2_ws/install/cpp_pubsub/share/ament_index/resource_index/parent_prefix_path/cpp_pubsub
[1.892s] -- Up-to-date: /home/tlbot/code/ros2_ws/install/cpp_pubsub/share/cpp_pubsub/environment/ament_prefix_path.sh
[1.892s] -- Up-to-date: /home/tlbot/code/ros2_ws/install/cpp_pubsub/share/cpp_pubsub/environment/ament_prefix_path.dsv
[1.892s] -- Up-to-date: /home/tlbot/code/ros2_ws/install/cpp_pubsub/share/cpp_pubsub/environment/path.sh
[1.892s] -- Up-to-date: /home/tlbot/code/ros2_ws/install/cpp_pubsub/share/cpp_pubsub/environment/path.dsv
[1.892s] -- Up-to-date: /home/tlbot/code/ros2_ws/install/cpp_pubsub/share/cpp_pubsub/local_setup.bash
[1.893s] -- Up-to-date: /home/tlbot/code/ros2_ws/install/cpp_pubsub/share/cpp_pubsub/local_setup.sh
[1.893s] -- Up-to-date: /home/tlbot/code/ros2_ws/install/cpp_pubsub/share/cpp_pubsub/local_setup.zsh
[1.893s] -- Up-to-date: /home/tlbot/code/ros2_ws/install/cpp_pubsub/share/cpp_pubsub/local_setup.dsv
[1.893s] -- Installing: /home/tlbot/code/ros2_ws/install/cpp_pubsub/share/cpp_pubsub/package.dsv
[1.894s] -- Up-to-date: /home/tlbot/code/ros2_ws/install/cpp_pubsub/share/ament_index/resource_index/packages/cpp_pubsub
[1.894s] -- Up-to-date: /home/tlbot/code/ros2_ws/install/cpp_pubsub/share/cpp_pubsub/cmake/cpp_pubsubConfig.cmake
[1.894s] -- Up-to-date: /home/tlbot/code/ros2_ws/install/cpp_pubsub/share/cpp_pubsub/cmake/cpp_pubsubConfig-version.cmake
[1.894s] -- Installing: /home/tlbot/code/ros2_ws/install/cpp_pubsub/share/cpp_pubsub/package.xml
[1.897s] Invoked command in '/home/tlbot/code/ros2_ws/build/cpp_pubsub' returned '0': CMAKE_PREFIX_PATH=${CMAKE_PREFIX_PATH}:/opt/ros/jazzy PS1=(gac-robotics)\[\e]0;\u@\h: \w\a\]${debian_chroot:+($debian_chroot)}\[\033[01;32m\]\u@\h\[\033[00m\]:\[\033[01;34m\]\w\[\033[00m\]\$ /usr/bin/cmake --install /home/tlbot/code/ros2_ws/build/cpp_pubsub
