[0.037s] Invoking command in '/home/tlbot/code/ros2_ws/build/turtlesim': CMAKE_PREFIX_PATH=${CMAKE_PREFIX_PATH}:/opt/ros/jazzy PS1=(gac-robotics)\[\e]0;\u@\h: \w\a\]${debian_chroot:+($debian_chroot)}\[\033[01;32m\]\u@\h\[\033[00m\]:\[\033[01;34m\]\w\[\033[00m\]\$ /usr/bin/cmake --build /home/tlbot/code/ros2_ws/build/turtlesim -- -j16 -l16
[0.171s] [  0%] Built target turtlesim__rosidl_generator_type_description
[0.217s] [  0%] Built target ament_cmake_python_copy_turtlesim
[0.233s] [  1%] Built target turtlesim__cpp
[0.258s] [ 24%] Built target turtlesim__rosidl_generator_c
[0.329s] [ 33%] Built target turtlesim__rosidl_typesupport_introspection_c
[0.333s] [ 42%] Built target turtlesim__rosidl_typesupport_c
[0.336s] [ 51%] Built target turtlesim__rosidl_typesupport_cpp
[0.341s] [ 65%] Built target turtlesim__rosidl_typesupport_fastrtps_cpp
[0.341s] [ 68%] Built target turtlesim__rosidl_typesupport_fastrtps_c
[0.350s] [ 76%] Built target turtlesim__rosidl_typesupport_introspection_cpp
[0.396s] [ 76%] Built target turtlesim
[0.413s] [ 78%] Built target turtle_teleop_key
[0.414s] [ 79%] Built target draw_square
[0.414s] [ 81%] Built target mimic
[0.431s] [ 86%] Built target turtlesim_node
[0.445s] [ 86%] Built target turtlesim__py
[0.509s] [ 94%] Built target turtlesim__rosidl_generator_py
[0.558s] [ 97%] Built target turtlesim_s__rosidl_typesupport_fastrtps_c
[0.558s] [ 98%] Built target turtlesim_s__rosidl_typesupport_introspection_c
[0.559s] [100%] Built target turtlesim_s__rosidl_typesupport_c
[0.792s] running egg_info
[0.846s] writing turtlesim.egg-info/PKG-INFO
[0.847s] writing dependency_links to turtlesim.egg-info/dependency_links.txt
[0.847s] writing top-level names to turtlesim.egg-info/top_level.txt
[0.972s] reading manifest file 'turtlesim.egg-info/SOURCES.txt'
[0.974s] writing manifest file 'turtlesim.egg-info/SOURCES.txt'
[1.033s] [100%] Built target ament_cmake_python_build_turtlesim_egg
[1.058s] Invoked command in '/home/tlbot/code/ros2_ws/build/turtlesim' returned '0': CMAKE_PREFIX_PATH=${CMAKE_PREFIX_PATH}:/opt/ros/jazzy PS1=(gac-robotics)\[\e]0;\u@\h: \w\a\]${debian_chroot:+($debian_chroot)}\[\033[01;32m\]\u@\h\[\033[00m\]:\[\033[01;34m\]\w\[\033[00m\]\$ /usr/bin/cmake --build /home/tlbot/code/ros2_ws/build/turtlesim -- -j16 -l16
[1.492s] Invoking command in '/home/tlbot/code/ros2_ws/build/turtlesim': CMAKE_PREFIX_PATH=${CMAKE_PREFIX_PATH}:/opt/ros/jazzy PS1=(gac-robotics)\[\e]0;\u@\h: \w\a\]${debian_chroot:+($debian_chroot)}\[\033[01;32m\]\u@\h\[\033[00m\]:\[\033[01;34m\]\w\[\033[00m\]\$ /usr/bin/cmake --install /home/tlbot/code/ros2_ws/build/turtlesim
[1.510s] -- Install configuration: ""
[1.510s] -- Up-to-date: /home/tlbot/code/ros2_ws/install/turtlesim/share/ament_index/resource_index/rosidl_interfaces/turtlesim
[1.510s] -- Up-to-date: /home/tlbot/code/ros2_ws/install/turtlesim/share/turtlesim/action/RotateAbsolute.json
[1.510s] -- Up-to-date: /home/tlbot/code/ros2_ws/install/turtlesim/share/turtlesim/msg/Color.json
[1.511s] -- Up-to-date: /home/tlbot/code/ros2_ws/install/turtlesim/share/turtlesim/msg/Pose.json
[1.511s] -- Up-to-date: /home/tlbot/code/ros2_ws/install/turtlesim/share/turtlesim/srv/Kill.json
[1.511s] -- Up-to-date: /home/tlbot/code/ros2_ws/install/turtlesim/share/turtlesim/srv/SetPen.json
[1.511s] -- Up-to-date: /home/tlbot/code/ros2_ws/install/turtlesim/share/turtlesim/srv/Spawn.json
[1.511s] -- Up-to-date: /home/tlbot/code/ros2_ws/install/turtlesim/share/turtlesim/srv/TeleportAbsolute.json
[1.511s] -- Up-to-date: /home/tlbot/code/ros2_ws/install/turtlesim/share/turtlesim/srv/TeleportRelative.json
[1.512s] -- Up-to-date: /home/tlbot/code/ros2_ws/install/turtlesim/include/turtlesim/turtlesim
[1.512s] -- Up-to-date: /home/tlbot/code/ros2_ws/install/turtlesim/include/turtlesim/turtlesim/srv
[1.512s] -- Up-to-date: /home/tlbot/code/ros2_ws/install/turtlesim/include/turtlesim/turtlesim/srv/detail
[1.512s] -- Installing: /home/tlbot/code/ros2_ws/install/turtlesim/include/turtlesim/turtlesim/srv/detail/kill__type_support.c
[1.512s] -- Up-to-date: /home/tlbot/code/ros2_ws/install/turtlesim/include/turtlesim/turtlesim/srv/detail/set_pen__description.c
[1.513s] -- Up-to-date: /home/tlbot/code/ros2_ws/install/turtlesim/include/turtlesim/turtlesim/srv/detail/set_pen__struct.h
[1.513s] -- Up-to-date: /home/tlbot/code/ros2_ws/install/turtlesim/include/turtlesim/turtlesim/srv/detail/spawn__type_support.h
[1.513s] -- Installing: /home/tlbot/code/ros2_ws/install/turtlesim/include/turtlesim/turtlesim/srv/detail/spawn__type_support.c
[1.514s] -- Installing: /home/tlbot/code/ros2_ws/install/turtlesim/include/turtlesim/turtlesim/srv/detail/teleport_relative__type_support.c
[1.514s] -- Up-to-date: /home/tlbot/code/ros2_ws/install/turtlesim/include/turtlesim/turtlesim/srv/detail/set_pen__type_support.h
[1.514s] -- Up-to-date: /home/tlbot/code/ros2_ws/install/turtlesim/include/turtlesim/turtlesim/srv/detail/teleport_relative__description.c
[1.515s] -- Up-to-date: /home/tlbot/code/ros2_ws/install/turtlesim/include/turtlesim/turtlesim/srv/detail/kill__struct.h
[1.515s] -- Up-to-date: /home/tlbot/code/ros2_ws/install/turtlesim/include/turtlesim/turtlesim/srv/detail/teleport_absolute__description.c
[1.515s] -- Up-to-date: /home/tlbot/code/ros2_ws/install/turtlesim/include/turtlesim/turtlesim/srv/detail/kill__description.c
[1.516s] -- Up-to-date: /home/tlbot/code/ros2_ws/install/turtlesim/include/turtlesim/turtlesim/srv/detail/spawn__description.c
[1.516s] -- Up-to-date: /home/tlbot/code/ros2_ws/install/turtlesim/include/turtlesim/turtlesim/srv/detail/teleport_absolute__functions.h
[1.516s] -- Up-to-date: /home/tlbot/code/ros2_ws/install/turtlesim/include/turtlesim/turtlesim/srv/detail/spawn__functions.c
[1.516s] -- Up-to-date: /home/tlbot/code/ros2_ws/install/turtlesim/include/turtlesim/turtlesim/srv/detail/kill__type_support.h
[1.516s] -- Up-to-date: /home/tlbot/code/ros2_ws/install/turtlesim/include/turtlesim/turtlesim/srv/detail/teleport_absolute__functions.c
[1.516s] -- Up-to-date: /home/tlbot/code/ros2_ws/install/turtlesim/include/turtlesim/turtlesim/srv/detail/spawn__functions.h
[1.517s] -- Up-to-date: /home/tlbot/code/ros2_ws/install/turtlesim/include/turtlesim/turtlesim/srv/detail/teleport_absolute__struct.h
[1.517s] -- Up-to-date: /home/tlbot/code/ros2_ws/install/turtlesim/include/turtlesim/turtlesim/srv/detail/teleport_relative__functions.h
[1.517s] -- Up-to-date: /home/tlbot/code/ros2_ws/install/turtlesim/include/turtlesim/turtlesim/srv/detail/teleport_relative__functions.c
[1.517s] -- Up-to-date: /home/tlbot/code/ros2_ws/install/turtlesim/include/turtlesim/turtlesim/srv/detail/set_pen__functions.h
[1.517s] -- Up-to-date: /home/tlbot/code/ros2_ws/install/turtlesim/include/turtlesim/turtlesim/srv/detail/spawn__struct.h
[1.517s] -- Installing: /home/tlbot/code/ros2_ws/install/turtlesim/include/turtlesim/turtlesim/srv/detail/set_pen__type_support.c
[1.518s] -- Up-to-date: /home/tlbot/code/ros2_ws/install/turtlesim/include/turtlesim/turtlesim/srv/detail/kill__functions.h
[1.518s] -- Up-to-date: /home/tlbot/code/ros2_ws/install/turtlesim/include/turtlesim/turtlesim/srv/detail/teleport_relative__type_support.h
[1.518s] -- Up-to-date: /home/tlbot/code/ros2_ws/install/turtlesim/include/turtlesim/turtlesim/srv/detail/set_pen__functions.c
[1.518s] -- Up-to-date: /home/tlbot/code/ros2_ws/install/turtlesim/include/turtlesim/turtlesim/srv/detail/teleport_relative__struct.h
[1.518s] -- Installing: /home/tlbot/code/ros2_ws/install/turtlesim/include/turtlesim/turtlesim/srv/detail/teleport_absolute__type_support.c
[1.518s] -- Up-to-date: /home/tlbot/code/ros2_ws/install/turtlesim/include/turtlesim/turtlesim/srv/detail/kill__functions.c
[1.519s] -- Up-to-date: /home/tlbot/code/ros2_ws/install/turtlesim/include/turtlesim/turtlesim/srv/detail/teleport_absolute__type_support.h
[1.519s] -- Up-to-date: /home/tlbot/code/ros2_ws/install/turtlesim/include/turtlesim/turtlesim/srv/set_pen.h
[1.519s] -- Up-to-date: /home/tlbot/code/ros2_ws/install/turtlesim/include/turtlesim/turtlesim/srv/teleport_absolute.h
[1.519s] -- Up-to-date: /home/tlbot/code/ros2_ws/install/turtlesim/include/turtlesim/turtlesim/srv/kill.h
[1.519s] -- Up-to-date: /home/tlbot/code/ros2_ws/install/turtlesim/include/turtlesim/turtlesim/srv/teleport_relative.h
[1.519s] -- Up-to-date: /home/tlbot/code/ros2_ws/install/turtlesim/include/turtlesim/turtlesim/srv/spawn.h
[1.520s] -- Up-to-date: /home/tlbot/code/ros2_ws/install/turtlesim/include/turtlesim/turtlesim/action
[1.520s] -- Up-to-date: /home/tlbot/code/ros2_ws/install/turtlesim/include/turtlesim/turtlesim/action/rotate_absolute.h
[1.520s] -- Up-to-date: /home/tlbot/code/ros2_ws/install/turtlesim/include/turtlesim/turtlesim/action/detail
[1.520s] -- Up-to-date: /home/tlbot/code/ros2_ws/install/turtlesim/include/turtlesim/turtlesim/action/detail/rotate_absolute__type_support.h
[1.520s] -- Installing: /home/tlbot/code/ros2_ws/install/turtlesim/include/turtlesim/turtlesim/action/detail/rotate_absolute__type_support.c
[1.520s] -- Up-to-date: /home/tlbot/code/ros2_ws/install/turtlesim/include/turtlesim/turtlesim/action/detail/rotate_absolute__functions.h
[1.520s] -- Up-to-date: /home/tlbot/code/ros2_ws/install/turtlesim/include/turtlesim/turtlesim/action/detail/rotate_absolute__description.c
[1.521s] -- Up-to-date: /home/tlbot/code/ros2_ws/install/turtlesim/include/turtlesim/turtlesim/action/detail/rotate_absolute__functions.c
[1.521s] -- Up-to-date: /home/tlbot/code/ros2_ws/install/turtlesim/include/turtlesim/turtlesim/action/detail/rotate_absolute__struct.h
[1.521s] -- Up-to-date: /home/tlbot/code/ros2_ws/install/turtlesim/include/turtlesim/turtlesim/msg
[1.521s] -- Up-to-date: /home/tlbot/code/ros2_ws/install/turtlesim/include/turtlesim/turtlesim/msg/detail
[1.521s] -- Up-to-date: /home/tlbot/code/ros2_ws/install/turtlesim/include/turtlesim/turtlesim/msg/detail/color__type_support.h
[1.521s] -- Up-to-date: /home/tlbot/code/ros2_ws/install/turtlesim/include/turtlesim/turtlesim/msg/detail/pose__functions.c
[1.522s] -- Installing: /home/tlbot/code/ros2_ws/install/turtlesim/include/turtlesim/turtlesim/msg/detail/pose__type_support.c
[1.522s] -- Up-to-date: /home/tlbot/code/ros2_ws/install/turtlesim/include/turtlesim/turtlesim/msg/detail/pose__struct.h
[1.522s] -- Up-to-date: /home/tlbot/code/ros2_ws/install/turtlesim/include/turtlesim/turtlesim/msg/detail/color__struct.h
[1.522s] -- Up-to-date: /home/tlbot/code/ros2_ws/install/turtlesim/include/turtlesim/turtlesim/msg/detail/pose__type_support.h
[1.522s] -- Up-to-date: /home/tlbot/code/ros2_ws/install/turtlesim/include/turtlesim/turtlesim/msg/detail/pose__description.c
[1.523s] -- Installing: /home/tlbot/code/ros2_ws/install/turtlesim/include/turtlesim/turtlesim/msg/detail/color__type_support.c
[1.523s] -- Up-to-date: /home/tlbot/code/ros2_ws/install/turtlesim/include/turtlesim/turtlesim/msg/detail/color__description.c
[1.523s] -- Up-to-date: /home/tlbot/code/ros2_ws/install/turtlesim/include/turtlesim/turtlesim/msg/detail/color__functions.c
[1.524s] -- Up-to-date: /home/tlbot/code/ros2_ws/install/turtlesim/include/turtlesim/turtlesim/msg/detail/color__functions.h
[1.524s] -- Up-to-date: /home/tlbot/code/ros2_ws/install/turtlesim/include/turtlesim/turtlesim/msg/detail/pose__functions.h
[1.524s] -- Up-to-date: /home/tlbot/code/ros2_ws/install/turtlesim/include/turtlesim/turtlesim/msg/pose.h
[1.524s] -- Up-to-date: /home/tlbot/code/ros2_ws/install/turtlesim/include/turtlesim/turtlesim/msg/rosidl_generator_c__visibility_control.h
[1.524s] -- Up-to-date: /home/tlbot/code/ros2_ws/install/turtlesim/include/turtlesim/turtlesim/msg/color.h
[1.525s] -- Up-to-date: /home/tlbot/code/ros2_ws/install/turtlesim/share/turtlesim/environment/library_path.sh
[1.525s] -- Up-to-date: /home/tlbot/code/ros2_ws/install/turtlesim/share/turtlesim/environment/library_path.dsv
[1.525s] -- Up-to-date: /home/tlbot/code/ros2_ws/install/turtlesim/lib/libturtlesim__rosidl_generator_c.so
[1.525s] -- Up-to-date: /home/tlbot/code/ros2_ws/install/turtlesim/include/turtlesim/turtlesim
[1.525s] -- Up-to-date: /home/tlbot/code/ros2_ws/install/turtlesim/include/turtlesim/turtlesim/srv
[1.525s] -- Up-to-date: /home/tlbot/code/ros2_ws/install/turtlesim/include/turtlesim/turtlesim/srv/detail
[1.526s] -- Up-to-date: /home/tlbot/code/ros2_ws/install/turtlesim/include/turtlesim/turtlesim/srv/detail/set_pen__rosidl_typesupport_fastrtps_c.h
[1.526s] -- Up-to-date: /home/tlbot/code/ros2_ws/install/turtlesim/include/turtlesim/turtlesim/srv/detail/spawn__rosidl_typesupport_fastrtps_c.h
[1.526s] -- Up-to-date: /home/tlbot/code/ros2_ws/install/turtlesim/include/turtlesim/turtlesim/srv/detail/kill__rosidl_typesupport_fastrtps_c.h
[1.526s] -- Up-to-date: /home/tlbot/code/ros2_ws/install/turtlesim/include/turtlesim/turtlesim/srv/detail/teleport_absolute__rosidl_typesupport_fastrtps_c.h
[1.527s] -- Up-to-date: /home/tlbot/code/ros2_ws/install/turtlesim/include/turtlesim/turtlesim/srv/detail/teleport_relative__rosidl_typesupport_fastrtps_c.h
[1.527s] -- Up-to-date: /home/tlbot/code/ros2_ws/install/turtlesim/include/turtlesim/turtlesim/action
[1.527s] -- Up-to-date: /home/tlbot/code/ros2_ws/install/turtlesim/include/turtlesim/turtlesim/action/detail
[1.528s] -- Up-to-date: /home/tlbot/code/ros2_ws/install/turtlesim/include/turtlesim/turtlesim/action/detail/rotate_absolute__rosidl_typesupport_fastrtps_c.h
[1.528s] -- Up-to-date: /home/tlbot/code/ros2_ws/install/turtlesim/include/turtlesim/turtlesim/msg
[1.528s] -- Up-to-date: /home/tlbot/code/ros2_ws/install/turtlesim/include/turtlesim/turtlesim/msg/detail
[1.528s] -- Up-to-date: /home/tlbot/code/ros2_ws/install/turtlesim/include/turtlesim/turtlesim/msg/detail/color__rosidl_typesupport_fastrtps_c.h
[1.528s] -- Up-to-date: /home/tlbot/code/ros2_ws/install/turtlesim/include/turtlesim/turtlesim/msg/detail/pose__rosidl_typesupport_fastrtps_c.h
[1.529s] -- Up-to-date: /home/tlbot/code/ros2_ws/install/turtlesim/include/turtlesim/turtlesim/msg/rosidl_typesupport_fastrtps_c__visibility_control.h
[1.529s] -- Up-to-date: /home/tlbot/code/ros2_ws/install/turtlesim/lib/libturtlesim__rosidl_typesupport_fastrtps_c.so
[1.529s] -- Up-to-date: /home/tlbot/code/ros2_ws/install/turtlesim/include/turtlesim/turtlesim
[1.529s] -- Up-to-date: /home/tlbot/code/ros2_ws/install/turtlesim/include/turtlesim/turtlesim/srv
[1.529s] -- Up-to-date: /home/tlbot/code/ros2_ws/install/turtlesim/include/turtlesim/turtlesim/srv/set_pen.hpp
[1.529s] -- Up-to-date: /home/tlbot/code/ros2_ws/install/turtlesim/include/turtlesim/turtlesim/srv/detail
[1.530s] -- Up-to-date: /home/tlbot/code/ros2_ws/install/turtlesim/include/turtlesim/turtlesim/srv/detail/spawn__builder.hpp
[1.530s] -- Up-to-date: /home/tlbot/code/ros2_ws/install/turtlesim/include/turtlesim/turtlesim/srv/detail/teleport_relative__type_support.hpp
[1.530s] -- Up-to-date: /home/tlbot/code/ros2_ws/install/turtlesim/include/turtlesim/turtlesim/srv/detail/set_pen__type_support.hpp
[1.530s] -- Up-to-date: /home/tlbot/code/ros2_ws/install/turtlesim/include/turtlesim/turtlesim/srv/detail/kill__struct.hpp
[1.530s] -- Up-to-date: /home/tlbot/code/ros2_ws/install/turtlesim/include/turtlesim/turtlesim/srv/detail/set_pen__traits.hpp
[1.530s] -- Up-to-date: /home/tlbot/code/ros2_ws/install/turtlesim/include/turtlesim/turtlesim/srv/detail/set_pen__struct.hpp
[1.531s] -- Up-to-date: /home/tlbot/code/ros2_ws/install/turtlesim/include/turtlesim/turtlesim/srv/detail/kill__type_support.hpp
[1.531s] -- Up-to-date: /home/tlbot/code/ros2_ws/install/turtlesim/include/turtlesim/turtlesim/srv/detail/teleport_absolute__builder.hpp
[1.531s] -- Up-to-date: /home/tlbot/code/ros2_ws/install/turtlesim/include/turtlesim/turtlesim/srv/detail/teleport_relative__traits.hpp
[1.531s] -- Up-to-date: /home/tlbot/code/ros2_ws/install/turtlesim/include/turtlesim/turtlesim/srv/detail/kill__traits.hpp
[1.531s] -- Up-to-date: /home/tlbot/code/ros2_ws/install/turtlesim/include/turtlesim/turtlesim/srv/detail/teleport_absolute__traits.hpp
[1.531s] -- Up-to-date: /home/tlbot/code/ros2_ws/install/turtlesim/include/turtlesim/turtlesim/srv/detail/kill__builder.hpp
[1.532s] -- Up-to-date: /home/tlbot/code/ros2_ws/install/turtlesim/include/turtlesim/turtlesim/srv/detail/teleport_absolute__type_support.hpp
[1.532s] -- Up-to-date: /home/tlbot/code/ros2_ws/install/turtlesim/include/turtlesim/turtlesim/srv/detail/spawn__struct.hpp
[1.532s] -- Up-to-date: /home/tlbot/code/ros2_ws/install/turtlesim/include/turtlesim/turtlesim/srv/detail/spawn__traits.hpp
[1.532s] -- Up-to-date: /home/tlbot/code/ros2_ws/install/turtlesim/include/turtlesim/turtlesim/srv/detail/teleport_relative__struct.hpp
[1.532s] -- Up-to-date: /home/tlbot/code/ros2_ws/install/turtlesim/include/turtlesim/turtlesim/srv/detail/teleport_absolute__struct.hpp
[1.532s] -- Up-to-date: /home/tlbot/code/ros2_ws/install/turtlesim/include/turtlesim/turtlesim/srv/detail/set_pen__builder.hpp
[1.533s] -- Up-to-date: /home/tlbot/code/ros2_ws/install/turtlesim/include/turtlesim/turtlesim/srv/detail/teleport_relative__builder.hpp
[1.533s] -- Up-to-date: /home/tlbot/code/ros2_ws/install/turtlesim/include/turtlesim/turtlesim/srv/detail/spawn__type_support.hpp
[1.533s] -- Up-to-date: /home/tlbot/code/ros2_ws/install/turtlesim/include/turtlesim/turtlesim/srv/spawn.hpp
[1.533s] -- Up-to-date: /home/tlbot/code/ros2_ws/install/turtlesim/include/turtlesim/turtlesim/srv/teleport_relative.hpp
[1.533s] -- Up-to-date: /home/tlbot/code/ros2_ws/install/turtlesim/include/turtlesim/turtlesim/srv/kill.hpp
[1.533s] -- Up-to-date: /home/tlbot/code/ros2_ws/install/turtlesim/include/turtlesim/turtlesim/srv/teleport_absolute.hpp
[1.533s] -- Up-to-date: /home/tlbot/code/ros2_ws/install/turtlesim/include/turtlesim/turtlesim/action
[1.534s] -- Up-to-date: /home/tlbot/code/ros2_ws/install/turtlesim/include/turtlesim/turtlesim/action/detail
[1.534s] -- Up-to-date: /home/tlbot/code/ros2_ws/install/turtlesim/include/turtlesim/turtlesim/action/detail/rotate_absolute__builder.hpp
[1.534s] -- Up-to-date: /home/tlbot/code/ros2_ws/install/turtlesim/include/turtlesim/turtlesim/action/detail/rotate_absolute__struct.hpp
[1.534s] -- Up-to-date: /home/tlbot/code/ros2_ws/install/turtlesim/include/turtlesim/turtlesim/action/detail/rotate_absolute__traits.hpp
[1.534s] -- Up-to-date: /home/tlbot/code/ros2_ws/install/turtlesim/include/turtlesim/turtlesim/action/detail/rotate_absolute__type_support.hpp
[1.534s] -- Up-to-date: /home/tlbot/code/ros2_ws/install/turtlesim/include/turtlesim/turtlesim/action/rotate_absolute.hpp
[1.535s] -- Up-to-date: /home/tlbot/code/ros2_ws/install/turtlesim/include/turtlesim/turtlesim/msg
[1.535s] -- Up-to-date: /home/tlbot/code/ros2_ws/install/turtlesim/include/turtlesim/turtlesim/msg/detail
[1.535s] -- Up-to-date: /home/tlbot/code/ros2_ws/install/turtlesim/include/turtlesim/turtlesim/msg/detail/pose__type_support.hpp
[1.535s] -- Up-to-date: /home/tlbot/code/ros2_ws/install/turtlesim/include/turtlesim/turtlesim/msg/detail/pose__traits.hpp
[1.535s] -- Up-to-date: /home/tlbot/code/ros2_ws/install/turtlesim/include/turtlesim/turtlesim/msg/detail/color__builder.hpp
[1.535s] -- Up-to-date: /home/tlbot/code/ros2_ws/install/turtlesim/include/turtlesim/turtlesim/msg/detail/color__traits.hpp
[1.536s] -- Up-to-date: /home/tlbot/code/ros2_ws/install/turtlesim/include/turtlesim/turtlesim/msg/detail/pose__struct.hpp
[1.536s] -- Up-to-date: /home/tlbot/code/ros2_ws/install/turtlesim/include/turtlesim/turtlesim/msg/detail/pose__builder.hpp
[1.536s] -- Up-to-date: /home/tlbot/code/ros2_ws/install/turtlesim/include/turtlesim/turtlesim/msg/detail/color__type_support.hpp
[1.536s] -- Up-to-date: /home/tlbot/code/ros2_ws/install/turtlesim/include/turtlesim/turtlesim/msg/detail/color__struct.hpp
[1.536s] -- Up-to-date: /home/tlbot/code/ros2_ws/install/turtlesim/include/turtlesim/turtlesim/msg/pose.hpp
[1.536s] -- Up-to-date: /home/tlbot/code/ros2_ws/install/turtlesim/include/turtlesim/turtlesim/msg/rosidl_generator_cpp__visibility_control.hpp
[1.537s] -- Up-to-date: /home/tlbot/code/ros2_ws/install/turtlesim/include/turtlesim/turtlesim/msg/color.hpp
[1.537s] -- Up-to-date: /home/tlbot/code/ros2_ws/install/turtlesim/include/turtlesim/turtlesim
[1.537s] -- Up-to-date: /home/tlbot/code/ros2_ws/install/turtlesim/include/turtlesim/turtlesim/srv
[1.537s] -- Up-to-date: /home/tlbot/code/ros2_ws/install/turtlesim/include/turtlesim/turtlesim/srv/detail
[1.537s] -- Up-to-date: /home/tlbot/code/ros2_ws/install/turtlesim/include/turtlesim/turtlesim/srv/detail/dds_fastrtps
[1.537s] -- Up-to-date: /home/tlbot/code/ros2_ws/install/turtlesim/include/turtlesim/turtlesim/srv/detail/set_pen__rosidl_typesupport_fastrtps_cpp.hpp
[1.538s] -- Up-to-date: /home/tlbot/code/ros2_ws/install/turtlesim/include/turtlesim/turtlesim/srv/detail/spawn__rosidl_typesupport_fastrtps_cpp.hpp
[1.538s] -- Up-to-date: /home/tlbot/code/ros2_ws/install/turtlesim/include/turtlesim/turtlesim/srv/detail/teleport_relative__rosidl_typesupport_fastrtps_cpp.hpp
[1.538s] -- Up-to-date: /home/tlbot/code/ros2_ws/install/turtlesim/include/turtlesim/turtlesim/srv/detail/teleport_absolute__rosidl_typesupport_fastrtps_cpp.hpp
[1.538s] -- Up-to-date: /home/tlbot/code/ros2_ws/install/turtlesim/include/turtlesim/turtlesim/srv/detail/kill__rosidl_typesupport_fastrtps_cpp.hpp
[1.538s] -- Up-to-date: /home/tlbot/code/ros2_ws/install/turtlesim/include/turtlesim/turtlesim/action
[1.538s] -- Up-to-date: /home/tlbot/code/ros2_ws/install/turtlesim/include/turtlesim/turtlesim/action/detail
[1.539s] -- Up-to-date: /home/tlbot/code/ros2_ws/install/turtlesim/include/turtlesim/turtlesim/action/detail/dds_fastrtps
[1.539s] -- Up-to-date: /home/tlbot/code/ros2_ws/install/turtlesim/include/turtlesim/turtlesim/action/detail/rotate_absolute__rosidl_typesupport_fastrtps_cpp.hpp
[1.539s] -- Up-to-date: /home/tlbot/code/ros2_ws/install/turtlesim/include/turtlesim/turtlesim/msg
[1.539s] -- Up-to-date: /home/tlbot/code/ros2_ws/install/turtlesim/include/turtlesim/turtlesim/msg/detail
[1.540s] -- Up-to-date: /home/tlbot/code/ros2_ws/install/turtlesim/include/turtlesim/turtlesim/msg/detail/dds_fastrtps
[1.540s] -- Up-to-date: /home/tlbot/code/ros2_ws/install/turtlesim/include/turtlesim/turtlesim/msg/detail/color__rosidl_typesupport_fastrtps_cpp.hpp
[1.540s] -- Up-to-date: /home/tlbot/code/ros2_ws/install/turtlesim/include/turtlesim/turtlesim/msg/detail/pose__rosidl_typesupport_fastrtps_cpp.hpp
[1.541s] -- Up-to-date: /home/tlbot/code/ros2_ws/install/turtlesim/include/turtlesim/turtlesim/msg/rosidl_typesupport_fastrtps_cpp__visibility_control.h
[1.541s] -- Up-to-date: /home/tlbot/code/ros2_ws/install/turtlesim/lib/libturtlesim__rosidl_typesupport_fastrtps_cpp.so
[1.541s] -- Up-to-date: /home/tlbot/code/ros2_ws/install/turtlesim/include/turtlesim/turtlesim
[1.541s] -- Up-to-date: /home/tlbot/code/ros2_ws/install/turtlesim/include/turtlesim/turtlesim/srv
[1.541s] -- Up-to-date: /home/tlbot/code/ros2_ws/install/turtlesim/include/turtlesim/turtlesim/srv/detail
[1.542s] -- Installing: /home/tlbot/code/ros2_ws/install/turtlesim/include/turtlesim/turtlesim/srv/detail/kill__type_support.c
[1.542s] -- Installing: /home/tlbot/code/ros2_ws/install/turtlesim/include/turtlesim/turtlesim/srv/detail/spawn__type_support.c
[1.542s] -- Installing: /home/tlbot/code/ros2_ws/install/turtlesim/include/turtlesim/turtlesim/srv/detail/teleport_relative__type_support.c
[1.542s] -- Up-to-date: /home/tlbot/code/ros2_ws/install/turtlesim/include/turtlesim/turtlesim/srv/detail/spawn__rosidl_typesupport_introspection_c.h
[1.542s] -- Up-to-date: /home/tlbot/code/ros2_ws/install/turtlesim/include/turtlesim/turtlesim/srv/detail/kill__rosidl_typesupport_introspection_c.h
[1.542s] -- Up-to-date: /home/tlbot/code/ros2_ws/install/turtlesim/include/turtlesim/turtlesim/srv/detail/teleport_relative__rosidl_typesupport_introspection_c.h
[1.542s] -- Up-to-date: /home/tlbot/code/ros2_ws/install/turtlesim/include/turtlesim/turtlesim/srv/detail/teleport_absolute__rosidl_typesupport_introspection_c.h
[1.543s] -- Installing: /home/tlbot/code/ros2_ws/install/turtlesim/include/turtlesim/turtlesim/srv/detail/set_pen__type_support.c
[1.543s] -- Up-to-date: /home/tlbot/code/ros2_ws/install/turtlesim/include/turtlesim/turtlesim/srv/detail/set_pen__rosidl_typesupport_introspection_c.h
[1.543s] -- Installing: /home/tlbot/code/ros2_ws/install/turtlesim/include/turtlesim/turtlesim/srv/detail/teleport_absolute__type_support.c
[1.543s] -- Up-to-date: /home/tlbot/code/ros2_ws/install/turtlesim/include/turtlesim/turtlesim/action
[1.543s] -- Up-to-date: /home/tlbot/code/ros2_ws/install/turtlesim/include/turtlesim/turtlesim/action/detail
[1.543s] -- Up-to-date: /home/tlbot/code/ros2_ws/install/turtlesim/include/turtlesim/turtlesim/action/detail/rotate_absolute__rosidl_typesupport_introspection_c.h
[1.543s] -- Installing: /home/tlbot/code/ros2_ws/install/turtlesim/include/turtlesim/turtlesim/action/detail/rotate_absolute__type_support.c
[1.544s] -- Up-to-date: /home/tlbot/code/ros2_ws/install/turtlesim/include/turtlesim/turtlesim/msg
[1.544s] -- Up-to-date: /home/tlbot/code/ros2_ws/install/turtlesim/include/turtlesim/turtlesim/msg/detail
[1.544s] -- Installing: /home/tlbot/code/ros2_ws/install/turtlesim/include/turtlesim/turtlesim/msg/detail/pose__type_support.c
[1.544s] -- Up-to-date: /home/tlbot/code/ros2_ws/install/turtlesim/include/turtlesim/turtlesim/msg/detail/color__rosidl_typesupport_introspection_c.h
[1.544s] -- Installing: /home/tlbot/code/ros2_ws/install/turtlesim/include/turtlesim/turtlesim/msg/detail/color__type_support.c
[1.544s] -- Up-to-date: /home/tlbot/code/ros2_ws/install/turtlesim/include/turtlesim/turtlesim/msg/detail/pose__rosidl_typesupport_introspection_c.h
[1.544s] -- Up-to-date: /home/tlbot/code/ros2_ws/install/turtlesim/include/turtlesim/turtlesim/msg/rosidl_typesupport_introspection_c__visibility_control.h
[1.544s] -- Up-to-date: /home/tlbot/code/ros2_ws/install/turtlesim/lib/libturtlesim__rosidl_typesupport_introspection_c.so
[1.545s] -- Up-to-date: /home/tlbot/code/ros2_ws/install/turtlesim/lib/libturtlesim__rosidl_typesupport_c.so
[1.545s] -- Up-to-date: /home/tlbot/code/ros2_ws/install/turtlesim/include/turtlesim/turtlesim
[1.545s] -- Up-to-date: /home/tlbot/code/ros2_ws/install/turtlesim/include/turtlesim/turtlesim/srv
[1.545s] -- Up-to-date: /home/tlbot/code/ros2_ws/install/turtlesim/include/turtlesim/turtlesim/srv/detail
[1.545s] -- Up-to-date: /home/tlbot/code/ros2_ws/install/turtlesim/include/turtlesim/turtlesim/srv/detail/kill__rosidl_typesupport_introspection_cpp.hpp
[1.545s] -- Up-to-date: /home/tlbot/code/ros2_ws/install/turtlesim/include/turtlesim/turtlesim/srv/detail/teleport_relative__rosidl_typesupport_introspection_cpp.hpp
[1.545s] -- Up-to-date: /home/tlbot/code/ros2_ws/install/turtlesim/include/turtlesim/turtlesim/srv/detail/teleport_absolute__type_support.cpp
[1.546s] -- Up-to-date: /home/tlbot/code/ros2_ws/install/turtlesim/include/turtlesim/turtlesim/srv/detail/set_pen__type_support.cpp
[1.546s] -- Up-to-date: /home/tlbot/code/ros2_ws/install/turtlesim/include/turtlesim/turtlesim/srv/detail/kill__type_support.cpp
[1.546s] -- Up-to-date: /home/tlbot/code/ros2_ws/install/turtlesim/include/turtlesim/turtlesim/srv/detail/spawn__rosidl_typesupport_introspection_cpp.hpp
[1.546s] -- Up-to-date: /home/tlbot/code/ros2_ws/install/turtlesim/include/turtlesim/turtlesim/srv/detail/teleport_absolute__rosidl_typesupport_introspection_cpp.hpp
[1.546s] -- Up-to-date: /home/tlbot/code/ros2_ws/install/turtlesim/include/turtlesim/turtlesim/srv/detail/spawn__type_support.cpp
[1.546s] -- Up-to-date: /home/tlbot/code/ros2_ws/install/turtlesim/include/turtlesim/turtlesim/srv/detail/teleport_relative__type_support.cpp
[1.546s] -- Up-to-date: /home/tlbot/code/ros2_ws/install/turtlesim/include/turtlesim/turtlesim/srv/detail/set_pen__rosidl_typesupport_introspection_cpp.hpp
[1.547s] -- Up-to-date: /home/tlbot/code/ros2_ws/install/turtlesim/include/turtlesim/turtlesim/action
[1.547s] -- Up-to-date: /home/tlbot/code/ros2_ws/install/turtlesim/include/turtlesim/turtlesim/action/detail
[1.547s] -- Up-to-date: /home/tlbot/code/ros2_ws/install/turtlesim/include/turtlesim/turtlesim/action/detail/rotate_absolute__type_support.cpp
[1.547s] -- Up-to-date: /home/tlbot/code/ros2_ws/install/turtlesim/include/turtlesim/turtlesim/action/detail/rotate_absolute__rosidl_typesupport_introspection_cpp.hpp
[1.547s] -- Up-to-date: /home/tlbot/code/ros2_ws/install/turtlesim/include/turtlesim/turtlesim/msg
[1.547s] -- Up-to-date: /home/tlbot/code/ros2_ws/install/turtlesim/include/turtlesim/turtlesim/msg/detail
[1.547s] -- Up-to-date: /home/tlbot/code/ros2_ws/install/turtlesim/include/turtlesim/turtlesim/msg/detail/color__type_support.cpp
[1.548s] -- Up-to-date: /home/tlbot/code/ros2_ws/install/turtlesim/include/turtlesim/turtlesim/msg/detail/pose__type_support.cpp
[1.548s] -- Up-to-date: /home/tlbot/code/ros2_ws/install/turtlesim/include/turtlesim/turtlesim/msg/detail/color__rosidl_typesupport_introspection_cpp.hpp
[1.548s] -- Up-to-date: /home/tlbot/code/ros2_ws/install/turtlesim/include/turtlesim/turtlesim/msg/detail/pose__rosidl_typesupport_introspection_cpp.hpp
[1.548s] -- Up-to-date: /home/tlbot/code/ros2_ws/install/turtlesim/lib/libturtlesim__rosidl_typesupport_introspection_cpp.so
[1.548s] -- Up-to-date: /home/tlbot/code/ros2_ws/install/turtlesim/lib/libturtlesim__rosidl_typesupport_cpp.so
[1.548s] -- Up-to-date: /home/tlbot/code/ros2_ws/install/turtlesim/share/turtlesim/environment/pythonpath.sh
[1.548s] -- Up-to-date: /home/tlbot/code/ros2_ws/install/turtlesim/share/turtlesim/environment/pythonpath.dsv
[1.548s] -- Up-to-date: /home/tlbot/code/ros2_ws/install/turtlesim/lib/python3.12/site-packages/turtlesim-1.8.3-py3.12.egg-info
[1.549s] -- Installing: /home/tlbot/code/ros2_ws/install/turtlesim/lib/python3.12/site-packages/turtlesim-1.8.3-py3.12.egg-info/SOURCES.txt
[1.549s] -- Installing: /home/tlbot/code/ros2_ws/install/turtlesim/lib/python3.12/site-packages/turtlesim-1.8.3-py3.12.egg-info/PKG-INFO
[1.549s] -- Installing: /home/tlbot/code/ros2_ws/install/turtlesim/lib/python3.12/site-packages/turtlesim-1.8.3-py3.12.egg-info/top_level.txt
[1.549s] -- Installing: /home/tlbot/code/ros2_ws/install/turtlesim/lib/python3.12/site-packages/turtlesim-1.8.3-py3.12.egg-info/dependency_links.txt
[1.549s] -- Up-to-date: /home/tlbot/code/ros2_ws/install/turtlesim/lib/python3.12/site-packages/turtlesim
[1.549s] -- Up-to-date: /home/tlbot/code/ros2_ws/install/turtlesim/lib/python3.12/site-packages/turtlesim/srv
[1.549s] -- Up-to-date: /home/tlbot/code/ros2_ws/install/turtlesim/lib/python3.12/site-packages/turtlesim/srv/_teleport_absolute_s.c
[1.549s] -- Up-to-date: /home/tlbot/code/ros2_ws/install/turtlesim/lib/python3.12/site-packages/turtlesim/srv/_teleport_relative_s.c
[1.550s] -- Up-to-date: /home/tlbot/code/ros2_ws/install/turtlesim/lib/python3.12/site-packages/turtlesim/srv/_kill_s.c
[1.550s] -- Up-to-date: /home/tlbot/code/ros2_ws/install/turtlesim/lib/python3.12/site-packages/turtlesim/srv/_kill.py
[1.550s] -- Up-to-date: /home/tlbot/code/ros2_ws/install/turtlesim/lib/python3.12/site-packages/turtlesim/srv/_set_pen_s.c
[1.550s] -- Up-to-date: /home/tlbot/code/ros2_ws/install/turtlesim/lib/python3.12/site-packages/turtlesim/srv/_set_pen.py
[1.550s] -- Up-to-date: /home/tlbot/code/ros2_ws/install/turtlesim/lib/python3.12/site-packages/turtlesim/srv/_spawn_s.c
[1.550s] -- Up-to-date: /home/tlbot/code/ros2_ws/install/turtlesim/lib/python3.12/site-packages/turtlesim/srv/_teleport_relative.py
[1.550s] -- Up-to-date: /home/tlbot/code/ros2_ws/install/turtlesim/lib/python3.12/site-packages/turtlesim/srv/_spawn.py
[1.550s] -- Up-to-date: /home/tlbot/code/ros2_ws/install/turtlesim/lib/python3.12/site-packages/turtlesim/srv/_teleport_absolute.py
[1.551s] -- Up-to-date: /home/tlbot/code/ros2_ws/install/turtlesim/lib/python3.12/site-packages/turtlesim/srv/__init__.py
[1.551s] -- Up-to-date: /home/tlbot/code/ros2_ws/install/turtlesim/lib/python3.12/site-packages/turtlesim/_turtlesim_s.ep.rosidl_typesupport_fastrtps_c.c
[1.551s] -- Up-to-date: /home/tlbot/code/ros2_ws/install/turtlesim/lib/python3.12/site-packages/turtlesim/turtlesim_s__rosidl_typesupport_introspection_c.so
[1.551s] -- Up-to-date: /home/tlbot/code/ros2_ws/install/turtlesim/lib/python3.12/site-packages/turtlesim/turtlesim_s__rosidl_typesupport_fastrtps_c.so
[1.551s] -- Up-to-date: /home/tlbot/code/ros2_ws/install/turtlesim/lib/python3.12/site-packages/turtlesim/turtlesim_s__rosidl_typesupport_c.so
[1.551s] -- Up-to-date: /home/tlbot/code/ros2_ws/install/turtlesim/lib/python3.12/site-packages/turtlesim/_turtlesim_s.ep.rosidl_typesupport_c.c
[1.551s] -- Up-to-date: /home/tlbot/code/ros2_ws/install/turtlesim/lib/python3.12/site-packages/turtlesim/action
[1.552s] -- Up-to-date: /home/tlbot/code/ros2_ws/install/turtlesim/lib/python3.12/site-packages/turtlesim/action/_rotate_absolute.py
[1.552s] -- Up-to-date: /home/tlbot/code/ros2_ws/install/turtlesim/lib/python3.12/site-packages/turtlesim/action/_rotate_absolute_s.c
[1.552s] -- Up-to-date: /home/tlbot/code/ros2_ws/install/turtlesim/lib/python3.12/site-packages/turtlesim/action/__init__.py
[1.552s] -- Up-to-date: /home/tlbot/code/ros2_ws/install/turtlesim/lib/python3.12/site-packages/turtlesim/msg
[1.552s] -- Up-to-date: /home/tlbot/code/ros2_ws/install/turtlesim/lib/python3.12/site-packages/turtlesim/msg/_pose_s.c
[1.552s] -- Up-to-date: /home/tlbot/code/ros2_ws/install/turtlesim/lib/python3.12/site-packages/turtlesim/msg/_pose.py
[1.552s] -- Up-to-date: /home/tlbot/code/ros2_ws/install/turtlesim/lib/python3.12/site-packages/turtlesim/msg/_color.py
[1.552s] -- Up-to-date: /home/tlbot/code/ros2_ws/install/turtlesim/lib/python3.12/site-packages/turtlesim/msg/_color_s.c
[1.553s] -- Up-to-date: /home/tlbot/code/ros2_ws/install/turtlesim/lib/python3.12/site-packages/turtlesim/msg/__init__.py
[1.553s] -- Up-to-date: /home/tlbot/code/ros2_ws/install/turtlesim/lib/python3.12/site-packages/turtlesim/_turtlesim_s.ep.rosidl_typesupport_introspection_c.c
[1.553s] -- Up-to-date: /home/tlbot/code/ros2_ws/install/turtlesim/lib/python3.12/site-packages/turtlesim/__init__.py
[1.638s] Listing '/home/tlbot/code/ros2_ws/install/turtlesim/lib/python3.12/site-packages/turtlesim'...
[1.638s] Listing '/home/tlbot/code/ros2_ws/install/turtlesim/lib/python3.12/site-packages/turtlesim/action'...
[1.638s] Listing '/home/tlbot/code/ros2_ws/install/turtlesim/lib/python3.12/site-packages/turtlesim/msg'...
[1.638s] Listing '/home/tlbot/code/ros2_ws/install/turtlesim/lib/python3.12/site-packages/turtlesim/srv'...
[1.651s] -- Up-to-date: /home/tlbot/code/ros2_ws/install/turtlesim/lib/python3.12/site-packages/turtlesim/turtlesim_s__rosidl_typesupport_fastrtps_c.so
[1.651s] -- Up-to-date: /home/tlbot/code/ros2_ws/install/turtlesim/lib/python3.12/site-packages/turtlesim/turtlesim_s__rosidl_typesupport_introspection_c.so
[1.652s] -- Up-to-date: /home/tlbot/code/ros2_ws/install/turtlesim/lib/python3.12/site-packages/turtlesim/turtlesim_s__rosidl_typesupport_c.so
[1.653s] -- Up-to-date: /home/tlbot/code/ros2_ws/install/turtlesim/lib/libturtlesim__rosidl_generator_py.so
[1.654s] -- Up-to-date: /home/tlbot/code/ros2_ws/install/turtlesim/share/turtlesim/action/RotateAbsolute.idl
[1.654s] -- Up-to-date: /home/tlbot/code/ros2_ws/install/turtlesim/share/turtlesim/msg/Color.idl
[1.654s] -- Up-to-date: /home/tlbot/code/ros2_ws/install/turtlesim/share/turtlesim/msg/Pose.idl
[1.654s] -- Up-to-date: /home/tlbot/code/ros2_ws/install/turtlesim/share/turtlesim/srv/Kill.idl
[1.654s] -- Up-to-date: /home/tlbot/code/ros2_ws/install/turtlesim/share/turtlesim/srv/SetPen.idl
[1.655s] -- Up-to-date: /home/tlbot/code/ros2_ws/install/turtlesim/share/turtlesim/srv/Spawn.idl
[1.655s] -- Up-to-date: /home/tlbot/code/ros2_ws/install/turtlesim/share/turtlesim/srv/TeleportAbsolute.idl
[1.655s] -- Up-to-date: /home/tlbot/code/ros2_ws/install/turtlesim/share/turtlesim/srv/TeleportRelative.idl
[1.655s] -- Up-to-date: /home/tlbot/code/ros2_ws/install/turtlesim/share/turtlesim/action/RotateAbsolute.action
[1.655s] -- Up-to-date: /home/tlbot/code/ros2_ws/install/turtlesim/share/turtlesim/msg/Color.msg
[1.656s] -- Up-to-date: /home/tlbot/code/ros2_ws/install/turtlesim/share/turtlesim/msg/Pose.msg
[1.656s] -- Up-to-date: /home/tlbot/code/ros2_ws/install/turtlesim/share/turtlesim/srv/Kill.srv
[1.656s] -- Up-to-date: /home/tlbot/code/ros2_ws/install/turtlesim/share/turtlesim/srv/SetPen.srv
[1.656s] -- Up-to-date: /home/tlbot/code/ros2_ws/install/turtlesim/share/turtlesim/srv/Spawn.srv
[1.656s] -- Up-to-date: /home/tlbot/code/ros2_ws/install/turtlesim/share/turtlesim/srv/TeleportAbsolute.srv
[1.656s] -- Up-to-date: /home/tlbot/code/ros2_ws/install/turtlesim/share/turtlesim/srv/TeleportRelative.srv
[1.656s] -- Up-to-date: /home/tlbot/code/ros2_ws/install/turtlesim/lib/turtlesim/turtlesim_node
[1.657s] -- Up-to-date: /home/tlbot/code/ros2_ws/install/turtlesim/lib/turtlesim/turtle_teleop_key
[1.658s] -- Up-to-date: /home/tlbot/code/ros2_ws/install/turtlesim/lib/turtlesim/draw_square
[1.659s] -- Up-to-date: /home/tlbot/code/ros2_ws/install/turtlesim/lib/turtlesim/mimic
[1.659s] -- Up-to-date: /home/tlbot/code/ros2_ws/install/turtlesim/share/turtlesim/images
[1.659s] -- Up-to-date: /home/tlbot/code/ros2_ws/install/turtlesim/share/turtlesim/images/dashing.png
[1.660s] -- Up-to-date: /home/tlbot/code/ros2_ws/install/turtlesim/share/turtlesim/images/foxy.png
[1.660s] -- Up-to-date: /home/tlbot/code/ros2_ws/install/turtlesim/share/turtlesim/images/iron.png
[1.660s] -- Up-to-date: /home/tlbot/code/ros2_ws/install/turtlesim/share/turtlesim/images/ardent.png
[1.661s] -- Up-to-date: /home/tlbot/code/ros2_ws/install/turtlesim/share/turtlesim/images/rolling.png
[1.661s] -- Up-to-date: /home/tlbot/code/ros2_ws/install/turtlesim/share/turtlesim/images/humble.png
[1.661s] -- Up-to-date: /home/tlbot/code/ros2_ws/install/turtlesim/share/turtlesim/images/galactic.png
[1.662s] -- Up-to-date: /home/tlbot/code/ros2_ws/install/turtlesim/share/turtlesim/images/jazzy.png
[1.662s] -- Up-to-date: /home/tlbot/code/ros2_ws/install/turtlesim/share/turtlesim/images/crystal.png
[1.662s] -- Up-to-date: /home/tlbot/code/ros2_ws/install/turtlesim/share/turtlesim/images/bouncy.png
[1.662s] -- Up-to-date: /home/tlbot/code/ros2_ws/install/turtlesim/share/turtlesim/images/eloquent.png
[1.662s] -- Up-to-date: /home/tlbot/code/ros2_ws/install/turtlesim/share/turtlesim/launch
[1.662s] -- Up-to-date: /home/tlbot/code/ros2_ws/install/turtlesim/share/turtlesim/launch/multisim.launch.py
[1.662s] -- Up-to-date: /home/tlbot/code/ros2_ws/install/turtlesim/share/ament_index/resource_index/package_run_dependencies/turtlesim
[1.663s] -- Up-to-date: /home/tlbot/code/ros2_ws/install/turtlesim/share/ament_index/resource_index/parent_prefix_path/turtlesim
[1.663s] -- Up-to-date: /home/tlbot/code/ros2_ws/install/turtlesim/share/turtlesim/environment/ament_prefix_path.sh
[1.663s] -- Up-to-date: /home/tlbot/code/ros2_ws/install/turtlesim/share/turtlesim/environment/ament_prefix_path.dsv
[1.663s] -- Up-to-date: /home/tlbot/code/ros2_ws/install/turtlesim/share/turtlesim/environment/path.sh
[1.663s] -- Up-to-date: /home/tlbot/code/ros2_ws/install/turtlesim/share/turtlesim/environment/path.dsv
[1.663s] -- Up-to-date: /home/tlbot/code/ros2_ws/install/turtlesim/share/turtlesim/local_setup.bash
[1.663s] -- Up-to-date: /home/tlbot/code/ros2_ws/install/turtlesim/share/turtlesim/local_setup.sh
[1.664s] -- Up-to-date: /home/tlbot/code/ros2_ws/install/turtlesim/share/turtlesim/local_setup.zsh
[1.664s] -- Up-to-date: /home/tlbot/code/ros2_ws/install/turtlesim/share/turtlesim/local_setup.dsv
[1.664s] -- Installing: /home/tlbot/code/ros2_ws/install/turtlesim/share/turtlesim/package.dsv
[1.664s] -- Up-to-date: /home/tlbot/code/ros2_ws/install/turtlesim/share/ament_index/resource_index/packages/turtlesim
[1.664s] -- Up-to-date: /home/tlbot/code/ros2_ws/install/turtlesim/share/turtlesim/cmake/export_turtlesim__rosidl_generator_cExport.cmake
[1.665s] -- Up-to-date: /home/tlbot/code/ros2_ws/install/turtlesim/share/turtlesim/cmake/export_turtlesim__rosidl_generator_cExport-noconfig.cmake
[1.665s] -- Up-to-date: /home/tlbot/code/ros2_ws/install/turtlesim/share/turtlesim/cmake/export_turtlesim__rosidl_typesupport_fastrtps_cExport.cmake
[1.665s] -- Up-to-date: /home/tlbot/code/ros2_ws/install/turtlesim/share/turtlesim/cmake/export_turtlesim__rosidl_typesupport_fastrtps_cExport-noconfig.cmake
[1.665s] -- Up-to-date: /home/tlbot/code/ros2_ws/install/turtlesim/share/turtlesim/cmake/export_turtlesim__rosidl_generator_cppExport.cmake
[1.665s] -- Up-to-date: /home/tlbot/code/ros2_ws/install/turtlesim/share/turtlesim/cmake/export_turtlesim__rosidl_typesupport_fastrtps_cppExport.cmake
[1.665s] -- Up-to-date: /home/tlbot/code/ros2_ws/install/turtlesim/share/turtlesim/cmake/export_turtlesim__rosidl_typesupport_fastrtps_cppExport-noconfig.cmake
[1.665s] -- Up-to-date: /home/tlbot/code/ros2_ws/install/turtlesim/share/turtlesim/cmake/turtlesim__rosidl_typesupport_introspection_cExport.cmake
[1.666s] -- Up-to-date: /home/tlbot/code/ros2_ws/install/turtlesim/share/turtlesim/cmake/turtlesim__rosidl_typesupport_introspection_cExport-noconfig.cmake
[1.666s] -- Up-to-date: /home/tlbot/code/ros2_ws/install/turtlesim/share/turtlesim/cmake/turtlesim__rosidl_typesupport_cExport.cmake
[1.666s] -- Up-to-date: /home/tlbot/code/ros2_ws/install/turtlesim/share/turtlesim/cmake/turtlesim__rosidl_typesupport_cExport-noconfig.cmake
[1.666s] -- Up-to-date: /home/tlbot/code/ros2_ws/install/turtlesim/share/turtlesim/cmake/turtlesim__rosidl_typesupport_introspection_cppExport.cmake
[1.666s] -- Up-to-date: /home/tlbot/code/ros2_ws/install/turtlesim/share/turtlesim/cmake/turtlesim__rosidl_typesupport_introspection_cppExport-noconfig.cmake
[1.666s] -- Up-to-date: /home/tlbot/code/ros2_ws/install/turtlesim/share/turtlesim/cmake/turtlesim__rosidl_typesupport_cppExport.cmake
[1.667s] -- Up-to-date: /home/tlbot/code/ros2_ws/install/turtlesim/share/turtlesim/cmake/turtlesim__rosidl_typesupport_cppExport-noconfig.cmake
[1.667s] -- Up-to-date: /home/tlbot/code/ros2_ws/install/turtlesim/share/turtlesim/cmake/export_turtlesim__rosidl_generator_pyExport.cmake
[1.667s] -- Up-to-date: /home/tlbot/code/ros2_ws/install/turtlesim/share/turtlesim/cmake/export_turtlesim__rosidl_generator_pyExport-noconfig.cmake
[1.667s] -- Up-to-date: /home/tlbot/code/ros2_ws/install/turtlesim/share/turtlesim/cmake/rosidl_cmake-extras.cmake
[1.667s] -- Up-to-date: /home/tlbot/code/ros2_ws/install/turtlesim/share/turtlesim/cmake/ament_cmake_export_dependencies-extras.cmake
[1.668s] -- Up-to-date: /home/tlbot/code/ros2_ws/install/turtlesim/share/turtlesim/cmake/ament_cmake_export_include_directories-extras.cmake
[1.668s] -- Up-to-date: /home/tlbot/code/ros2_ws/install/turtlesim/share/turtlesim/cmake/ament_cmake_export_libraries-extras.cmake
[1.668s] -- Up-to-date: /home/tlbot/code/ros2_ws/install/turtlesim/share/turtlesim/cmake/ament_cmake_export_targets-extras.cmake
[1.668s] -- Up-to-date: /home/tlbot/code/ros2_ws/install/turtlesim/share/turtlesim/cmake/rosidl_cmake_export_typesupport_targets-extras.cmake
[1.668s] -- Up-to-date: /home/tlbot/code/ros2_ws/install/turtlesim/share/turtlesim/cmake/rosidl_cmake_export_typesupport_libraries-extras.cmake
[1.668s] -- Up-to-date: /home/tlbot/code/ros2_ws/install/turtlesim/share/turtlesim/cmake/turtlesimConfig.cmake
[1.669s] -- Up-to-date: /home/tlbot/code/ros2_ws/install/turtlesim/share/turtlesim/cmake/turtlesimConfig-version.cmake
[1.669s] -- Up-to-date: /home/tlbot/code/ros2_ws/install/turtlesim/share/turtlesim/package.xml
[1.673s] Invoked command in '/home/tlbot/code/ros2_ws/build/turtlesim' returned '0': CMAKE_PREFIX_PATH=${CMAKE_PREFIX_PATH}:/opt/ros/jazzy PS1=(gac-robotics)\[\e]0;\u@\h: \w\a\]${debian_chroot:+($debian_chroot)}\[\033[01;32m\]\u@\h\[\033[00m\]:\[\033[01;34m\]\w\[\033[00m\]\$ /usr/bin/cmake --install /home/tlbot/code/ros2_ws/build/turtlesim
