[0.029s] Invoking command in '/home/tlbot/code/ros2_ws/build/cpp_pubsub': CMAKE_PREFIX_PATH=${CMAKE_PREFIX_PATH}:/opt/ros/jazzy PS1=(gac-robotics)\[\e]0;\u@\h: \w\a\]${debian_chroot:+($debian_chroot)}\[\033[01;32m\]\u@\h\[\033[00m\]:\[\033[01;34m\]\w\[\033[00m\]\$ /usr/bin/cmake /home/tlbot/code/ros2_ws/src/cpp_pubsub -DCMAKE_INSTALL_PREFIX=/home/tlbot/code/ros2_ws/install/cpp_pubsub
[0.142s] -- The C compiler identification is GNU 13.2.0
[0.266s] -- The CXX compiler identification is GNU 13.2.0
[0.298s] -- Detecting C compiler ABI info
[0.474s] -- Detecting C compiler ABI info - done
[0.506s] -- Check for working C compiler: /usr/bin/cc - skipped
[0.506s] -- Detecting C compile features
[0.508s] -- Detecting C compile features - done
[0.528s] -- Detecting CXX compiler ABI info
[0.727s] -- Detecting CXX compiler ABI info - done
[0.752s] -- Check for working CXX compiler: /usr/bin/c++ - skipped
[0.753s] -- Detecting CXX compile features
[0.753s] -- Detecting CXX compile features - done
[0.758s] -- Found ament_cmake: 2.5.2 (/opt/ros/jazzy/share/ament_cmake/cmake)
[1.055s] -- Found Python3: /usr/bin/python3 (found version "3.12.3") found components: Interpreter 
[1.274s] -- Found rclcpp: 28.1.3 (/opt/ros/jazzy/share/rclcpp/cmake)
[1.357s] -- Found rosidl_generator_c: 4.6.3 (/opt/ros/jazzy/share/rosidl_generator_c/cmake)
[1.385s] -- Found rosidl_generator_cpp: 4.6.3 (/opt/ros/jazzy/share/rosidl_generator_cpp/cmake)
[1.420s] -- Using all available rosidl_typesupport_c: rosidl_typesupport_fastrtps_c;rosidl_typesupport_introspection_c
[1.459s] -- Using all available rosidl_typesupport_cpp: rosidl_typesupport_fastrtps_cpp;rosidl_typesupport_introspection_cpp
[1.635s] -- Found rmw_implementation_cmake: 7.3.1 (/opt/ros/jazzy/share/rmw_implementation_cmake/cmake)
[1.645s] -- Found rmw_fastrtps_cpp: 8.4.1 (/opt/ros/jazzy/share/rmw_fastrtps_cpp/cmake)
[1.795s] -- Found OpenSSL: /usr/lib/x86_64-linux-gnu/libcrypto.so (found version "3.0.13")  
[1.831s] -- Found FastRTPS: /opt/ros/jazzy/include (Required is at least version "2.13") 
[1.878s] -- Using RMW implementation 'rmw_fastrtps_cpp' as default
[2.039s] -- Found std_msgs: 5.3.5 (/opt/ros/jazzy/share/std_msgs/cmake)
[2.071s] -- Found ament_lint_auto: 0.17.1 (/opt/ros/jazzy/share/ament_lint_auto/cmake)
[2.313s] -- Added test 'cppcheck' to perform static code analysis on C / C++ code
[2.314s] -- Configured cppcheck include dirs: 
[2.314s] -- Configured cppcheck exclude dirs and/or files: 
[2.315s] -- Added test 'flake8' to check Python code syntax and style conventions
[2.315s] -- Configured 'flake8' exclude dirs and/or files: 
[2.317s] -- Added test 'lint_cmake' to check CMake code style
[2.319s] -- Added test 'pep257' to check Python code against some of the docstring style conventions in PEP 257
[2.325s] -- Added test 'uncrustify' to check C / C++ code style
[2.325s] -- Configured uncrustify additional arguments: 
[2.326s] -- Added test 'xmllint' to check XML markup files
[2.329s] -- Configuring done (2.3s)
[2.351s] -- Generating done (0.0s)
[2.355s] -- Build files have been written to: /home/tlbot/code/ros2_ws/build/cpp_pubsub
[2.371s] Invoked command in '/home/tlbot/code/ros2_ws/build/cpp_pubsub' returned '0': CMAKE_PREFIX_PATH=${CMAKE_PREFIX_PATH}:/opt/ros/jazzy PS1=(gac-robotics)\[\e]0;\u@\h: \w\a\]${debian_chroot:+($debian_chroot)}\[\033[01;32m\]\u@\h\[\033[00m\]:\[\033[01;34m\]\w\[\033[00m\]\$ /usr/bin/cmake /home/tlbot/code/ros2_ws/src/cpp_pubsub -DCMAKE_INSTALL_PREFIX=/home/tlbot/code/ros2_ws/install/cpp_pubsub
[2.373s] Invoking command in '/home/tlbot/code/ros2_ws/build/cpp_pubsub': CMAKE_PREFIX_PATH=${CMAKE_PREFIX_PATH}:/opt/ros/jazzy PS1=(gac-robotics)\[\e]0;\u@\h: \w\a\]${debian_chroot:+($debian_chroot)}\[\033[01;32m\]\u@\h\[\033[00m\]:\[\033[01;34m\]\w\[\033[00m\]\$ /usr/bin/cmake --build /home/tlbot/code/ros2_ws/build/cpp_pubsub -- -j16 -l16
[2.478s] [ 50%] [32mBuilding CXX object CMakeFiles/talker.dir/src/publisher_lambda_function.cpp.o[0m
[13.483s] [100%] [32m[1mLinking CXX executable talker[0m
[14.106s] [100%] Built target talker
[14.161s] Invoked command in '/home/tlbot/code/ros2_ws/build/cpp_pubsub' returned '0': CMAKE_PREFIX_PATH=${CMAKE_PREFIX_PATH}:/opt/ros/jazzy PS1=(gac-robotics)\[\e]0;\u@\h: \w\a\]${debian_chroot:+($debian_chroot)}\[\033[01;32m\]\u@\h\[\033[00m\]:\[\033[01;34m\]\w\[\033[00m\]\$ /usr/bin/cmake --build /home/tlbot/code/ros2_ws/build/cpp_pubsub -- -j16 -l16
[14.325s] Invoking command in '/home/tlbot/code/ros2_ws/build/cpp_pubsub': CMAKE_PREFIX_PATH=${CMAKE_PREFIX_PATH}:/opt/ros/jazzy PS1=(gac-robotics)\[\e]0;\u@\h: \w\a\]${debian_chroot:+($debian_chroot)}\[\033[01;32m\]\u@\h\[\033[00m\]:\[\033[01;34m\]\w\[\033[00m\]\$ /usr/bin/cmake --install /home/tlbot/code/ros2_ws/build/cpp_pubsub
[14.351s] -- Install configuration: ""
[14.354s] -- Installing: /home/tlbot/code/ros2_ws/install/cpp_pubsub/lib/cpp_pubsub/talker
[14.374s] -- Set non-toolchain portion of runtime path of "/home/tlbot/code/ros2_ws/install/cpp_pubsub/lib/cpp_pubsub/talker" to ""
[14.379s] -- Installing: /home/tlbot/code/ros2_ws/install/cpp_pubsub/share/ament_index/resource_index/package_run_dependencies/cpp_pubsub
[14.380s] -- Installing: /home/tlbot/code/ros2_ws/install/cpp_pubsub/share/ament_index/resource_index/parent_prefix_path/cpp_pubsub
[14.380s] -- Installing: /home/tlbot/code/ros2_ws/install/cpp_pubsub/share/cpp_pubsub/environment/ament_prefix_path.sh
[14.380s] -- Installing: /home/tlbot/code/ros2_ws/install/cpp_pubsub/share/cpp_pubsub/environment/ament_prefix_path.dsv
[14.390s] -- Installing: /home/tlbot/code/ros2_ws/install/cpp_pubsub/share/cpp_pubsub/environment/path.sh
[14.390s] -- Installing: /home/tlbot/code/ros2_ws/install/cpp_pubsub/share/cpp_pubsub/environment/path.dsv
[14.393s] -- Installing: /home/tlbot/code/ros2_ws/install/cpp_pubsub/share/cpp_pubsub/local_setup.bash
[14.394s] -- Installing: /home/tlbot/code/ros2_ws/install/cpp_pubsub/share/cpp_pubsub/local_setup.sh
[14.397s] -- Installing: /home/tlbot/code/ros2_ws/install/cpp_pubsub/share/cpp_pubsub/local_setup.zsh
[14.407s] -- Installing: /home/tlbot/code/ros2_ws/install/cpp_pubsub/share/cpp_pubsub/local_setup.dsv
[14.408s] -- Installing: /home/tlbot/code/ros2_ws/install/cpp_pubsub/share/cpp_pubsub/package.dsv
[14.408s] -- Installing: /home/tlbot/code/ros2_ws/install/cpp_pubsub/share/ament_index/resource_index/packages/cpp_pubsub
[14.408s] -- Installing: /home/tlbot/code/ros2_ws/install/cpp_pubsub/share/cpp_pubsub/cmake/cpp_pubsubConfig.cmake
[14.412s] -- Installing: /home/tlbot/code/ros2_ws/install/cpp_pubsub/share/cpp_pubsub/cmake/cpp_pubsubConfig-version.cmake
[14.413s] -- Installing: /home/tlbot/code/ros2_ws/install/cpp_pubsub/share/cpp_pubsub/package.xml
[14.417s] Invoked command in '/home/tlbot/code/ros2_ws/build/cpp_pubsub' returned '0': CMAKE_PREFIX_PATH=${CMAKE_PREFIX_PATH}:/opt/ros/jazzy PS1=(gac-robotics)\[\e]0;\u@\h: \w\a\]${debian_chroot:+($debian_chroot)}\[\033[01;32m\]\u@\h\[\033[00m\]:\[\033[01;34m\]\w\[\033[00m\]\$ /usr/bin/cmake --install /home/tlbot/code/ros2_ws/build/cpp_pubsub
