[0.041s] Invoking command in '/home/tlbot/code/ros2_ws/build/cpp_srvcli': CMAKE_PREFIX_PATH=${CMAKE_PREFIX_PATH}:/opt/ros/jazzy PS1=(gac-robotics)\[\e]0;\u@\h: \w\a\]${debian_chroot:+($debian_chroot)}\[\033[01;32m\]\u@\h\[\033[00m\]:\[\033[01;34m\]\w\[\033[00m\]\$ /usr/bin/cmake --build /home/tlbot/code/ros2_ws/build/cpp_srvcli -- -j16 -l16
[0.126s] Invoked command in '/home/tlbot/code/ros2_ws/build/cpp_srvcli' returned '0': CMAKE_PREFIX_PATH=${CMAKE_PREFIX_PATH}:/opt/ros/jazzy PS1=(gac-robotics)\[\e]0;\u@\h: \w\a\]${debian_chroot:+($debian_chroot)}\[\033[01;32m\]\u@\h\[\033[00m\]:\[\033[01;34m\]\w\[\033[00m\]\$ /usr/bin/cmake --build /home/tlbot/code/ros2_ws/build/cpp_srvcli -- -j16 -l16
[0.187s] Invoking command in '/home/tlbot/code/ros2_ws/build/cpp_srvcli': CMAKE_PREFIX_PATH=${CMAKE_PREFIX_PATH}:/opt/ros/jazzy PS1=(gac-robotics)\[\e]0;\u@\h: \w\a\]${debian_chroot:+($debian_chroot)}\[\033[01;32m\]\u@\h\[\033[00m\]:\[\033[01;34m\]\w\[\033[00m\]\$ /usr/bin/cmake --install /home/tlbot/code/ros2_ws/build/cpp_srvcli
[0.202s] -- Install configuration: ""
[0.202s] -- Up-to-date: /home/tlbot/code/ros2_ws/install/cpp_srvcli/share/ament_index/resource_index/package_run_dependencies/cpp_srvcli
[0.202s] -- Up-to-date: /home/tlbot/code/ros2_ws/install/cpp_srvcli/share/ament_index/resource_index/parent_prefix_path/cpp_srvcli
[0.203s] -- Up-to-date: /home/tlbot/code/ros2_ws/install/cpp_srvcli/share/cpp_srvcli/environment/ament_prefix_path.sh
[0.204s] -- Up-to-date: /home/tlbot/code/ros2_ws/install/cpp_srvcli/share/cpp_srvcli/environment/ament_prefix_path.dsv
[0.204s] -- Up-to-date: /home/tlbot/code/ros2_ws/install/cpp_srvcli/share/cpp_srvcli/environment/path.sh
[0.204s] -- Up-to-date: /home/tlbot/code/ros2_ws/install/cpp_srvcli/share/cpp_srvcli/environment/path.dsv
[0.204s] -- Up-to-date: /home/tlbot/code/ros2_ws/install/cpp_srvcli/share/cpp_srvcli/local_setup.bash
[0.205s] -- Up-to-date: /home/tlbot/code/ros2_ws/install/cpp_srvcli/share/cpp_srvcli/local_setup.sh
[0.205s] -- Up-to-date: /home/tlbot/code/ros2_ws/install/cpp_srvcli/share/cpp_srvcli/local_setup.zsh
[0.205s] -- Up-to-date: /home/tlbot/code/ros2_ws/install/cpp_srvcli/share/cpp_srvcli/local_setup.dsv
[0.205s] -- Up-to-date: /home/tlbot/code/ros2_ws/install/cpp_srvcli/share/cpp_srvcli/package.dsv
[0.206s] -- Up-to-date: /home/tlbot/code/ros2_ws/install/cpp_srvcli/share/ament_index/resource_index/packages/cpp_srvcli
[0.206s] -- Up-to-date: /home/tlbot/code/ros2_ws/install/cpp_srvcli/share/cpp_srvcli/cmake/cpp_srvcliConfig.cmake
[0.207s] -- Up-to-date: /home/tlbot/code/ros2_ws/install/cpp_srvcli/share/cpp_srvcli/cmake/cpp_srvcliConfig-version.cmake
[0.207s] -- Up-to-date: /home/tlbot/code/ros2_ws/install/cpp_srvcli/share/cpp_srvcli/package.xml
[0.209s] Invoked command in '/home/tlbot/code/ros2_ws/build/cpp_srvcli' returned '0': CMAKE_PREFIX_PATH=${CMAKE_PREFIX_PATH}:/opt/ros/jazzy PS1=(gac-robotics)\[\e]0;\u@\h: \w\a\]${debian_chroot:+($debian_chroot)}\[\033[01;32m\]\u@\h\[\033[00m\]:\[\033[01;34m\]\w\[\033[00m\]\$ /usr/bin/cmake --install /home/tlbot/code/ros2_ws/build/cpp_srvcli
