[0.232s] DEBUG:colcon:Command line arguments: ['/usr/bin/colcon', 'build', '--parallel-workers', '16']
[0.232s] DEBUG:colcon:Parsed command line arguments: Namespace(log_base=None, log_level=None, verb_name='build', build_base='build', install_base='install', merge_install=False, symlink_install=False, test_result_base=None, continue_on_error=False, executor='parallel', parallel_workers=16, event_handlers=None, ignore_user_meta=False, metas=['./colcon.meta'], base_paths=['.'], packages_ignore=None, packages_ignore_regex=None, paths=None, packages_up_to=None, packages_up_to_regex=None, packages_above=None, packages_above_and_dependencies=None, packages_above_depth=None, packages_select_by_dep=None, packages_skip_by_dep=None, packages_skip_up_to=None, packages_select_build_failed=False, packages_skip_build_finished=False, packages_select_test_failures=False, packages_skip_test_passed=False, packages_select=None, packages_skip=None, packages_select_regex=None, packages_skip_regex=None, packages_start=None, packages_end=None, allow_overriding=[], cmake_args=None, cmake_target=None, cmake_target_skip_unavailable=False, cmake_clean_cache=False, cmake_clean_first=False, cmake_force_configure=False, ament_cmake_args=None, catkin_cmake_args=None, catkin_skip_building_tests=False, mixin_files=None, mixin=None, verb_parser=<colcon_mixin.mixin.mixin_argument.MixinArgumentDecorator object at 0x7d70c4b84200>, verb_extension=<colcon_core.verb.build.BuildVerb object at 0x7d70c4b63aa0>, main=<bound method BuildVerb.main of <colcon_core.verb.build.BuildVerb object at 0x7d70c4b63aa0>>, mixin_verb=('build',))
[0.309s] Level 1:colcon.colcon_core.package_discovery:discover_packages(colcon_meta) check parameters
[0.309s] Level 1:colcon.colcon_core.package_discovery:discover_packages(recursive) check parameters
[0.309s] Level 1:colcon.colcon_core.package_discovery:discover_packages(ignore) check parameters
[0.309s] Level 1:colcon.colcon_core.package_discovery:discover_packages(path) check parameters
[0.309s] Level 1:colcon.colcon_core.package_discovery:discover_packages(colcon_meta) discover
[0.310s] Level 1:colcon.colcon_core.package_discovery:discover_packages(recursive) discover
[0.310s] INFO:colcon.colcon_core.package_discovery:Crawling recursively for packages in '/home/tlbot/code/ros2_ws'
[0.310s] Level 1:colcon.colcon_core.package_identification:_identify(.) by extensions ['ignore', 'ignore_ament_install']
[0.310s] Level 1:colcon.colcon_core.package_identification:_identify(.) by extension 'ignore'
[0.310s] Level 1:colcon.colcon_core.package_identification:_identify(.) by extension 'ignore_ament_install'
[0.310s] Level 1:colcon.colcon_core.package_identification:_identify(.) by extensions ['colcon_pkg']
[0.311s] Level 1:colcon.colcon_core.package_identification:_identify(.) by extension 'colcon_pkg'
[0.311s] Level 1:colcon.colcon_core.package_identification:_identify(.) by extensions ['colcon_meta']
[0.311s] Level 1:colcon.colcon_core.package_identification:_identify(.) by extension 'colcon_meta'
[0.311s] Level 1:colcon.colcon_core.package_identification:_identify(.) by extensions ['ros']
[0.311s] Level 1:colcon.colcon_core.package_identification:_identify(.) by extension 'ros'
[0.366s] Level 1:colcon.colcon_core.package_identification:_identify(.) by extensions ['cmake', 'python']
[0.366s] Level 1:colcon.colcon_core.package_identification:_identify(.) by extension 'cmake'
[0.366s] Level 1:colcon.colcon_core.package_identification:_identify(.) by extension 'python'
[0.366s] Level 1:colcon.colcon_core.package_identification:_identify(.) by extensions ['python_setup_py']
[0.366s] Level 1:colcon.colcon_core.package_identification:_identify(.) by extension 'python_setup_py'
[0.366s] Level 1:colcon.colcon_core.package_identification:_identify(build) by extensions ['ignore', 'ignore_ament_install']
[0.366s] Level 1:colcon.colcon_core.package_identification:_identify(build) by extension 'ignore'
[0.367s] Level 1:colcon.colcon_core.package_identification:_identify(build) ignored
[0.367s] Level 1:colcon.colcon_core.package_identification:_identify(install) by extensions ['ignore', 'ignore_ament_install']
[0.367s] Level 1:colcon.colcon_core.package_identification:_identify(install) by extension 'ignore'
[0.367s] Level 1:colcon.colcon_core.package_identification:_identify(install) ignored
[0.367s] Level 1:colcon.colcon_core.package_identification:_identify(log) by extensions ['ignore', 'ignore_ament_install']
[0.367s] Level 1:colcon.colcon_core.package_identification:_identify(log) by extension 'ignore'
[0.368s] Level 1:colcon.colcon_core.package_identification:_identify(log) ignored
[0.368s] Level 1:colcon.colcon_core.package_identification:_identify(scripts) by extensions ['ignore', 'ignore_ament_install']
[0.368s] Level 1:colcon.colcon_core.package_identification:_identify(scripts) by extension 'ignore'
[0.368s] Level 1:colcon.colcon_core.package_identification:_identify(scripts) by extension 'ignore_ament_install'
[0.368s] Level 1:colcon.colcon_core.package_identification:_identify(scripts) by extensions ['colcon_pkg']
[0.368s] Level 1:colcon.colcon_core.package_identification:_identify(scripts) by extension 'colcon_pkg'
[0.368s] Level 1:colcon.colcon_core.package_identification:_identify(scripts) by extensions ['colcon_meta']
[0.368s] Level 1:colcon.colcon_core.package_identification:_identify(scripts) by extension 'colcon_meta'
[0.369s] Level 1:colcon.colcon_core.package_identification:_identify(scripts) by extensions ['ros']
[0.369s] Level 1:colcon.colcon_core.package_identification:_identify(scripts) by extension 'ros'
[0.369s] Level 1:colcon.colcon_core.package_identification:_identify(scripts) by extensions ['cmake', 'python']
[0.369s] Level 1:colcon.colcon_core.package_identification:_identify(scripts) by extension 'cmake'
[0.369s] Level 1:colcon.colcon_core.package_identification:_identify(scripts) by extension 'python'
[0.369s] Level 1:colcon.colcon_core.package_identification:_identify(scripts) by extensions ['python_setup_py']
[0.369s] Level 1:colcon.colcon_core.package_identification:_identify(scripts) by extension 'python_setup_py'
[0.369s] Level 1:colcon.colcon_core.package_identification:_identify(src) by extensions ['ignore', 'ignore_ament_install']
[0.369s] Level 1:colcon.colcon_core.package_identification:_identify(src) by extension 'ignore'
[0.369s] Level 1:colcon.colcon_core.package_identification:_identify(src) by extension 'ignore_ament_install'
[0.370s] Level 1:colcon.colcon_core.package_identification:_identify(src) by extensions ['colcon_pkg']
[0.370s] Level 1:colcon.colcon_core.package_identification:_identify(src) by extension 'colcon_pkg'
[0.370s] Level 1:colcon.colcon_core.package_identification:_identify(src) by extensions ['colcon_meta']
[0.370s] Level 1:colcon.colcon_core.package_identification:_identify(src) by extension 'colcon_meta'
[0.370s] Level 1:colcon.colcon_core.package_identification:_identify(src) by extensions ['ros']
[0.370s] Level 1:colcon.colcon_core.package_identification:_identify(src) by extension 'ros'
[0.370s] Level 1:colcon.colcon_core.package_identification:_identify(src) by extensions ['cmake', 'python']
[0.370s] Level 1:colcon.colcon_core.package_identification:_identify(src) by extension 'cmake'
[0.370s] Level 1:colcon.colcon_core.package_identification:_identify(src) by extension 'python'
[0.370s] Level 1:colcon.colcon_core.package_identification:_identify(src) by extensions ['python_setup_py']
[0.370s] Level 1:colcon.colcon_core.package_identification:_identify(src) by extension 'python_setup_py'
[0.371s] Level 1:colcon.colcon_core.package_identification:_identify(src/cpp_pubsub) by extensions ['ignore', 'ignore_ament_install']
[0.371s] Level 1:colcon.colcon_core.package_identification:_identify(src/cpp_pubsub) by extension 'ignore'
[0.371s] Level 1:colcon.colcon_core.package_identification:_identify(src/cpp_pubsub) by extension 'ignore_ament_install'
[0.371s] Level 1:colcon.colcon_core.package_identification:_identify(src/cpp_pubsub) by extensions ['colcon_pkg']
[0.371s] Level 1:colcon.colcon_core.package_identification:_identify(src/cpp_pubsub) by extension 'colcon_pkg'
[0.371s] Level 1:colcon.colcon_core.package_identification:_identify(src/cpp_pubsub) by extensions ['colcon_meta']
[0.371s] Level 1:colcon.colcon_core.package_identification:_identify(src/cpp_pubsub) by extension 'colcon_meta'
[0.371s] Level 1:colcon.colcon_core.package_identification:_identify(src/cpp_pubsub) by extensions ['ros']
[0.371s] Level 1:colcon.colcon_core.package_identification:_identify(src/cpp_pubsub) by extension 'ros'
[0.376s] DEBUG:colcon.colcon_core.package_identification:Package 'src/cpp_pubsub' with type 'ros.ament_cmake' and name 'cpp_pubsub'
[0.376s] Level 1:colcon.colcon_core.package_identification:_identify(src/my_package) by extensions ['ignore', 'ignore_ament_install']
[0.377s] Level 1:colcon.colcon_core.package_identification:_identify(src/my_package) by extension 'ignore'
[0.377s] Level 1:colcon.colcon_core.package_identification:_identify(src/my_package) by extension 'ignore_ament_install'
[0.377s] Level 1:colcon.colcon_core.package_identification:_identify(src/my_package) by extensions ['colcon_pkg']
[0.377s] Level 1:colcon.colcon_core.package_identification:_identify(src/my_package) by extension 'colcon_pkg'
[0.377s] Level 1:colcon.colcon_core.package_identification:_identify(src/my_package) by extensions ['colcon_meta']
[0.377s] Level 1:colcon.colcon_core.package_identification:_identify(src/my_package) by extension 'colcon_meta'
[0.377s] Level 1:colcon.colcon_core.package_identification:_identify(src/my_package) by extensions ['ros']
[0.377s] Level 1:colcon.colcon_core.package_identification:_identify(src/my_package) by extension 'ros'
[0.378s] DEBUG:colcon.colcon_core.package_identification:Package 'src/my_package' with type 'ros.ament_cmake' and name 'my_package'
[0.378s] Level 1:colcon.colcon_core.package_identification:_identify(src/ros_tutorials) by extensions ['ignore', 'ignore_ament_install']
[0.378s] Level 1:colcon.colcon_core.package_identification:_identify(src/ros_tutorials) by extension 'ignore'
[0.379s] Level 1:colcon.colcon_core.package_identification:_identify(src/ros_tutorials) by extension 'ignore_ament_install'
[0.379s] Level 1:colcon.colcon_core.package_identification:_identify(src/ros_tutorials) by extensions ['colcon_pkg']
[0.379s] Level 1:colcon.colcon_core.package_identification:_identify(src/ros_tutorials) by extension 'colcon_pkg'
[0.379s] Level 1:colcon.colcon_core.package_identification:_identify(src/ros_tutorials) by extensions ['colcon_meta']
[0.379s] Level 1:colcon.colcon_core.package_identification:_identify(src/ros_tutorials) by extension 'colcon_meta'
[0.379s] Level 1:colcon.colcon_core.package_identification:_identify(src/ros_tutorials) by extensions ['ros']
[0.379s] Level 1:colcon.colcon_core.package_identification:_identify(src/ros_tutorials) by extension 'ros'
[0.379s] Level 1:colcon.colcon_core.package_identification:_identify(src/ros_tutorials) by extensions ['cmake', 'python']
[0.379s] Level 1:colcon.colcon_core.package_identification:_identify(src/ros_tutorials) by extension 'cmake'
[0.379s] Level 1:colcon.colcon_core.package_identification:_identify(src/ros_tutorials) by extension 'python'
[0.379s] Level 1:colcon.colcon_core.package_identification:_identify(src/ros_tutorials) by extensions ['python_setup_py']
[0.379s] Level 1:colcon.colcon_core.package_identification:_identify(src/ros_tutorials) by extension 'python_setup_py'
[0.380s] Level 1:colcon.colcon_core.package_identification:_identify(src/ros_tutorials/turtlesim) by extensions ['ignore', 'ignore_ament_install']
[0.380s] Level 1:colcon.colcon_core.package_identification:_identify(src/ros_tutorials/turtlesim) by extension 'ignore'
[0.380s] Level 1:colcon.colcon_core.package_identification:_identify(src/ros_tutorials/turtlesim) by extension 'ignore_ament_install'
[0.380s] Level 1:colcon.colcon_core.package_identification:_identify(src/ros_tutorials/turtlesim) by extensions ['colcon_pkg']
[0.380s] Level 1:colcon.colcon_core.package_identification:_identify(src/ros_tutorials/turtlesim) by extension 'colcon_pkg'
[0.380s] Level 1:colcon.colcon_core.package_identification:_identify(src/ros_tutorials/turtlesim) by extensions ['colcon_meta']
[0.380s] Level 1:colcon.colcon_core.package_identification:_identify(src/ros_tutorials/turtlesim) by extension 'colcon_meta'
[0.380s] Level 1:colcon.colcon_core.package_identification:_identify(src/ros_tutorials/turtlesim) by extensions ['ros']
[0.380s] Level 1:colcon.colcon_core.package_identification:_identify(src/ros_tutorials/turtlesim) by extension 'ros'
[0.382s] DEBUG:colcon.colcon_core.package_identification:Package 'src/ros_tutorials/turtlesim' with type 'ros.ament_cmake' and name 'turtlesim'
[0.383s] Level 1:colcon.colcon_core.package_discovery:discover_packages(recursive) using defaults
[0.383s] Level 1:colcon.colcon_core.package_discovery:discover_packages(ignore) discover
[0.383s] Level 1:colcon.colcon_core.package_discovery:discover_packages(ignore) using defaults
[0.383s] Level 1:colcon.colcon_core.package_discovery:discover_packages(path) discover
[0.383s] Level 1:colcon.colcon_core.package_discovery:discover_packages(path) using defaults
[0.419s] Level 1:colcon.colcon_core.package_discovery:discover_packages(prefix_path) check parameters
[0.419s] Level 1:colcon.colcon_core.package_discovery:discover_packages(prefix_path) discover
[0.421s] WARNING:colcon.colcon_ros.prefix_path.ament:The path '/home/tlbot/code/ros2_ws/install/my_package' in the environment variable AMENT_PREFIX_PATH doesn't exist
[0.421s] WARNING:colcon.colcon_ros.prefix_path.ament:The path '/home/tlbot/code/ros2_ws/install/turtlesim' in the environment variable AMENT_PREFIX_PATH doesn't exist
[0.421s] WARNING:colcon.colcon_ros.prefix_path.catkin:The path '/home/tlbot/code/ros2_ws/install/my_package' in the environment variable CMAKE_PREFIX_PATH doesn't exist
[0.421s] WARNING:colcon.colcon_ros.prefix_path.catkin:The path '/home/tlbot/code/ros2_ws/install/turtlesim' in the environment variable CMAKE_PREFIX_PATH doesn't exist
[0.423s] DEBUG:colcon.colcon_installed_package_information.package_discovery:Found 0 installed packages in /home/tlbot/code/ros2_ws/install
[0.426s] DEBUG:colcon.colcon_installed_package_information.package_discovery:Found 285 installed packages in /opt/ros/jazzy
[0.428s] Level 1:colcon.colcon_core.package_discovery:discover_packages(prefix_path) using defaults
[0.507s] WARNING:colcon.colcon_core.package_selection:Some selected packages are already built in one or more underlay workspaces:
	'turtlesim' is in: /opt/ros/jazzy
If a package in a merged underlay workspace is overridden and it installs headers, then all packages in the overlay must sort their include directories by workspace order. Failure to do so may result in build failures or undefined behavior at run time.
If the overridden package is used by another package in any underlay, then the overriding package in the overlay must be API and ABI compatible or undefined behavior at run time may occur.

If you understand the risks and want to override a package anyways, add the following to the command line:
	--allow-overriding turtlesim

This may be promoted to an error in a future release of colcon-override-check.
[0.509s] Level 5:colcon.colcon_core.verb:set package 'cpp_pubsub' build argument 'cmake_args' from command line to 'None'
[0.509s] Level 5:colcon.colcon_core.verb:set package 'cpp_pubsub' build argument 'cmake_target' from command line to 'None'
[0.509s] Level 5:colcon.colcon_core.verb:set package 'cpp_pubsub' build argument 'cmake_target_skip_unavailable' from command line to 'False'
[0.509s] Level 5:colcon.colcon_core.verb:set package 'cpp_pubsub' build argument 'cmake_clean_cache' from command line to 'False'
[0.509s] Level 5:colcon.colcon_core.verb:set package 'cpp_pubsub' build argument 'cmake_clean_first' from command line to 'False'
[0.509s] Level 5:colcon.colcon_core.verb:set package 'cpp_pubsub' build argument 'cmake_force_configure' from command line to 'False'
[0.509s] Level 5:colcon.colcon_core.verb:set package 'cpp_pubsub' build argument 'ament_cmake_args' from command line to 'None'
[0.509s] Level 5:colcon.colcon_core.verb:set package 'cpp_pubsub' build argument 'catkin_cmake_args' from command line to 'None'
[0.509s] Level 5:colcon.colcon_core.verb:set package 'cpp_pubsub' build argument 'catkin_skip_building_tests' from command line to 'False'
[0.509s] DEBUG:colcon.colcon_core.verb:Building package 'cpp_pubsub' with the following arguments: {'ament_cmake_args': None, 'build_base': '/home/tlbot/code/ros2_ws/build/cpp_pubsub', 'catkin_cmake_args': None, 'catkin_skip_building_tests': False, 'cmake_args': None, 'cmake_clean_cache': False, 'cmake_clean_first': False, 'cmake_force_configure': False, 'cmake_target': None, 'cmake_target_skip_unavailable': False, 'install_base': '/home/tlbot/code/ros2_ws/install/cpp_pubsub', 'merge_install': False, 'path': '/home/tlbot/code/ros2_ws/src/cpp_pubsub', 'symlink_install': False, 'test_result_base': None}
[0.510s] Level 5:colcon.colcon_core.verb:set package 'my_package' build argument 'cmake_args' from command line to 'None'
[0.510s] Level 5:colcon.colcon_core.verb:set package 'my_package' build argument 'cmake_target' from command line to 'None'
[0.510s] Level 5:colcon.colcon_core.verb:set package 'my_package' build argument 'cmake_target_skip_unavailable' from command line to 'False'
[0.510s] Level 5:colcon.colcon_core.verb:set package 'my_package' build argument 'cmake_clean_cache' from command line to 'False'
[0.510s] Level 5:colcon.colcon_core.verb:set package 'my_package' build argument 'cmake_clean_first' from command line to 'False'
[0.510s] Level 5:colcon.colcon_core.verb:set package 'my_package' build argument 'cmake_force_configure' from command line to 'False'
[0.510s] Level 5:colcon.colcon_core.verb:set package 'my_package' build argument 'ament_cmake_args' from command line to 'None'
[0.510s] Level 5:colcon.colcon_core.verb:set package 'my_package' build argument 'catkin_cmake_args' from command line to 'None'
[0.510s] Level 5:colcon.colcon_core.verb:set package 'my_package' build argument 'catkin_skip_building_tests' from command line to 'False'
[0.510s] DEBUG:colcon.colcon_core.verb:Building package 'my_package' with the following arguments: {'ament_cmake_args': None, 'build_base': '/home/tlbot/code/ros2_ws/build/my_package', 'catkin_cmake_args': None, 'catkin_skip_building_tests': False, 'cmake_args': None, 'cmake_clean_cache': False, 'cmake_clean_first': False, 'cmake_force_configure': False, 'cmake_target': None, 'cmake_target_skip_unavailable': False, 'install_base': '/home/tlbot/code/ros2_ws/install/my_package', 'merge_install': False, 'path': '/home/tlbot/code/ros2_ws/src/my_package', 'symlink_install': False, 'test_result_base': None}
[0.511s] Level 5:colcon.colcon_core.verb:set package 'turtlesim' build argument 'cmake_args' from command line to 'None'
[0.511s] Level 5:colcon.colcon_core.verb:set package 'turtlesim' build argument 'cmake_target' from command line to 'None'
[0.511s] Level 5:colcon.colcon_core.verb:set package 'turtlesim' build argument 'cmake_target_skip_unavailable' from command line to 'False'
[0.511s] Level 5:colcon.colcon_core.verb:set package 'turtlesim' build argument 'cmake_clean_cache' from command line to 'False'
[0.511s] Level 5:colcon.colcon_core.verb:set package 'turtlesim' build argument 'cmake_clean_first' from command line to 'False'
[0.511s] Level 5:colcon.colcon_core.verb:set package 'turtlesim' build argument 'cmake_force_configure' from command line to 'False'
[0.511s] Level 5:colcon.colcon_core.verb:set package 'turtlesim' build argument 'ament_cmake_args' from command line to 'None'
[0.511s] Level 5:colcon.colcon_core.verb:set package 'turtlesim' build argument 'catkin_cmake_args' from command line to 'None'
[0.511s] Level 5:colcon.colcon_core.verb:set package 'turtlesim' build argument 'catkin_skip_building_tests' from command line to 'False'
[0.511s] DEBUG:colcon.colcon_core.verb:Building package 'turtlesim' with the following arguments: {'ament_cmake_args': None, 'build_base': '/home/tlbot/code/ros2_ws/build/turtlesim', 'catkin_cmake_args': None, 'catkin_skip_building_tests': False, 'cmake_args': None, 'cmake_clean_cache': False, 'cmake_clean_first': False, 'cmake_force_configure': False, 'cmake_target': None, 'cmake_target_skip_unavailable': False, 'install_base': '/home/tlbot/code/ros2_ws/install/turtlesim', 'merge_install': False, 'path': '/home/tlbot/code/ros2_ws/src/ros_tutorials/turtlesim', 'symlink_install': False, 'test_result_base': None}
[0.511s] INFO:colcon.colcon_core.executor:Executing jobs using 'parallel' executor
[0.513s] DEBUG:colcon.colcon_parallel_executor.executor.parallel:run_until_complete
[0.513s] INFO:colcon.colcon_ros.task.ament_cmake.build:Building ROS package in '/home/tlbot/code/ros2_ws/src/cpp_pubsub' with build type 'ament_cmake'
[0.514s] INFO:colcon.colcon_cmake.task.cmake.build:Building CMake package in '/home/tlbot/code/ros2_ws/src/cpp_pubsub'
[0.517s] INFO:colcon.colcon_core.plugin_system:Skipping extension 'colcon_core.shell.bat': Not used on non-Windows systems
[0.518s] INFO:colcon.colcon_core.shell:Skip shell extension 'powershell' for command environment: Not usable outside of PowerShell
[0.518s] DEBUG:colcon.colcon_core.shell:Skip shell extension 'dsv' for command environment
[0.524s] INFO:colcon.colcon_ros.task.ament_cmake.build:Building ROS package in '/home/tlbot/code/ros2_ws/src/my_package' with build type 'ament_cmake'
[0.524s] INFO:colcon.colcon_cmake.task.cmake.build:Building CMake package in '/home/tlbot/code/ros2_ws/src/my_package'
[0.524s] INFO:colcon.colcon_core.shell:Skip shell extension 'powershell' for command environment: Not usable outside of PowerShell
[0.524s] DEBUG:colcon.colcon_core.shell:Skip shell extension 'dsv' for command environment
[0.529s] INFO:colcon.colcon_ros.task.ament_cmake.build:Building ROS package in '/home/tlbot/code/ros2_ws/src/ros_tutorials/turtlesim' with build type 'ament_cmake'
[0.530s] INFO:colcon.colcon_cmake.task.cmake.build:Building CMake package in '/home/tlbot/code/ros2_ws/src/ros_tutorials/turtlesim'
[0.530s] INFO:colcon.colcon_core.shell:Skip shell extension 'powershell' for command environment: Not usable outside of PowerShell
[0.530s] DEBUG:colcon.colcon_core.shell:Skip shell extension 'dsv' for command environment
[0.544s] DEBUG:colcon.colcon_core.event_handler.log_command:Invoking command in '/home/tlbot/code/ros2_ws/build/cpp_pubsub': CMAKE_PREFIX_PATH=${CMAKE_PREFIX_PATH}:/opt/ros/jazzy PS1=(gac-robotics)\[\e]0;\u@\h: \w\a\]${debian_chroot:+($debian_chroot)}\[\033[01;32m\]\u@\h\[\033[00m\]:\[\033[01;34m\]\w\[\033[00m\]\$ /usr/bin/cmake /home/tlbot/code/ros2_ws/src/cpp_pubsub -DCMAKE_INSTALL_PREFIX=/home/tlbot/code/ros2_ws/install/cpp_pubsub
[0.549s] DEBUG:colcon.colcon_core.event_handler.log_command:Invoking command in '/home/tlbot/code/ros2_ws/build/my_package': CMAKE_PREFIX_PATH=${CMAKE_PREFIX_PATH}:/opt/ros/jazzy PS1=(gac-robotics)\[\e]0;\u@\h: \w\a\]${debian_chroot:+($debian_chroot)}\[\033[01;32m\]\u@\h\[\033[00m\]:\[\033[01;34m\]\w\[\033[00m\]\$ /usr/bin/cmake /home/tlbot/code/ros2_ws/src/my_package -DCMAKE_INSTALL_PREFIX=/home/tlbot/code/ros2_ws/install/my_package
[0.553s] DEBUG:colcon.colcon_core.event_handler.log_command:Invoking command in '/home/tlbot/code/ros2_ws/build/turtlesim': CMAKE_PREFIX_PATH=${CMAKE_PREFIX_PATH}:/opt/ros/jazzy PS1=(gac-robotics)\[\e]0;\u@\h: \w\a\]${debian_chroot:+($debian_chroot)}\[\033[01;32m\]\u@\h\[\033[00m\]:\[\033[01;34m\]\w\[\033[00m\]\$ /usr/bin/cmake /home/tlbot/code/ros2_ws/src/ros_tutorials/turtlesim -DCMAKE_INSTALL_PREFIX=/home/tlbot/code/ros2_ws/install/turtlesim
[2.064s] DEBUG:colcon.colcon_core.event_handler.log_command:Invoked command in '/home/tlbot/code/ros2_ws/build/my_package' returned '0': CMAKE_PREFIX_PATH=${CMAKE_PREFIX_PATH}:/opt/ros/jazzy PS1=(gac-robotics)\[\e]0;\u@\h: \w\a\]${debian_chroot:+($debian_chroot)}\[\033[01;32m\]\u@\h\[\033[00m\]:\[\033[01;34m\]\w\[\033[00m\]\$ /usr/bin/cmake /home/tlbot/code/ros2_ws/src/my_package -DCMAKE_INSTALL_PREFIX=/home/tlbot/code/ros2_ws/install/my_package
[2.066s] DEBUG:colcon.colcon_core.event_handler.log_command:Invoking command in '/home/tlbot/code/ros2_ws/build/my_package': CMAKE_PREFIX_PATH=${CMAKE_PREFIX_PATH}:/opt/ros/jazzy PS1=(gac-robotics)\[\e]0;\u@\h: \w\a\]${debian_chroot:+($debian_chroot)}\[\033[01;32m\]\u@\h\[\033[00m\]:\[\033[01;34m\]\w\[\033[00m\]\$ /usr/bin/cmake --build /home/tlbot/code/ros2_ws/build/my_package -- -j16 -l16
[2.332s] DEBUG:colcon.colcon_core.event_handler.log_command:Invoked command in '/home/tlbot/code/ros2_ws/build/my_package' returned '0': CMAKE_PREFIX_PATH=${CMAKE_PREFIX_PATH}:/opt/ros/jazzy PS1=(gac-robotics)\[\e]0;\u@\h: \w\a\]${debian_chroot:+($debian_chroot)}\[\033[01;32m\]\u@\h\[\033[00m\]:\[\033[01;34m\]\w\[\033[00m\]\$ /usr/bin/cmake --build /home/tlbot/code/ros2_ws/build/my_package -- -j16 -l16
[2.392s] DEBUG:colcon.colcon_core.event_handler.log_command:Invoking command in '/home/tlbot/code/ros2_ws/build/my_package': CMAKE_PREFIX_PATH=${CMAKE_PREFIX_PATH}:/opt/ros/jazzy PS1=(gac-robotics)\[\e]0;\u@\h: \w\a\]${debian_chroot:+($debian_chroot)}\[\033[01;32m\]\u@\h\[\033[00m\]:\[\033[01;34m\]\w\[\033[00m\]\$ /usr/bin/cmake --install /home/tlbot/code/ros2_ws/build/my_package
[2.417s] Level 1:colcon.colcon_core.environment:create_environment_scripts_only(my_package)
[2.418s] DEBUG:colcon.colcon_core.event_handler.log_command:Invoked command in '/home/tlbot/code/ros2_ws/build/my_package' returned '0': CMAKE_PREFIX_PATH=${CMAKE_PREFIX_PATH}:/opt/ros/jazzy PS1=(gac-robotics)\[\e]0;\u@\h: \w\a\]${debian_chroot:+($debian_chroot)}\[\033[01;32m\]\u@\h\[\033[00m\]:\[\033[01;34m\]\w\[\033[00m\]\$ /usr/bin/cmake --install /home/tlbot/code/ros2_ws/build/my_package
[2.422s] Level 1:colcon.colcon_core.environment:checking '/home/tlbot/code/ros2_ws/install/my_package' for CMake module files
[2.423s] Level 1:colcon.colcon_core.environment:checking '/home/tlbot/code/ros2_ws/install/my_package' for CMake config files
[2.424s] Level 1:colcon.colcon_core.shell:create_environment_hook('my_package', 'cmake_prefix_path')
[2.424s] INFO:colcon.colcon_core.shell:Creating environment hook '/home/tlbot/code/ros2_ws/install/my_package/share/my_package/hook/cmake_prefix_path.ps1'
[2.425s] INFO:colcon.colcon_core.shell:Creating environment descriptor '/home/tlbot/code/ros2_ws/install/my_package/share/my_package/hook/cmake_prefix_path.dsv'
[2.426s] INFO:colcon.colcon_core.shell:Creating environment hook '/home/tlbot/code/ros2_ws/install/my_package/share/my_package/hook/cmake_prefix_path.sh'
[2.428s] Level 1:colcon.colcon_core.environment:checking '/home/tlbot/code/ros2_ws/install/my_package/lib'
[2.428s] Level 1:colcon.colcon_core.environment:checking '/home/tlbot/code/ros2_ws/install/my_package/bin'
[2.428s] Level 1:colcon.colcon_core.environment:checking '/home/tlbot/code/ros2_ws/install/my_package/lib/pkgconfig/my_package.pc'
[2.429s] Level 1:colcon.colcon_core.environment:checking '/home/tlbot/code/ros2_ws/install/my_package/lib/python3.12/site-packages'
[2.429s] Level 1:colcon.colcon_core.environment:checking '/home/tlbot/code/ros2_ws/install/my_package/bin'
[2.430s] INFO:colcon.colcon_core.shell:Creating package script '/home/tlbot/code/ros2_ws/install/my_package/share/my_package/package.ps1'
[2.431s] INFO:colcon.colcon_core.shell:Creating package descriptor '/home/tlbot/code/ros2_ws/install/my_package/share/my_package/package.dsv'
[2.432s] INFO:colcon.colcon_core.shell:Creating package script '/home/tlbot/code/ros2_ws/install/my_package/share/my_package/package.sh'
[2.433s] INFO:colcon.colcon_core.shell:Creating package script '/home/tlbot/code/ros2_ws/install/my_package/share/my_package/package.bash'
[2.434s] INFO:colcon.colcon_core.shell:Creating package script '/home/tlbot/code/ros2_ws/install/my_package/share/my_package/package.zsh'
[2.435s] Level 1:colcon.colcon_core.environment:create_file_with_runtime_dependencies(/home/tlbot/code/ros2_ws/install/my_package/share/colcon-core/packages/my_package)
[2.479s] Level 1:colcon.colcon_core.environment:create_environment_scripts_only(my_package)
[2.480s] Level 1:colcon.colcon_core.environment:checking '/home/tlbot/code/ros2_ws/install/my_package' for CMake module files
[2.481s] Level 1:colcon.colcon_core.environment:checking '/home/tlbot/code/ros2_ws/install/my_package' for CMake config files
[2.481s] Level 1:colcon.colcon_core.shell:create_environment_hook('my_package', 'cmake_prefix_path')
[2.482s] INFO:colcon.colcon_core.shell:Creating environment hook '/home/tlbot/code/ros2_ws/install/my_package/share/my_package/hook/cmake_prefix_path.ps1'
[2.483s] INFO:colcon.colcon_core.shell:Creating environment descriptor '/home/tlbot/code/ros2_ws/install/my_package/share/my_package/hook/cmake_prefix_path.dsv'
[2.484s] INFO:colcon.colcon_core.shell:Creating environment hook '/home/tlbot/code/ros2_ws/install/my_package/share/my_package/hook/cmake_prefix_path.sh'
[2.485s] Level 1:colcon.colcon_core.environment:checking '/home/tlbot/code/ros2_ws/install/my_package/lib'
[2.485s] Level 1:colcon.colcon_core.environment:checking '/home/tlbot/code/ros2_ws/install/my_package/bin'
[2.485s] Level 1:colcon.colcon_core.environment:checking '/home/tlbot/code/ros2_ws/install/my_package/lib/pkgconfig/my_package.pc'
[2.486s] Level 1:colcon.colcon_core.environment:checking '/home/tlbot/code/ros2_ws/install/my_package/lib/python3.12/site-packages'
[2.486s] Level 1:colcon.colcon_core.environment:checking '/home/tlbot/code/ros2_ws/install/my_package/bin'
[2.487s] INFO:colcon.colcon_core.shell:Creating package script '/home/tlbot/code/ros2_ws/install/my_package/share/my_package/package.ps1'
[2.488s] INFO:colcon.colcon_core.shell:Creating package descriptor '/home/tlbot/code/ros2_ws/install/my_package/share/my_package/package.dsv'
[2.489s] INFO:colcon.colcon_core.shell:Creating package script '/home/tlbot/code/ros2_ws/install/my_package/share/my_package/package.sh'
[2.489s] INFO:colcon.colcon_core.shell:Creating package script '/home/tlbot/code/ros2_ws/install/my_package/share/my_package/package.bash'
[2.490s] INFO:colcon.colcon_core.shell:Creating package script '/home/tlbot/code/ros2_ws/install/my_package/share/my_package/package.zsh'
[2.491s] Level 1:colcon.colcon_core.environment:create_file_with_runtime_dependencies(/home/tlbot/code/ros2_ws/install/my_package/share/colcon-core/packages/my_package)
[2.885s] DEBUG:colcon.colcon_core.event_handler.log_command:Invoked command in '/home/tlbot/code/ros2_ws/build/cpp_pubsub' returned '0': CMAKE_PREFIX_PATH=${CMAKE_PREFIX_PATH}:/opt/ros/jazzy PS1=(gac-robotics)\[\e]0;\u@\h: \w\a\]${debian_chroot:+($debian_chroot)}\[\033[01;32m\]\u@\h\[\033[00m\]:\[\033[01;34m\]\w\[\033[00m\]\$ /usr/bin/cmake /home/tlbot/code/ros2_ws/src/cpp_pubsub -DCMAKE_INSTALL_PREFIX=/home/tlbot/code/ros2_ws/install/cpp_pubsub
[2.887s] DEBUG:colcon.colcon_core.event_handler.log_command:Invoking command in '/home/tlbot/code/ros2_ws/build/cpp_pubsub': CMAKE_PREFIX_PATH=${CMAKE_PREFIX_PATH}:/opt/ros/jazzy PS1=(gac-robotics)\[\e]0;\u@\h: \w\a\]${debian_chroot:+($debian_chroot)}\[\033[01;32m\]\u@\h\[\033[00m\]:\[\033[01;34m\]\w\[\033[00m\]\$ /usr/bin/cmake --build /home/tlbot/code/ros2_ws/build/cpp_pubsub -- -j16 -l16
[8.106s] DEBUG:colcon.colcon_core.event_handler.log_command:Invoked command in '/home/tlbot/code/ros2_ws/build/turtlesim' returned '0': CMAKE_PREFIX_PATH=${CMAKE_PREFIX_PATH}:/opt/ros/jazzy PS1=(gac-robotics)\[\e]0;\u@\h: \w\a\]${debian_chroot:+($debian_chroot)}\[\033[01;32m\]\u@\h\[\033[00m\]:\[\033[01;34m\]\w\[\033[00m\]\$ /usr/bin/cmake /home/tlbot/code/ros2_ws/src/ros_tutorials/turtlesim -DCMAKE_INSTALL_PREFIX=/home/tlbot/code/ros2_ws/install/turtlesim
[8.109s] DEBUG:colcon.colcon_core.event_handler.log_command:Invoking command in '/home/tlbot/code/ros2_ws/build/turtlesim': CMAKE_PREFIX_PATH=${CMAKE_PREFIX_PATH}:/opt/ros/jazzy PS1=(gac-robotics)\[\e]0;\u@\h: \w\a\]${debian_chroot:+($debian_chroot)}\[\033[01;32m\]\u@\h\[\033[00m\]:\[\033[01;34m\]\w\[\033[00m\]\$ /usr/bin/cmake --build /home/tlbot/code/ros2_ws/build/turtlesim -- -j16 -l16
[14.675s] DEBUG:colcon.colcon_core.event_handler.log_command:Invoked command in '/home/tlbot/code/ros2_ws/build/cpp_pubsub' returned '0': CMAKE_PREFIX_PATH=${CMAKE_PREFIX_PATH}:/opt/ros/jazzy PS1=(gac-robotics)\[\e]0;\u@\h: \w\a\]${debian_chroot:+($debian_chroot)}\[\033[01;32m\]\u@\h\[\033[00m\]:\[\033[01;34m\]\w\[\033[00m\]\$ /usr/bin/cmake --build /home/tlbot/code/ros2_ws/build/cpp_pubsub -- -j16 -l16
[14.839s] DEBUG:colcon.colcon_core.event_handler.log_command:Invoking command in '/home/tlbot/code/ros2_ws/build/cpp_pubsub': CMAKE_PREFIX_PATH=${CMAKE_PREFIX_PATH}:/opt/ros/jazzy PS1=(gac-robotics)\[\e]0;\u@\h: \w\a\]${debian_chroot:+($debian_chroot)}\[\033[01;32m\]\u@\h\[\033[00m\]:\[\033[01;34m\]\w\[\033[00m\]\$ /usr/bin/cmake --install /home/tlbot/code/ros2_ws/build/cpp_pubsub
[14.927s] Level 1:colcon.colcon_core.environment:create_environment_scripts_only(cpp_pubsub)
[14.928s] Level 1:colcon.colcon_core.environment:checking '/home/tlbot/code/ros2_ws/install/cpp_pubsub' for CMake module files
[14.930s] Level 1:colcon.colcon_core.environment:checking '/home/tlbot/code/ros2_ws/install/cpp_pubsub' for CMake config files
[14.931s] DEBUG:colcon.colcon_core.event_handler.log_command:Invoked command in '/home/tlbot/code/ros2_ws/build/cpp_pubsub' returned '0': CMAKE_PREFIX_PATH=${CMAKE_PREFIX_PATH}:/opt/ros/jazzy PS1=(gac-robotics)\[\e]0;\u@\h: \w\a\]${debian_chroot:+($debian_chroot)}\[\033[01;32m\]\u@\h\[\033[00m\]:\[\033[01;34m\]\w\[\033[00m\]\$ /usr/bin/cmake --install /home/tlbot/code/ros2_ws/build/cpp_pubsub
[14.932s] Level 1:colcon.colcon_core.shell:create_environment_hook('cpp_pubsub', 'cmake_prefix_path')
[14.933s] INFO:colcon.colcon_core.shell:Creating environment hook '/home/tlbot/code/ros2_ws/install/cpp_pubsub/share/cpp_pubsub/hook/cmake_prefix_path.ps1'
[14.935s] INFO:colcon.colcon_core.shell:Creating environment descriptor '/home/tlbot/code/ros2_ws/install/cpp_pubsub/share/cpp_pubsub/hook/cmake_prefix_path.dsv'
[14.946s] INFO:colcon.colcon_core.shell:Creating environment hook '/home/tlbot/code/ros2_ws/install/cpp_pubsub/share/cpp_pubsub/hook/cmake_prefix_path.sh'
[14.949s] Level 1:colcon.colcon_core.environment:checking '/home/tlbot/code/ros2_ws/install/cpp_pubsub/lib'
[14.949s] Level 1:colcon.colcon_core.environment:checking '/home/tlbot/code/ros2_ws/install/cpp_pubsub/bin'
[14.950s] Level 1:colcon.colcon_core.environment:checking '/home/tlbot/code/ros2_ws/install/cpp_pubsub/lib/pkgconfig/cpp_pubsub.pc'
[14.951s] Level 1:colcon.colcon_core.environment:checking '/home/tlbot/code/ros2_ws/install/cpp_pubsub/lib/python3.12/site-packages'
[14.952s] Level 1:colcon.colcon_core.environment:checking '/home/tlbot/code/ros2_ws/install/cpp_pubsub/bin'
[14.953s] INFO:colcon.colcon_core.shell:Creating package script '/home/tlbot/code/ros2_ws/install/cpp_pubsub/share/cpp_pubsub/package.ps1'
[14.971s] INFO:colcon.colcon_core.shell:Creating package descriptor '/home/tlbot/code/ros2_ws/install/cpp_pubsub/share/cpp_pubsub/package.dsv'
[14.973s] INFO:colcon.colcon_core.shell:Creating package script '/home/tlbot/code/ros2_ws/install/cpp_pubsub/share/cpp_pubsub/package.sh'
[14.976s] INFO:colcon.colcon_core.shell:Creating package script '/home/tlbot/code/ros2_ws/install/cpp_pubsub/share/cpp_pubsub/package.bash'
[14.983s] INFO:colcon.colcon_core.shell:Creating package script '/home/tlbot/code/ros2_ws/install/cpp_pubsub/share/cpp_pubsub/package.zsh'
[14.993s] Level 1:colcon.colcon_core.environment:create_file_with_runtime_dependencies(/home/tlbot/code/ros2_ws/install/cpp_pubsub/share/colcon-core/packages/cpp_pubsub)
[15.111s] Level 1:colcon.colcon_core.environment:create_environment_scripts_only(cpp_pubsub)
[15.116s] Level 1:colcon.colcon_core.environment:checking '/home/tlbot/code/ros2_ws/install/cpp_pubsub' for CMake module files
[15.119s] Level 1:colcon.colcon_core.environment:checking '/home/tlbot/code/ros2_ws/install/cpp_pubsub' for CMake config files
[15.119s] Level 1:colcon.colcon_core.shell:create_environment_hook('cpp_pubsub', 'cmake_prefix_path')
[15.124s] INFO:colcon.colcon_core.shell:Creating environment hook '/home/tlbot/code/ros2_ws/install/cpp_pubsub/share/cpp_pubsub/hook/cmake_prefix_path.ps1'
[15.126s] INFO:colcon.colcon_core.shell:Creating environment descriptor '/home/tlbot/code/ros2_ws/install/cpp_pubsub/share/cpp_pubsub/hook/cmake_prefix_path.dsv'
[15.128s] INFO:colcon.colcon_core.shell:Creating environment hook '/home/tlbot/code/ros2_ws/install/cpp_pubsub/share/cpp_pubsub/hook/cmake_prefix_path.sh'
[15.135s] Level 1:colcon.colcon_core.environment:checking '/home/tlbot/code/ros2_ws/install/cpp_pubsub/lib'
[15.135s] Level 1:colcon.colcon_core.environment:checking '/home/tlbot/code/ros2_ws/install/cpp_pubsub/bin'
[15.135s] Level 1:colcon.colcon_core.environment:checking '/home/tlbot/code/ros2_ws/install/cpp_pubsub/lib/pkgconfig/cpp_pubsub.pc'
[15.136s] Level 1:colcon.colcon_core.environment:checking '/home/tlbot/code/ros2_ws/install/cpp_pubsub/lib/python3.12/site-packages'
[15.136s] Level 1:colcon.colcon_core.environment:checking '/home/tlbot/code/ros2_ws/install/cpp_pubsub/bin'
[15.137s] INFO:colcon.colcon_core.shell:Creating package script '/home/tlbot/code/ros2_ws/install/cpp_pubsub/share/cpp_pubsub/package.ps1'
[15.143s] INFO:colcon.colcon_core.shell:Creating package descriptor '/home/tlbot/code/ros2_ws/install/cpp_pubsub/share/cpp_pubsub/package.dsv'
[15.149s] INFO:colcon.colcon_core.shell:Creating package script '/home/tlbot/code/ros2_ws/install/cpp_pubsub/share/cpp_pubsub/package.sh'
[15.151s] INFO:colcon.colcon_core.shell:Creating package script '/home/tlbot/code/ros2_ws/install/cpp_pubsub/share/cpp_pubsub/package.bash'
[15.154s] INFO:colcon.colcon_core.shell:Creating package script '/home/tlbot/code/ros2_ws/install/cpp_pubsub/share/cpp_pubsub/package.zsh'
[15.155s] Level 1:colcon.colcon_core.environment:create_file_with_runtime_dependencies(/home/tlbot/code/ros2_ws/install/cpp_pubsub/share/colcon-core/packages/cpp_pubsub)
[52.873s] DEBUG:colcon.colcon_core.event_handler.log_command:Invoked command in '/home/tlbot/code/ros2_ws/build/turtlesim' returned '0': CMAKE_PREFIX_PATH=${CMAKE_PREFIX_PATH}:/opt/ros/jazzy PS1=(gac-robotics)\[\e]0;\u@\h: \w\a\]${debian_chroot:+($debian_chroot)}\[\033[01;32m\]\u@\h\[\033[00m\]:\[\033[01;34m\]\w\[\033[00m\]\$ /usr/bin/cmake --build /home/tlbot/code/ros2_ws/build/turtlesim -- -j16 -l16
[53.264s] DEBUG:colcon.colcon_core.event_handler.log_command:Invoking command in '/home/tlbot/code/ros2_ws/build/turtlesim': CMAKE_PREFIX_PATH=${CMAKE_PREFIX_PATH}:/opt/ros/jazzy PS1=(gac-robotics)\[\e]0;\u@\h: \w\a\]${debian_chroot:+($debian_chroot)}\[\033[01;32m\]\u@\h\[\033[00m\]:\[\033[01;34m\]\w\[\033[00m\]\$ /usr/bin/cmake --install /home/tlbot/code/ros2_ws/build/turtlesim
[53.616s] Level 1:colcon.colcon_core.environment:create_environment_scripts_only(turtlesim)
[53.616s] Level 1:colcon.colcon_core.environment:checking '/home/tlbot/code/ros2_ws/install/turtlesim' for CMake module files
[53.618s] DEBUG:colcon.colcon_core.event_handler.log_command:Invoked command in '/home/tlbot/code/ros2_ws/build/turtlesim' returned '0': CMAKE_PREFIX_PATH=${CMAKE_PREFIX_PATH}:/opt/ros/jazzy PS1=(gac-robotics)\[\e]0;\u@\h: \w\a\]${debian_chroot:+($debian_chroot)}\[\033[01;32m\]\u@\h\[\033[00m\]:\[\033[01;34m\]\w\[\033[00m\]\$ /usr/bin/cmake --install /home/tlbot/code/ros2_ws/build/turtlesim
[53.620s] Level 1:colcon.colcon_core.environment:checking '/home/tlbot/code/ros2_ws/install/turtlesim' for CMake config files
[53.623s] Level 1:colcon.colcon_core.shell:create_environment_hook('turtlesim', 'cmake_prefix_path')
[53.623s] INFO:colcon.colcon_core.shell:Creating environment hook '/home/tlbot/code/ros2_ws/install/turtlesim/share/turtlesim/hook/cmake_prefix_path.ps1'
[53.625s] INFO:colcon.colcon_core.shell:Creating environment descriptor '/home/tlbot/code/ros2_ws/install/turtlesim/share/turtlesim/hook/cmake_prefix_path.dsv'
[53.626s] INFO:colcon.colcon_core.shell:Creating environment hook '/home/tlbot/code/ros2_ws/install/turtlesim/share/turtlesim/hook/cmake_prefix_path.sh'
[53.627s] Level 1:colcon.colcon_core.environment:checking '/home/tlbot/code/ros2_ws/install/turtlesim/lib'
[53.627s] Level 1:colcon.colcon_core.shell:create_environment_hook('turtlesim', 'ld_library_path_lib')
[53.627s] INFO:colcon.colcon_core.shell:Creating environment hook '/home/tlbot/code/ros2_ws/install/turtlesim/share/turtlesim/hook/ld_library_path_lib.ps1'
[53.628s] INFO:colcon.colcon_core.shell:Creating environment descriptor '/home/tlbot/code/ros2_ws/install/turtlesim/share/turtlesim/hook/ld_library_path_lib.dsv'
[53.629s] INFO:colcon.colcon_core.shell:Creating environment hook '/home/tlbot/code/ros2_ws/install/turtlesim/share/turtlesim/hook/ld_library_path_lib.sh'
[53.630s] Level 1:colcon.colcon_core.environment:checking '/home/tlbot/code/ros2_ws/install/turtlesim/bin'
[53.630s] Level 1:colcon.colcon_core.environment:checking '/home/tlbot/code/ros2_ws/install/turtlesim/lib/pkgconfig/turtlesim.pc'
[53.631s] Level 1:colcon.colcon_core.environment:checking '/home/tlbot/code/ros2_ws/install/turtlesim/lib/python3.12/site-packages'
[53.631s] Level 1:colcon.colcon_core.shell:create_environment_hook('turtlesim', 'pythonpath')
[53.632s] INFO:colcon.colcon_core.shell:Creating environment hook '/home/tlbot/code/ros2_ws/install/turtlesim/share/turtlesim/hook/pythonpath.ps1'
[53.633s] INFO:colcon.colcon_core.shell:Creating environment descriptor '/home/tlbot/code/ros2_ws/install/turtlesim/share/turtlesim/hook/pythonpath.dsv'
[53.633s] INFO:colcon.colcon_core.shell:Creating environment hook '/home/tlbot/code/ros2_ws/install/turtlesim/share/turtlesim/hook/pythonpath.sh'
[53.634s] Level 1:colcon.colcon_core.environment:checking '/home/tlbot/code/ros2_ws/install/turtlesim/bin'
[53.635s] INFO:colcon.colcon_core.shell:Creating package script '/home/tlbot/code/ros2_ws/install/turtlesim/share/turtlesim/package.ps1'
[53.636s] INFO:colcon.colcon_core.shell:Creating package descriptor '/home/tlbot/code/ros2_ws/install/turtlesim/share/turtlesim/package.dsv'
[53.637s] INFO:colcon.colcon_core.shell:Creating package script '/home/tlbot/code/ros2_ws/install/turtlesim/share/turtlesim/package.sh'
[53.637s] INFO:colcon.colcon_core.shell:Creating package script '/home/tlbot/code/ros2_ws/install/turtlesim/share/turtlesim/package.bash'
[53.638s] INFO:colcon.colcon_core.shell:Creating package script '/home/tlbot/code/ros2_ws/install/turtlesim/share/turtlesim/package.zsh'
[53.638s] Level 1:colcon.colcon_core.environment:create_file_with_runtime_dependencies(/home/tlbot/code/ros2_ws/install/turtlesim/share/colcon-core/packages/turtlesim)
[54.071s] Level 1:colcon.colcon_core.environment:create_environment_scripts_only(turtlesim)
[54.071s] Level 1:colcon.colcon_core.environment:checking '/home/tlbot/code/ros2_ws/install/turtlesim' for CMake module files
[54.073s] Level 1:colcon.colcon_core.environment:checking '/home/tlbot/code/ros2_ws/install/turtlesim' for CMake config files
[54.075s] Level 1:colcon.colcon_core.shell:create_environment_hook('turtlesim', 'cmake_prefix_path')
[54.075s] INFO:colcon.colcon_core.shell:Creating environment hook '/home/tlbot/code/ros2_ws/install/turtlesim/share/turtlesim/hook/cmake_prefix_path.ps1'
[54.076s] INFO:colcon.colcon_core.shell:Creating environment descriptor '/home/tlbot/code/ros2_ws/install/turtlesim/share/turtlesim/hook/cmake_prefix_path.dsv'
[54.077s] INFO:colcon.colcon_core.shell:Creating environment hook '/home/tlbot/code/ros2_ws/install/turtlesim/share/turtlesim/hook/cmake_prefix_path.sh'
[54.079s] Level 1:colcon.colcon_core.environment:checking '/home/tlbot/code/ros2_ws/install/turtlesim/lib'
[54.080s] Level 1:colcon.colcon_core.shell:create_environment_hook('turtlesim', 'ld_library_path_lib')
[54.080s] INFO:colcon.colcon_core.shell:Creating environment hook '/home/tlbot/code/ros2_ws/install/turtlesim/share/turtlesim/hook/ld_library_path_lib.ps1'
[54.083s] INFO:colcon.colcon_core.shell:Creating environment descriptor '/home/tlbot/code/ros2_ws/install/turtlesim/share/turtlesim/hook/ld_library_path_lib.dsv'
[54.083s] INFO:colcon.colcon_core.shell:Creating environment hook '/home/tlbot/code/ros2_ws/install/turtlesim/share/turtlesim/hook/ld_library_path_lib.sh'
[54.084s] Level 1:colcon.colcon_core.environment:checking '/home/tlbot/code/ros2_ws/install/turtlesim/bin'
[54.084s] Level 1:colcon.colcon_core.environment:checking '/home/tlbot/code/ros2_ws/install/turtlesim/lib/pkgconfig/turtlesim.pc'
[54.085s] Level 1:colcon.colcon_core.environment:checking '/home/tlbot/code/ros2_ws/install/turtlesim/lib/python3.12/site-packages'
[54.085s] Level 1:colcon.colcon_core.shell:create_environment_hook('turtlesim', 'pythonpath')
[54.086s] INFO:colcon.colcon_core.shell:Creating environment hook '/home/tlbot/code/ros2_ws/install/turtlesim/share/turtlesim/hook/pythonpath.ps1'
[54.086s] INFO:colcon.colcon_core.shell:Creating environment descriptor '/home/tlbot/code/ros2_ws/install/turtlesim/share/turtlesim/hook/pythonpath.dsv'
[54.087s] INFO:colcon.colcon_core.shell:Creating environment hook '/home/tlbot/code/ros2_ws/install/turtlesim/share/turtlesim/hook/pythonpath.sh'
[54.088s] Level 1:colcon.colcon_core.environment:checking '/home/tlbot/code/ros2_ws/install/turtlesim/bin'
[54.089s] INFO:colcon.colcon_core.shell:Creating package script '/home/tlbot/code/ros2_ws/install/turtlesim/share/turtlesim/package.ps1'
[54.090s] INFO:colcon.colcon_core.shell:Creating package descriptor '/home/tlbot/code/ros2_ws/install/turtlesim/share/turtlesim/package.dsv'
[54.091s] INFO:colcon.colcon_core.shell:Creating package script '/home/tlbot/code/ros2_ws/install/turtlesim/share/turtlesim/package.sh'
[54.092s] INFO:colcon.colcon_core.shell:Creating package script '/home/tlbot/code/ros2_ws/install/turtlesim/share/turtlesim/package.bash'
[54.093s] INFO:colcon.colcon_core.shell:Creating package script '/home/tlbot/code/ros2_ws/install/turtlesim/share/turtlesim/package.zsh'
[54.094s] Level 1:colcon.colcon_core.environment:create_file_with_runtime_dependencies(/home/tlbot/code/ros2_ws/install/turtlesim/share/colcon-core/packages/turtlesim)
[54.094s] DEBUG:colcon.colcon_parallel_executor.executor.parallel:closing loop
[54.095s] DEBUG:colcon.colcon_parallel_executor.executor.parallel:loop closed
[54.095s] DEBUG:colcon.colcon_parallel_executor.executor.parallel:run_until_complete finished with '0'
[54.095s] DEBUG:colcon.colcon_core.event_reactor:joining thread
[54.108s] INFO:colcon.colcon_core.plugin_system:Skipping extension 'colcon_notification.desktop_notification.notify_send': Could not find 'notify-send'
[54.108s] INFO:colcon.colcon_core.plugin_system:Skipping extension 'colcon_notification.desktop_notification.terminal_notifier': Not used on non-Darwin systems
[54.108s] INFO:colcon.colcon_core.plugin_system:Skipping extension 'colcon_notification.desktop_notification.win32': Not used on non-Windows systems
[54.108s] INFO:colcon.colcon_notification.desktop_notification:Sending desktop notification using 'notify2'
[54.113s] DEBUG:colcon.colcon_notification.desktop_notification.notify2:Failed to initialize notify2: org.freedesktop.DBus.Error.Spawn.ExecFailed: /usr/bin/dbus-launch terminated abnormally without any error message
[54.113s] DEBUG:colcon.colcon_core.event_reactor:joined thread
[54.114s] INFO:colcon.colcon_core.shell:Creating prefix script '/home/tlbot/code/ros2_ws/install/local_setup.ps1'
[54.116s] INFO:colcon.colcon_core.shell:Creating prefix util module '/home/tlbot/code/ros2_ws/install/_local_setup_util_ps1.py'
[54.119s] INFO:colcon.colcon_core.shell:Creating prefix chain script '/home/tlbot/code/ros2_ws/install/setup.ps1'
[54.120s] INFO:colcon.colcon_core.shell:Creating prefix script '/home/tlbot/code/ros2_ws/install/local_setup.sh'
[54.121s] INFO:colcon.colcon_core.shell:Creating prefix util module '/home/tlbot/code/ros2_ws/install/_local_setup_util_sh.py'
[54.122s] INFO:colcon.colcon_core.shell:Creating prefix chain script '/home/tlbot/code/ros2_ws/install/setup.sh'
[54.124s] INFO:colcon.colcon_core.shell:Creating prefix script '/home/tlbot/code/ros2_ws/install/local_setup.bash'
[54.125s] INFO:colcon.colcon_core.shell:Creating prefix chain script '/home/tlbot/code/ros2_ws/install/setup.bash'
[54.127s] INFO:colcon.colcon_core.shell:Creating prefix script '/home/tlbot/code/ros2_ws/install/local_setup.zsh'
[54.128s] INFO:colcon.colcon_core.shell:Creating prefix chain script '/home/tlbot/code/ros2_ws/install/setup.zsh'
