[0.040s] Invoking command in '/home/tlbot/code/ros2_ws/build/cpp_srvcli': CMAKE_PREFIX_PATH=${CMAKE_PREFIX_PATH}:/opt/ros/jazzy PS1=(gac-robotics)\[\e]0;\u@\h: \w\a\]${debian_chroot:+($debian_chroot)}\[\033[01;32m\]\u@\h\[\033[00m\]:\[\033[01;34m\]\w\[\033[00m\]\$ /usr/bin/cmake /home/tlbot/code/ros2_ws/src/cpp_srvcli -DCMAKE_INSTALL_PREFIX=/home/tlbot/code/ros2_ws/install/cpp_srvcli
[0.299s] -- The C compiler identification is GNU 13.2.0
[0.517s] -- The CXX compiler identification is GNU 13.2.0
[0.557s] -- Detecting C compiler ABI info
[0.755s] -- Detecting C compiler ABI info - done
[0.775s] -- Check for working C compiler: /usr/bin/cc - skipped
[0.783s] -- Detecting C compile features
[0.784s] -- Detecting C compile features - done
[0.804s] -- Detecting CXX compiler ABI info
[1.016s] -- Detecting CXX compiler ABI info - done
[1.042s] -- Check for working CXX compiler: /usr/bin/c++ - skipped
[1.043s] -- Detecting CXX compile features
[1.044s] -- Detecting CXX compile features - done
[1.051s] -- Found ament_cmake: 2.5.2 (/opt/ros/jazzy/share/ament_cmake/cmake)
[1.397s] -- Found Python3: /usr/bin/python3 (found version "3.12.3") found components: Interpreter 
[1.674s] -- Found rclcpp: 28.1.3 (/opt/ros/jazzy/share/rclcpp/cmake)
[1.777s] -- Found rosidl_generator_c: 4.6.3 (/opt/ros/jazzy/share/rosidl_generator_c/cmake)
[1.814s] -- Found rosidl_generator_cpp: 4.6.3 (/opt/ros/jazzy/share/rosidl_generator_cpp/cmake)
[1.858s] -- Using all available rosidl_typesupport_c: rosidl_typesupport_fastrtps_c;rosidl_typesupport_introspection_c
[1.904s] -- Using all available rosidl_typesupport_cpp: rosidl_typesupport_fastrtps_cpp;rosidl_typesupport_introspection_cpp
[2.138s] -- Found rmw_implementation_cmake: 7.3.1 (/opt/ros/jazzy/share/rmw_implementation_cmake/cmake)
[2.148s] -- Found rmw_fastrtps_cpp: 8.4.1 (/opt/ros/jazzy/share/rmw_fastrtps_cpp/cmake)
[2.329s] -- Found OpenSSL: /usr/lib/x86_64-linux-gnu/libcrypto.so (found version "3.0.13")  
[2.370s] -- Found FastRTPS: /opt/ros/jazzy/include (Required is at least version "2.13") 
[2.426s] -- Using RMW implementation 'rmw_fastrtps_cpp' as default
[2.623s] -- Found example_interfaces: 0.12.0 (/opt/ros/jazzy/share/example_interfaces/cmake)
[2.777s] -- Found ament_lint_auto: 0.17.1 (/opt/ros/jazzy/share/ament_lint_auto/cmake)
[3.066s] -- Added test 'lint_cmake' to check CMake code style
[3.070s] -- Added test 'xmllint' to check XML markup files
[3.075s] -- Configuring done (3.0s)
[3.090s] -- Generating done (0.0s)
[3.096s] -- Build files have been written to: /home/tlbot/code/ros2_ws/build/cpp_srvcli
[3.116s] Invoked command in '/home/tlbot/code/ros2_ws/build/cpp_srvcli' returned '0': CMAKE_PREFIX_PATH=${CMAKE_PREFIX_PATH}:/opt/ros/jazzy PS1=(gac-robotics)\[\e]0;\u@\h: \w\a\]${debian_chroot:+($debian_chroot)}\[\033[01;32m\]\u@\h\[\033[00m\]:\[\033[01;34m\]\w\[\033[00m\]\$ /usr/bin/cmake /home/tlbot/code/ros2_ws/src/cpp_srvcli -DCMAKE_INSTALL_PREFIX=/home/tlbot/code/ros2_ws/install/cpp_srvcli
[3.119s] Invoking command in '/home/tlbot/code/ros2_ws/build/cpp_srvcli': CMAKE_PREFIX_PATH=${CMAKE_PREFIX_PATH}:/opt/ros/jazzy PS1=(gac-robotics)\[\e]0;\u@\h: \w\a\]${debian_chroot:+($debian_chroot)}\[\033[01;32m\]\u@\h\[\033[00m\]:\[\033[01;34m\]\w\[\033[00m\]\$ /usr/bin/cmake --build /home/tlbot/code/ros2_ws/build/cpp_srvcli -- -j16 -l16
[3.216s] Invoked command in '/home/tlbot/code/ros2_ws/build/cpp_srvcli' returned '0': CMAKE_PREFIX_PATH=${CMAKE_PREFIX_PATH}:/opt/ros/jazzy PS1=(gac-robotics)\[\e]0;\u@\h: \w\a\]${debian_chroot:+($debian_chroot)}\[\033[01;32m\]\u@\h\[\033[00m\]:\[\033[01;34m\]\w\[\033[00m\]\$ /usr/bin/cmake --build /home/tlbot/code/ros2_ws/build/cpp_srvcli -- -j16 -l16
[3.265s] Invoking command in '/home/tlbot/code/ros2_ws/build/cpp_srvcli': CMAKE_PREFIX_PATH=${CMAKE_PREFIX_PATH}:/opt/ros/jazzy PS1=(gac-robotics)\[\e]0;\u@\h: \w\a\]${debian_chroot:+($debian_chroot)}\[\033[01;32m\]\u@\h\[\033[00m\]:\[\033[01;34m\]\w\[\033[00m\]\$ /usr/bin/cmake --install /home/tlbot/code/ros2_ws/build/cpp_srvcli
[3.282s] -- Install configuration: ""
[3.283s] -- Installing: /home/tlbot/code/ros2_ws/install/cpp_srvcli/share/ament_index/resource_index/package_run_dependencies/cpp_srvcli
[3.283s] -- Installing: /home/tlbot/code/ros2_ws/install/cpp_srvcli/share/ament_index/resource_index/parent_prefix_path/cpp_srvcli
[3.284s] -- Installing: /home/tlbot/code/ros2_ws/install/cpp_srvcli/share/cpp_srvcli/environment/ament_prefix_path.sh
[3.284s] -- Installing: /home/tlbot/code/ros2_ws/install/cpp_srvcli/share/cpp_srvcli/environment/ament_prefix_path.dsv
[3.284s] -- Installing: /home/tlbot/code/ros2_ws/install/cpp_srvcli/share/cpp_srvcli/environment/path.sh
[3.285s] -- Installing: /home/tlbot/code/ros2_ws/install/cpp_srvcli/share/cpp_srvcli/environment/path.dsv
[3.285s] -- Installing: /home/tlbot/code/ros2_ws/install/cpp_srvcli/share/cpp_srvcli/local_setup.bash
[3.285s] -- Installing: /home/tlbot/code/ros2_ws/install/cpp_srvcli/share/cpp_srvcli/local_setup.sh
[3.285s] -- Installing: /home/tlbot/code/ros2_ws/install/cpp_srvcli/share/cpp_srvcli/local_setup.zsh
[3.286s] -- Installing: /home/tlbot/code/ros2_ws/install/cpp_srvcli/share/cpp_srvcli/local_setup.dsv
[3.286s] -- Installing: /home/tlbot/code/ros2_ws/install/cpp_srvcli/share/cpp_srvcli/package.dsv
[3.287s] -- Installing: /home/tlbot/code/ros2_ws/install/cpp_srvcli/share/ament_index/resource_index/packages/cpp_srvcli
[3.287s] -- Installing: /home/tlbot/code/ros2_ws/install/cpp_srvcli/share/cpp_srvcli/cmake/cpp_srvcliConfig.cmake
[3.287s] -- Installing: /home/tlbot/code/ros2_ws/install/cpp_srvcli/share/cpp_srvcli/cmake/cpp_srvcliConfig-version.cmake
[3.287s] -- Installing: /home/tlbot/code/ros2_ws/install/cpp_srvcli/share/cpp_srvcli/package.xml
[3.293s] Invoked command in '/home/tlbot/code/ros2_ws/build/cpp_srvcli' returned '0': CMAKE_PREFIX_PATH=${CMAKE_PREFIX_PATH}:/opt/ros/jazzy PS1=(gac-robotics)\[\e]0;\u@\h: \w\a\]${debian_chroot:+($debian_chroot)}\[\033[01;32m\]\u@\h\[\033[00m\]:\[\033[01;34m\]\w\[\033[00m\]\$ /usr/bin/cmake --install /home/tlbot/code/ros2_ws/build/cpp_srvcli
