[0.027s] Invoking command in '/home/tlbot/code/ros2_ws/build/turtlesim': CMAKE_PREFIX_PATH=${CMAKE_PREFIX_PATH}:/opt/ros/jazzy PS1=(gac-robotics)\[\e]0;\u@\h: \w\a\]${debian_chroot:+($debian_chroot)}\[\033[01;32m\]\u@\h\[\033[00m\]:\[\033[01;34m\]\w\[\033[00m\]\$ /usr/bin/cmake --build /home/tlbot/code/ros2_ws/build/turtlesim -- -j16 -l16
[0.134s] [  0%] Built target turtlesim__rosidl_generator_type_description
[0.158s] [  0%] Built target ament_cmake_python_copy_turtlesim
[0.180s] [  1%] Built target turtlesim__cpp
[0.202s] [ 24%] Built target turtlesim__rosidl_generator_c
[0.280s] [ 41%] Built target turtlesim__rosidl_typesupport_introspection_c
[0.281s] [ 42%] Built target turtlesim__rosidl_typesupport_c
[0.289s] [ 51%] Built target turtlesim__rosidl_typesupport_cpp
[0.293s] [ 59%] Built target turtlesim__rosidl_typesupport_fastrtps_c
[0.296s] [ 67%] Built target turtlesim__rosidl_typesupport_introspection_cpp
[0.306s] [ 76%] Built target turtlesim__rosidl_typesupport_fastrtps_cpp
[0.357s] [ 76%] Built target turtlesim
[0.380s] [ 78%] Built target mimic
[0.380s] [ 79%] Built target draw_square
[0.384s] [ 81%] Built target turtle_teleop_key
[0.409s] [ 81%] Built target turtlesim__py
[0.417s] [ 86%] Built target turtlesim_node
[0.476s] [ 94%] Built target turtlesim__rosidl_generator_py
[0.526s] [ 97%] Built target turtlesim_s__rosidl_typesupport_introspection_c
[0.526s] [ 98%] Built target turtlesim_s__rosidl_typesupport_fastrtps_c
[0.526s] [100%] Built target turtlesim_s__rosidl_typesupport_c
[0.682s] running egg_info
[0.723s] writing turtlesim.egg-info/PKG-INFO
[0.724s] writing dependency_links to turtlesim.egg-info/dependency_links.txt
[0.724s] writing top-level names to turtlesim.egg-info/top_level.txt
[0.841s] reading manifest file 'turtlesim.egg-info/SOURCES.txt'
[0.843s] writing manifest file 'turtlesim.egg-info/SOURCES.txt'
[0.895s] [100%] Built target ament_cmake_python_build_turtlesim_egg
[0.922s] Invoked command in '/home/tlbot/code/ros2_ws/build/turtlesim' returned '0': CMAKE_PREFIX_PATH=${CMAKE_PREFIX_PATH}:/opt/ros/jazzy PS1=(gac-robotics)\[\e]0;\u@\h: \w\a\]${debian_chroot:+($debian_chroot)}\[\033[01;32m\]\u@\h\[\033[00m\]:\[\033[01;34m\]\w\[\033[00m\]\$ /usr/bin/cmake --build /home/tlbot/code/ros2_ws/build/turtlesim -- -j16 -l16
[1.327s] Invoking command in '/home/tlbot/code/ros2_ws/build/turtlesim': CMAKE_PREFIX_PATH=${CMAKE_PREFIX_PATH}:/opt/ros/jazzy PS1=(gac-robotics)\[\e]0;\u@\h: \w\a\]${debian_chroot:+($debian_chroot)}\[\033[01;32m\]\u@\h\[\033[00m\]:\[\033[01;34m\]\w\[\033[00m\]\$ /usr/bin/cmake --install /home/tlbot/code/ros2_ws/build/turtlesim
[1.345s] -- Install configuration: ""
[1.345s] -- Up-to-date: /home/tlbot/code/ros2_ws/install/turtlesim/share/ament_index/resource_index/rosidl_interfaces/turtlesim
[1.345s] -- Up-to-date: /home/tlbot/code/ros2_ws/install/turtlesim/share/turtlesim/action/RotateAbsolute.json
[1.346s] -- Up-to-date: /home/tlbot/code/ros2_ws/install/turtlesim/share/turtlesim/msg/Color.json
[1.346s] -- Up-to-date: /home/tlbot/code/ros2_ws/install/turtlesim/share/turtlesim/msg/Pose.json
[1.346s] -- Up-to-date: /home/tlbot/code/ros2_ws/install/turtlesim/share/turtlesim/srv/Kill.json
[1.347s] -- Up-to-date: /home/tlbot/code/ros2_ws/install/turtlesim/share/turtlesim/srv/SetPen.json
[1.347s] -- Up-to-date: /home/tlbot/code/ros2_ws/install/turtlesim/share/turtlesim/srv/Spawn.json
[1.347s] -- Up-to-date: /home/tlbot/code/ros2_ws/install/turtlesim/share/turtlesim/srv/TeleportAbsolute.json
[1.347s] -- Up-to-date: /home/tlbot/code/ros2_ws/install/turtlesim/share/turtlesim/srv/TeleportRelative.json
[1.348s] -- Up-to-date: /home/tlbot/code/ros2_ws/install/turtlesim/include/turtlesim/turtlesim
[1.348s] -- Up-to-date: /home/tlbot/code/ros2_ws/install/turtlesim/include/turtlesim/turtlesim/srv
[1.348s] -- Up-to-date: /home/tlbot/code/ros2_ws/install/turtlesim/include/turtlesim/turtlesim/srv/detail
[1.349s] -- Installing: /home/tlbot/code/ros2_ws/install/turtlesim/include/turtlesim/turtlesim/srv/detail/kill__type_support.c
[1.349s] -- Up-to-date: /home/tlbot/code/ros2_ws/install/turtlesim/include/turtlesim/turtlesim/srv/detail/set_pen__description.c
[1.350s] -- Up-to-date: /home/tlbot/code/ros2_ws/install/turtlesim/include/turtlesim/turtlesim/srv/detail/set_pen__struct.h
[1.350s] -- Up-to-date: /home/tlbot/code/ros2_ws/install/turtlesim/include/turtlesim/turtlesim/srv/detail/spawn__type_support.h
[1.350s] -- Installing: /home/tlbot/code/ros2_ws/install/turtlesim/include/turtlesim/turtlesim/srv/detail/spawn__type_support.c
[1.351s] -- Installing: /home/tlbot/code/ros2_ws/install/turtlesim/include/turtlesim/turtlesim/srv/detail/teleport_relative__type_support.c
[1.351s] -- Up-to-date: /home/tlbot/code/ros2_ws/install/turtlesim/include/turtlesim/turtlesim/srv/detail/set_pen__type_support.h
[1.352s] -- Up-to-date: /home/tlbot/code/ros2_ws/install/turtlesim/include/turtlesim/turtlesim/srv/detail/teleport_relative__description.c
[1.352s] -- Up-to-date: /home/tlbot/code/ros2_ws/install/turtlesim/include/turtlesim/turtlesim/srv/detail/kill__struct.h
[1.352s] -- Up-to-date: /home/tlbot/code/ros2_ws/install/turtlesim/include/turtlesim/turtlesim/srv/detail/teleport_absolute__description.c
[1.352s] -- Up-to-date: /home/tlbot/code/ros2_ws/install/turtlesim/include/turtlesim/turtlesim/srv/detail/kill__description.c
[1.353s] -- Up-to-date: /home/tlbot/code/ros2_ws/install/turtlesim/include/turtlesim/turtlesim/srv/detail/spawn__description.c
[1.353s] -- Up-to-date: /home/tlbot/code/ros2_ws/install/turtlesim/include/turtlesim/turtlesim/srv/detail/teleport_absolute__functions.h
[1.353s] -- Up-to-date: /home/tlbot/code/ros2_ws/install/turtlesim/include/turtlesim/turtlesim/srv/detail/spawn__functions.c
[1.354s] -- Up-to-date: /home/tlbot/code/ros2_ws/install/turtlesim/include/turtlesim/turtlesim/srv/detail/kill__type_support.h
[1.354s] -- Up-to-date: /home/tlbot/code/ros2_ws/install/turtlesim/include/turtlesim/turtlesim/srv/detail/teleport_absolute__functions.c
[1.354s] -- Up-to-date: /home/tlbot/code/ros2_ws/install/turtlesim/include/turtlesim/turtlesim/srv/detail/spawn__functions.h
[1.355s] -- Up-to-date: /home/tlbot/code/ros2_ws/install/turtlesim/include/turtlesim/turtlesim/srv/detail/teleport_absolute__struct.h
[1.355s] -- Up-to-date: /home/tlbot/code/ros2_ws/install/turtlesim/include/turtlesim/turtlesim/srv/detail/teleport_relative__functions.h
[1.355s] -- Up-to-date: /home/tlbot/code/ros2_ws/install/turtlesim/include/turtlesim/turtlesim/srv/detail/teleport_relative__functions.c
[1.356s] -- Up-to-date: /home/tlbot/code/ros2_ws/install/turtlesim/include/turtlesim/turtlesim/srv/detail/set_pen__functions.h
[1.356s] -- Up-to-date: /home/tlbot/code/ros2_ws/install/turtlesim/include/turtlesim/turtlesim/srv/detail/spawn__struct.h
[1.356s] -- Installing: /home/tlbot/code/ros2_ws/install/turtlesim/include/turtlesim/turtlesim/srv/detail/set_pen__type_support.c
[1.357s] -- Up-to-date: /home/tlbot/code/ros2_ws/install/turtlesim/include/turtlesim/turtlesim/srv/detail/kill__functions.h
[1.357s] -- Up-to-date: /home/tlbot/code/ros2_ws/install/turtlesim/include/turtlesim/turtlesim/srv/detail/teleport_relative__type_support.h
[1.357s] -- Up-to-date: /home/tlbot/code/ros2_ws/install/turtlesim/include/turtlesim/turtlesim/srv/detail/set_pen__functions.c
[1.358s] -- Up-to-date: /home/tlbot/code/ros2_ws/install/turtlesim/include/turtlesim/turtlesim/srv/detail/teleport_relative__struct.h
[1.358s] -- Installing: /home/tlbot/code/ros2_ws/install/turtlesim/include/turtlesim/turtlesim/srv/detail/teleport_absolute__type_support.c
[1.359s] -- Up-to-date: /home/tlbot/code/ros2_ws/install/turtlesim/include/turtlesim/turtlesim/srv/detail/kill__functions.c
[1.359s] -- Up-to-date: /home/tlbot/code/ros2_ws/install/turtlesim/include/turtlesim/turtlesim/srv/detail/teleport_absolute__type_support.h
[1.359s] -- Up-to-date: /home/tlbot/code/ros2_ws/install/turtlesim/include/turtlesim/turtlesim/srv/set_pen.h
[1.359s] -- Up-to-date: /home/tlbot/code/ros2_ws/install/turtlesim/include/turtlesim/turtlesim/srv/teleport_absolute.h
[1.360s] -- Up-to-date: /home/tlbot/code/ros2_ws/install/turtlesim/include/turtlesim/turtlesim/srv/kill.h
[1.360s] -- Up-to-date: /home/tlbot/code/ros2_ws/install/turtlesim/include/turtlesim/turtlesim/srv/teleport_relative.h
[1.360s] -- Up-to-date: /home/tlbot/code/ros2_ws/install/turtlesim/include/turtlesim/turtlesim/srv/spawn.h
[1.361s] -- Up-to-date: /home/tlbot/code/ros2_ws/install/turtlesim/include/turtlesim/turtlesim/action
[1.361s] -- Up-to-date: /home/tlbot/code/ros2_ws/install/turtlesim/include/turtlesim/turtlesim/action/rotate_absolute.h
[1.361s] -- Up-to-date: /home/tlbot/code/ros2_ws/install/turtlesim/include/turtlesim/turtlesim/action/detail
[1.361s] -- Up-to-date: /home/tlbot/code/ros2_ws/install/turtlesim/include/turtlesim/turtlesim/action/detail/rotate_absolute__type_support.h
[1.362s] -- Installing: /home/tlbot/code/ros2_ws/install/turtlesim/include/turtlesim/turtlesim/action/detail/rotate_absolute__type_support.c
[1.363s] -- Up-to-date: /home/tlbot/code/ros2_ws/install/turtlesim/include/turtlesim/turtlesim/action/detail/rotate_absolute__functions.h
[1.363s] -- Up-to-date: /home/tlbot/code/ros2_ws/install/turtlesim/include/turtlesim/turtlesim/action/detail/rotate_absolute__description.c
[1.364s] -- Up-to-date: /home/tlbot/code/ros2_ws/install/turtlesim/include/turtlesim/turtlesim/action/detail/rotate_absolute__functions.c
[1.364s] -- Up-to-date: /home/tlbot/code/ros2_ws/install/turtlesim/include/turtlesim/turtlesim/action/detail/rotate_absolute__struct.h
[1.364s] -- Up-to-date: /home/tlbot/code/ros2_ws/install/turtlesim/include/turtlesim/turtlesim/msg
[1.365s] -- Up-to-date: /home/tlbot/code/ros2_ws/install/turtlesim/include/turtlesim/turtlesim/msg/detail
[1.365s] -- Up-to-date: /home/tlbot/code/ros2_ws/install/turtlesim/include/turtlesim/turtlesim/msg/detail/color__type_support.h
[1.365s] -- Up-to-date: /home/tlbot/code/ros2_ws/install/turtlesim/include/turtlesim/turtlesim/msg/detail/pose__functions.c
[1.366s] -- Installing: /home/tlbot/code/ros2_ws/install/turtlesim/include/turtlesim/turtlesim/msg/detail/pose__type_support.c
[1.366s] -- Up-to-date: /home/tlbot/code/ros2_ws/install/turtlesim/include/turtlesim/turtlesim/msg/detail/pose__struct.h
[1.366s] -- Up-to-date: /home/tlbot/code/ros2_ws/install/turtlesim/include/turtlesim/turtlesim/msg/detail/color__struct.h
[1.366s] -- Up-to-date: /home/tlbot/code/ros2_ws/install/turtlesim/include/turtlesim/turtlesim/msg/detail/pose__type_support.h
[1.367s] -- Up-to-date: /home/tlbot/code/ros2_ws/install/turtlesim/include/turtlesim/turtlesim/msg/detail/pose__description.c
[1.367s] -- Installing: /home/tlbot/code/ros2_ws/install/turtlesim/include/turtlesim/turtlesim/msg/detail/color__type_support.c
[1.367s] -- Up-to-date: /home/tlbot/code/ros2_ws/install/turtlesim/include/turtlesim/turtlesim/msg/detail/color__description.c
[1.367s] -- Up-to-date: /home/tlbot/code/ros2_ws/install/turtlesim/include/turtlesim/turtlesim/msg/detail/color__functions.c
[1.368s] -- Up-to-date: /home/tlbot/code/ros2_ws/install/turtlesim/include/turtlesim/turtlesim/msg/detail/color__functions.h
[1.368s] -- Up-to-date: /home/tlbot/code/ros2_ws/install/turtlesim/include/turtlesim/turtlesim/msg/detail/pose__functions.h
[1.368s] -- Up-to-date: /home/tlbot/code/ros2_ws/install/turtlesim/include/turtlesim/turtlesim/msg/pose.h
[1.369s] -- Up-to-date: /home/tlbot/code/ros2_ws/install/turtlesim/include/turtlesim/turtlesim/msg/rosidl_generator_c__visibility_control.h
[1.369s] -- Up-to-date: /home/tlbot/code/ros2_ws/install/turtlesim/include/turtlesim/turtlesim/msg/color.h
[1.369s] -- Up-to-date: /home/tlbot/code/ros2_ws/install/turtlesim/share/turtlesim/environment/library_path.sh
[1.370s] -- Up-to-date: /home/tlbot/code/ros2_ws/install/turtlesim/share/turtlesim/environment/library_path.dsv
[1.370s] -- Up-to-date: /home/tlbot/code/ros2_ws/install/turtlesim/lib/libturtlesim__rosidl_generator_c.so
[1.370s] -- Up-to-date: /home/tlbot/code/ros2_ws/install/turtlesim/include/turtlesim/turtlesim
[1.370s] -- Up-to-date: /home/tlbot/code/ros2_ws/install/turtlesim/include/turtlesim/turtlesim/srv
[1.371s] -- Up-to-date: /home/tlbot/code/ros2_ws/install/turtlesim/include/turtlesim/turtlesim/srv/detail
[1.371s] -- Up-to-date: /home/tlbot/code/ros2_ws/install/turtlesim/include/turtlesim/turtlesim/srv/detail/set_pen__rosidl_typesupport_fastrtps_c.h
[1.371s] -- Up-to-date: /home/tlbot/code/ros2_ws/install/turtlesim/include/turtlesim/turtlesim/srv/detail/spawn__rosidl_typesupport_fastrtps_c.h
[1.371s] -- Up-to-date: /home/tlbot/code/ros2_ws/install/turtlesim/include/turtlesim/turtlesim/srv/detail/kill__rosidl_typesupport_fastrtps_c.h
[1.371s] -- Up-to-date: /home/tlbot/code/ros2_ws/install/turtlesim/include/turtlesim/turtlesim/srv/detail/teleport_absolute__rosidl_typesupport_fastrtps_c.h
[1.372s] -- Up-to-date: /home/tlbot/code/ros2_ws/install/turtlesim/include/turtlesim/turtlesim/srv/detail/teleport_relative__rosidl_typesupport_fastrtps_c.h
[1.372s] -- Up-to-date: /home/tlbot/code/ros2_ws/install/turtlesim/include/turtlesim/turtlesim/action
[1.372s] -- Up-to-date: /home/tlbot/code/ros2_ws/install/turtlesim/include/turtlesim/turtlesim/action/detail
[1.372s] -- Up-to-date: /home/tlbot/code/ros2_ws/install/turtlesim/include/turtlesim/turtlesim/action/detail/rotate_absolute__rosidl_typesupport_fastrtps_c.h
[1.373s] -- Up-to-date: /home/tlbot/code/ros2_ws/install/turtlesim/include/turtlesim/turtlesim/msg
[1.373s] -- Up-to-date: /home/tlbot/code/ros2_ws/install/turtlesim/include/turtlesim/turtlesim/msg/detail
[1.373s] -- Up-to-date: /home/tlbot/code/ros2_ws/install/turtlesim/include/turtlesim/turtlesim/msg/detail/color__rosidl_typesupport_fastrtps_c.h
[1.373s] -- Up-to-date: /home/tlbot/code/ros2_ws/install/turtlesim/include/turtlesim/turtlesim/msg/detail/pose__rosidl_typesupport_fastrtps_c.h
[1.373s] -- Up-to-date: /home/tlbot/code/ros2_ws/install/turtlesim/include/turtlesim/turtlesim/msg/rosidl_typesupport_fastrtps_c__visibility_control.h
[1.374s] -- Up-to-date: /home/tlbot/code/ros2_ws/install/turtlesim/lib/libturtlesim__rosidl_typesupport_fastrtps_c.so
[1.374s] -- Up-to-date: /home/tlbot/code/ros2_ws/install/turtlesim/include/turtlesim/turtlesim
[1.374s] -- Up-to-date: /home/tlbot/code/ros2_ws/install/turtlesim/include/turtlesim/turtlesim/srv
[1.374s] -- Up-to-date: /home/tlbot/code/ros2_ws/install/turtlesim/include/turtlesim/turtlesim/srv/set_pen.hpp
[1.375s] -- Up-to-date: /home/tlbot/code/ros2_ws/install/turtlesim/include/turtlesim/turtlesim/srv/detail
[1.375s] -- Up-to-date: /home/tlbot/code/ros2_ws/install/turtlesim/include/turtlesim/turtlesim/srv/detail/spawn__builder.hpp
[1.375s] -- Up-to-date: /home/tlbot/code/ros2_ws/install/turtlesim/include/turtlesim/turtlesim/srv/detail/teleport_relative__type_support.hpp
[1.375s] -- Up-to-date: /home/tlbot/code/ros2_ws/install/turtlesim/include/turtlesim/turtlesim/srv/detail/set_pen__type_support.hpp
[1.375s] -- Up-to-date: /home/tlbot/code/ros2_ws/install/turtlesim/include/turtlesim/turtlesim/srv/detail/kill__struct.hpp
[1.376s] -- Up-to-date: /home/tlbot/code/ros2_ws/install/turtlesim/include/turtlesim/turtlesim/srv/detail/set_pen__traits.hpp
[1.376s] -- Up-to-date: /home/tlbot/code/ros2_ws/install/turtlesim/include/turtlesim/turtlesim/srv/detail/set_pen__struct.hpp
[1.376s] -- Up-to-date: /home/tlbot/code/ros2_ws/install/turtlesim/include/turtlesim/turtlesim/srv/detail/kill__type_support.hpp
[1.376s] -- Up-to-date: /home/tlbot/code/ros2_ws/install/turtlesim/include/turtlesim/turtlesim/srv/detail/teleport_absolute__builder.hpp
[1.377s] -- Up-to-date: /home/tlbot/code/ros2_ws/install/turtlesim/include/turtlesim/turtlesim/srv/detail/teleport_relative__traits.hpp
[1.377s] -- Up-to-date: /home/tlbot/code/ros2_ws/install/turtlesim/include/turtlesim/turtlesim/srv/detail/kill__traits.hpp
[1.377s] -- Up-to-date: /home/tlbot/code/ros2_ws/install/turtlesim/include/turtlesim/turtlesim/srv/detail/teleport_absolute__traits.hpp
[1.377s] -- Up-to-date: /home/tlbot/code/ros2_ws/install/turtlesim/include/turtlesim/turtlesim/srv/detail/kill__builder.hpp
[1.377s] -- Up-to-date: /home/tlbot/code/ros2_ws/install/turtlesim/include/turtlesim/turtlesim/srv/detail/teleport_absolute__type_support.hpp
[1.378s] -- Up-to-date: /home/tlbot/code/ros2_ws/install/turtlesim/include/turtlesim/turtlesim/srv/detail/spawn__struct.hpp
[1.378s] -- Up-to-date: /home/tlbot/code/ros2_ws/install/turtlesim/include/turtlesim/turtlesim/srv/detail/spawn__traits.hpp
[1.378s] -- Up-to-date: /home/tlbot/code/ros2_ws/install/turtlesim/include/turtlesim/turtlesim/srv/detail/teleport_relative__struct.hpp
[1.378s] -- Up-to-date: /home/tlbot/code/ros2_ws/install/turtlesim/include/turtlesim/turtlesim/srv/detail/teleport_absolute__struct.hpp
[1.379s] -- Up-to-date: /home/tlbot/code/ros2_ws/install/turtlesim/include/turtlesim/turtlesim/srv/detail/set_pen__builder.hpp
[1.379s] -- Up-to-date: /home/tlbot/code/ros2_ws/install/turtlesim/include/turtlesim/turtlesim/srv/detail/teleport_relative__builder.hpp
[1.379s] -- Up-to-date: /home/tlbot/code/ros2_ws/install/turtlesim/include/turtlesim/turtlesim/srv/detail/spawn__type_support.hpp
[1.379s] -- Up-to-date: /home/tlbot/code/ros2_ws/install/turtlesim/include/turtlesim/turtlesim/srv/spawn.hpp
[1.379s] -- Up-to-date: /home/tlbot/code/ros2_ws/install/turtlesim/include/turtlesim/turtlesim/srv/teleport_relative.hpp
[1.380s] -- Up-to-date: /home/tlbot/code/ros2_ws/install/turtlesim/include/turtlesim/turtlesim/srv/kill.hpp
[1.380s] -- Up-to-date: /home/tlbot/code/ros2_ws/install/turtlesim/include/turtlesim/turtlesim/srv/teleport_absolute.hpp
[1.380s] -- Up-to-date: /home/tlbot/code/ros2_ws/install/turtlesim/include/turtlesim/turtlesim/action
[1.380s] -- Up-to-date: /home/tlbot/code/ros2_ws/install/turtlesim/include/turtlesim/turtlesim/action/detail
[1.381s] -- Up-to-date: /home/tlbot/code/ros2_ws/install/turtlesim/include/turtlesim/turtlesim/action/detail/rotate_absolute__builder.hpp
[1.381s] -- Up-to-date: /home/tlbot/code/ros2_ws/install/turtlesim/include/turtlesim/turtlesim/action/detail/rotate_absolute__struct.hpp
[1.381s] -- Up-to-date: /home/tlbot/code/ros2_ws/install/turtlesim/include/turtlesim/turtlesim/action/detail/rotate_absolute__traits.hpp
[1.381s] -- Up-to-date: /home/tlbot/code/ros2_ws/install/turtlesim/include/turtlesim/turtlesim/action/detail/rotate_absolute__type_support.hpp
[1.381s] -- Up-to-date: /home/tlbot/code/ros2_ws/install/turtlesim/include/turtlesim/turtlesim/action/rotate_absolute.hpp
[1.382s] -- Up-to-date: /home/tlbot/code/ros2_ws/install/turtlesim/include/turtlesim/turtlesim/msg
[1.382s] -- Up-to-date: /home/tlbot/code/ros2_ws/install/turtlesim/include/turtlesim/turtlesim/msg/detail
[1.382s] -- Up-to-date: /home/tlbot/code/ros2_ws/install/turtlesim/include/turtlesim/turtlesim/msg/detail/pose__type_support.hpp
[1.382s] -- Up-to-date: /home/tlbot/code/ros2_ws/install/turtlesim/include/turtlesim/turtlesim/msg/detail/pose__traits.hpp
[1.383s] -- Up-to-date: /home/tlbot/code/ros2_ws/install/turtlesim/include/turtlesim/turtlesim/msg/detail/color__builder.hpp
[1.383s] -- Up-to-date: /home/tlbot/code/ros2_ws/install/turtlesim/include/turtlesim/turtlesim/msg/detail/color__traits.hpp
[1.383s] -- Up-to-date: /home/tlbot/code/ros2_ws/install/turtlesim/include/turtlesim/turtlesim/msg/detail/pose__struct.hpp
[1.384s] -- Up-to-date: /home/tlbot/code/ros2_ws/install/turtlesim/include/turtlesim/turtlesim/msg/detail/pose__builder.hpp
[1.384s] -- Up-to-date: /home/tlbot/code/ros2_ws/install/turtlesim/include/turtlesim/turtlesim/msg/detail/color__type_support.hpp
[1.384s] -- Up-to-date: /home/tlbot/code/ros2_ws/install/turtlesim/include/turtlesim/turtlesim/msg/detail/color__struct.hpp
[1.384s] -- Up-to-date: /home/tlbot/code/ros2_ws/install/turtlesim/include/turtlesim/turtlesim/msg/pose.hpp
[1.385s] -- Up-to-date: /home/tlbot/code/ros2_ws/install/turtlesim/include/turtlesim/turtlesim/msg/rosidl_generator_cpp__visibility_control.hpp
[1.385s] -- Up-to-date: /home/tlbot/code/ros2_ws/install/turtlesim/include/turtlesim/turtlesim/msg/color.hpp
[1.385s] -- Up-to-date: /home/tlbot/code/ros2_ws/install/turtlesim/include/turtlesim/turtlesim
[1.385s] -- Up-to-date: /home/tlbot/code/ros2_ws/install/turtlesim/include/turtlesim/turtlesim/srv
[1.386s] -- Up-to-date: /home/tlbot/code/ros2_ws/install/turtlesim/include/turtlesim/turtlesim/srv/detail
[1.386s] -- Up-to-date: /home/tlbot/code/ros2_ws/install/turtlesim/include/turtlesim/turtlesim/srv/detail/dds_fastrtps
[1.386s] -- Up-to-date: /home/tlbot/code/ros2_ws/install/turtlesim/include/turtlesim/turtlesim/srv/detail/set_pen__rosidl_typesupport_fastrtps_cpp.hpp
[1.386s] -- Up-to-date: /home/tlbot/code/ros2_ws/install/turtlesim/include/turtlesim/turtlesim/srv/detail/spawn__rosidl_typesupport_fastrtps_cpp.hpp
[1.386s] -- Up-to-date: /home/tlbot/code/ros2_ws/install/turtlesim/include/turtlesim/turtlesim/srv/detail/teleport_relative__rosidl_typesupport_fastrtps_cpp.hpp
[1.387s] -- Up-to-date: /home/tlbot/code/ros2_ws/install/turtlesim/include/turtlesim/turtlesim/srv/detail/teleport_absolute__rosidl_typesupport_fastrtps_cpp.hpp
[1.387s] -- Up-to-date: /home/tlbot/code/ros2_ws/install/turtlesim/include/turtlesim/turtlesim/srv/detail/kill__rosidl_typesupport_fastrtps_cpp.hpp
[1.387s] -- Up-to-date: /home/tlbot/code/ros2_ws/install/turtlesim/include/turtlesim/turtlesim/action
[1.387s] -- Up-to-date: /home/tlbot/code/ros2_ws/install/turtlesim/include/turtlesim/turtlesim/action/detail
[1.388s] -- Up-to-date: /home/tlbot/code/ros2_ws/install/turtlesim/include/turtlesim/turtlesim/action/detail/dds_fastrtps
[1.388s] -- Up-to-date: /home/tlbot/code/ros2_ws/install/turtlesim/include/turtlesim/turtlesim/action/detail/rotate_absolute__rosidl_typesupport_fastrtps_cpp.hpp
[1.388s] -- Up-to-date: /home/tlbot/code/ros2_ws/install/turtlesim/include/turtlesim/turtlesim/msg
[1.388s] -- Up-to-date: /home/tlbot/code/ros2_ws/install/turtlesim/include/turtlesim/turtlesim/msg/detail
[1.389s] -- Up-to-date: /home/tlbot/code/ros2_ws/install/turtlesim/include/turtlesim/turtlesim/msg/detail/dds_fastrtps
[1.389s] -- Up-to-date: /home/tlbot/code/ros2_ws/install/turtlesim/include/turtlesim/turtlesim/msg/detail/color__rosidl_typesupport_fastrtps_cpp.hpp
[1.389s] -- Up-to-date: /home/tlbot/code/ros2_ws/install/turtlesim/include/turtlesim/turtlesim/msg/detail/pose__rosidl_typesupport_fastrtps_cpp.hpp
[1.389s] -- Up-to-date: /home/tlbot/code/ros2_ws/install/turtlesim/include/turtlesim/turtlesim/msg/rosidl_typesupport_fastrtps_cpp__visibility_control.h
[1.389s] -- Up-to-date: /home/tlbot/code/ros2_ws/install/turtlesim/lib/libturtlesim__rosidl_typesupport_fastrtps_cpp.so
[1.390s] -- Up-to-date: /home/tlbot/code/ros2_ws/install/turtlesim/include/turtlesim/turtlesim
[1.390s] -- Up-to-date: /home/tlbot/code/ros2_ws/install/turtlesim/include/turtlesim/turtlesim/srv
[1.390s] -- Up-to-date: /home/tlbot/code/ros2_ws/install/turtlesim/include/turtlesim/turtlesim/srv/detail
[1.390s] -- Installing: /home/tlbot/code/ros2_ws/install/turtlesim/include/turtlesim/turtlesim/srv/detail/kill__type_support.c
[1.391s] -- Installing: /home/tlbot/code/ros2_ws/install/turtlesim/include/turtlesim/turtlesim/srv/detail/spawn__type_support.c
[1.391s] -- Installing: /home/tlbot/code/ros2_ws/install/turtlesim/include/turtlesim/turtlesim/srv/detail/teleport_relative__type_support.c
[1.391s] -- Up-to-date: /home/tlbot/code/ros2_ws/install/turtlesim/include/turtlesim/turtlesim/srv/detail/spawn__rosidl_typesupport_introspection_c.h
[1.391s] -- Up-to-date: /home/tlbot/code/ros2_ws/install/turtlesim/include/turtlesim/turtlesim/srv/detail/kill__rosidl_typesupport_introspection_c.h
[1.392s] -- Up-to-date: /home/tlbot/code/ros2_ws/install/turtlesim/include/turtlesim/turtlesim/srv/detail/teleport_relative__rosidl_typesupport_introspection_c.h
[1.392s] -- Up-to-date: /home/tlbot/code/ros2_ws/install/turtlesim/include/turtlesim/turtlesim/srv/detail/teleport_absolute__rosidl_typesupport_introspection_c.h
[1.392s] -- Installing: /home/tlbot/code/ros2_ws/install/turtlesim/include/turtlesim/turtlesim/srv/detail/set_pen__type_support.c
[1.392s] -- Up-to-date: /home/tlbot/code/ros2_ws/install/turtlesim/include/turtlesim/turtlesim/srv/detail/set_pen__rosidl_typesupport_introspection_c.h
[1.392s] -- Installing: /home/tlbot/code/ros2_ws/install/turtlesim/include/turtlesim/turtlesim/srv/detail/teleport_absolute__type_support.c
[1.393s] -- Up-to-date: /home/tlbot/code/ros2_ws/install/turtlesim/include/turtlesim/turtlesim/action
[1.393s] -- Up-to-date: /home/tlbot/code/ros2_ws/install/turtlesim/include/turtlesim/turtlesim/action/detail
[1.393s] -- Up-to-date: /home/tlbot/code/ros2_ws/install/turtlesim/include/turtlesim/turtlesim/action/detail/rotate_absolute__rosidl_typesupport_introspection_c.h
[1.393s] -- Installing: /home/tlbot/code/ros2_ws/install/turtlesim/include/turtlesim/turtlesim/action/detail/rotate_absolute__type_support.c
[1.393s] -- Up-to-date: /home/tlbot/code/ros2_ws/install/turtlesim/include/turtlesim/turtlesim/msg
[1.393s] -- Up-to-date: /home/tlbot/code/ros2_ws/install/turtlesim/include/turtlesim/turtlesim/msg/detail
[1.394s] -- Installing: /home/tlbot/code/ros2_ws/install/turtlesim/include/turtlesim/turtlesim/msg/detail/pose__type_support.c
[1.394s] -- Up-to-date: /home/tlbot/code/ros2_ws/install/turtlesim/include/turtlesim/turtlesim/msg/detail/color__rosidl_typesupport_introspection_c.h
[1.394s] -- Installing: /home/tlbot/code/ros2_ws/install/turtlesim/include/turtlesim/turtlesim/msg/detail/color__type_support.c
[1.394s] -- Up-to-date: /home/tlbot/code/ros2_ws/install/turtlesim/include/turtlesim/turtlesim/msg/detail/pose__rosidl_typesupport_introspection_c.h
[1.394s] -- Up-to-date: /home/tlbot/code/ros2_ws/install/turtlesim/include/turtlesim/turtlesim/msg/rosidl_typesupport_introspection_c__visibility_control.h
[1.394s] -- Up-to-date: /home/tlbot/code/ros2_ws/install/turtlesim/lib/libturtlesim__rosidl_typesupport_introspection_c.so
[1.394s] -- Up-to-date: /home/tlbot/code/ros2_ws/install/turtlesim/lib/libturtlesim__rosidl_typesupport_c.so
[1.395s] -- Up-to-date: /home/tlbot/code/ros2_ws/install/turtlesim/include/turtlesim/turtlesim
[1.395s] -- Up-to-date: /home/tlbot/code/ros2_ws/install/turtlesim/include/turtlesim/turtlesim/srv
[1.395s] -- Up-to-date: /home/tlbot/code/ros2_ws/install/turtlesim/include/turtlesim/turtlesim/srv/detail
[1.395s] -- Up-to-date: /home/tlbot/code/ros2_ws/install/turtlesim/include/turtlesim/turtlesim/srv/detail/kill__rosidl_typesupport_introspection_cpp.hpp
[1.395s] -- Up-to-date: /home/tlbot/code/ros2_ws/install/turtlesim/include/turtlesim/turtlesim/srv/detail/teleport_relative__rosidl_typesupport_introspection_cpp.hpp
[1.395s] -- Up-to-date: /home/tlbot/code/ros2_ws/install/turtlesim/include/turtlesim/turtlesim/srv/detail/teleport_absolute__type_support.cpp
[1.396s] -- Up-to-date: /home/tlbot/code/ros2_ws/install/turtlesim/include/turtlesim/turtlesim/srv/detail/set_pen__type_support.cpp
[1.396s] -- Up-to-date: /home/tlbot/code/ros2_ws/install/turtlesim/include/turtlesim/turtlesim/srv/detail/kill__type_support.cpp
[1.396s] -- Up-to-date: /home/tlbot/code/ros2_ws/install/turtlesim/include/turtlesim/turtlesim/srv/detail/spawn__rosidl_typesupport_introspection_cpp.hpp
[1.396s] -- Up-to-date: /home/tlbot/code/ros2_ws/install/turtlesim/include/turtlesim/turtlesim/srv/detail/teleport_absolute__rosidl_typesupport_introspection_cpp.hpp
[1.396s] -- Up-to-date: /home/tlbot/code/ros2_ws/install/turtlesim/include/turtlesim/turtlesim/srv/detail/spawn__type_support.cpp
[1.396s] -- Up-to-date: /home/tlbot/code/ros2_ws/install/turtlesim/include/turtlesim/turtlesim/srv/detail/teleport_relative__type_support.cpp
[1.396s] -- Up-to-date: /home/tlbot/code/ros2_ws/install/turtlesim/include/turtlesim/turtlesim/srv/detail/set_pen__rosidl_typesupport_introspection_cpp.hpp
[1.396s] -- Up-to-date: /home/tlbot/code/ros2_ws/install/turtlesim/include/turtlesim/turtlesim/action
[1.397s] -- Up-to-date: /home/tlbot/code/ros2_ws/install/turtlesim/include/turtlesim/turtlesim/action/detail
[1.397s] -- Up-to-date: /home/tlbot/code/ros2_ws/install/turtlesim/include/turtlesim/turtlesim/action/detail/rotate_absolute__type_support.cpp
[1.397s] -- Up-to-date: /home/tlbot/code/ros2_ws/install/turtlesim/include/turtlesim/turtlesim/action/detail/rotate_absolute__rosidl_typesupport_introspection_cpp.hpp
[1.397s] -- Up-to-date: /home/tlbot/code/ros2_ws/install/turtlesim/include/turtlesim/turtlesim/msg
[1.397s] -- Up-to-date: /home/tlbot/code/ros2_ws/install/turtlesim/include/turtlesim/turtlesim/msg/detail
[1.397s] -- Up-to-date: /home/tlbot/code/ros2_ws/install/turtlesim/include/turtlesim/turtlesim/msg/detail/color__type_support.cpp
[1.397s] -- Up-to-date: /home/tlbot/code/ros2_ws/install/turtlesim/include/turtlesim/turtlesim/msg/detail/pose__type_support.cpp
[1.398s] -- Up-to-date: /home/tlbot/code/ros2_ws/install/turtlesim/include/turtlesim/turtlesim/msg/detail/color__rosidl_typesupport_introspection_cpp.hpp
[1.398s] -- Up-to-date: /home/tlbot/code/ros2_ws/install/turtlesim/include/turtlesim/turtlesim/msg/detail/pose__rosidl_typesupport_introspection_cpp.hpp
[1.398s] -- Up-to-date: /home/tlbot/code/ros2_ws/install/turtlesim/lib/libturtlesim__rosidl_typesupport_introspection_cpp.so
[1.398s] -- Up-to-date: /home/tlbot/code/ros2_ws/install/turtlesim/lib/libturtlesim__rosidl_typesupport_cpp.so
[1.398s] -- Up-to-date: /home/tlbot/code/ros2_ws/install/turtlesim/share/turtlesim/environment/pythonpath.sh
[1.398s] -- Up-to-date: /home/tlbot/code/ros2_ws/install/turtlesim/share/turtlesim/environment/pythonpath.dsv
[1.398s] -- Up-to-date: /home/tlbot/code/ros2_ws/install/turtlesim/lib/python3.12/site-packages/turtlesim-1.8.3-py3.12.egg-info
[1.399s] -- Installing: /home/tlbot/code/ros2_ws/install/turtlesim/lib/python3.12/site-packages/turtlesim-1.8.3-py3.12.egg-info/SOURCES.txt
[1.399s] -- Installing: /home/tlbot/code/ros2_ws/install/turtlesim/lib/python3.12/site-packages/turtlesim-1.8.3-py3.12.egg-info/PKG-INFO
[1.399s] -- Installing: /home/tlbot/code/ros2_ws/install/turtlesim/lib/python3.12/site-packages/turtlesim-1.8.3-py3.12.egg-info/top_level.txt
[1.399s] -- Installing: /home/tlbot/code/ros2_ws/install/turtlesim/lib/python3.12/site-packages/turtlesim-1.8.3-py3.12.egg-info/dependency_links.txt
[1.399s] -- Up-to-date: /home/tlbot/code/ros2_ws/install/turtlesim/lib/python3.12/site-packages/turtlesim
[1.399s] -- Up-to-date: /home/tlbot/code/ros2_ws/install/turtlesim/lib/python3.12/site-packages/turtlesim/srv
[1.400s] -- Up-to-date: /home/tlbot/code/ros2_ws/install/turtlesim/lib/python3.12/site-packages/turtlesim/srv/_teleport_absolute_s.c
[1.400s] -- Up-to-date: /home/tlbot/code/ros2_ws/install/turtlesim/lib/python3.12/site-packages/turtlesim/srv/_teleport_relative_s.c
[1.400s] -- Up-to-date: /home/tlbot/code/ros2_ws/install/turtlesim/lib/python3.12/site-packages/turtlesim/srv/_kill_s.c
[1.400s] -- Up-to-date: /home/tlbot/code/ros2_ws/install/turtlesim/lib/python3.12/site-packages/turtlesim/srv/_kill.py
[1.400s] -- Up-to-date: /home/tlbot/code/ros2_ws/install/turtlesim/lib/python3.12/site-packages/turtlesim/srv/_set_pen_s.c
[1.400s] -- Up-to-date: /home/tlbot/code/ros2_ws/install/turtlesim/lib/python3.12/site-packages/turtlesim/srv/_set_pen.py
[1.400s] -- Up-to-date: /home/tlbot/code/ros2_ws/install/turtlesim/lib/python3.12/site-packages/turtlesim/srv/_spawn_s.c
[1.401s] -- Up-to-date: /home/tlbot/code/ros2_ws/install/turtlesim/lib/python3.12/site-packages/turtlesim/srv/_teleport_relative.py
[1.401s] -- Up-to-date: /home/tlbot/code/ros2_ws/install/turtlesim/lib/python3.12/site-packages/turtlesim/srv/_spawn.py
[1.401s] -- Up-to-date: /home/tlbot/code/ros2_ws/install/turtlesim/lib/python3.12/site-packages/turtlesim/srv/_teleport_absolute.py
[1.401s] -- Up-to-date: /home/tlbot/code/ros2_ws/install/turtlesim/lib/python3.12/site-packages/turtlesim/srv/__init__.py
[1.401s] -- Up-to-date: /home/tlbot/code/ros2_ws/install/turtlesim/lib/python3.12/site-packages/turtlesim/_turtlesim_s.ep.rosidl_typesupport_fastrtps_c.c
[1.401s] -- Up-to-date: /home/tlbot/code/ros2_ws/install/turtlesim/lib/python3.12/site-packages/turtlesim/turtlesim_s__rosidl_typesupport_introspection_c.so
[1.401s] -- Up-to-date: /home/tlbot/code/ros2_ws/install/turtlesim/lib/python3.12/site-packages/turtlesim/turtlesim_s__rosidl_typesupport_fastrtps_c.so
[1.402s] -- Up-to-date: /home/tlbot/code/ros2_ws/install/turtlesim/lib/python3.12/site-packages/turtlesim/turtlesim_s__rosidl_typesupport_c.so
[1.402s] -- Up-to-date: /home/tlbot/code/ros2_ws/install/turtlesim/lib/python3.12/site-packages/turtlesim/_turtlesim_s.ep.rosidl_typesupport_c.c
[1.402s] -- Up-to-date: /home/tlbot/code/ros2_ws/install/turtlesim/lib/python3.12/site-packages/turtlesim/action
[1.402s] -- Up-to-date: /home/tlbot/code/ros2_ws/install/turtlesim/lib/python3.12/site-packages/turtlesim/action/_rotate_absolute.py
[1.402s] -- Up-to-date: /home/tlbot/code/ros2_ws/install/turtlesim/lib/python3.12/site-packages/turtlesim/action/_rotate_absolute_s.c
[1.402s] -- Up-to-date: /home/tlbot/code/ros2_ws/install/turtlesim/lib/python3.12/site-packages/turtlesim/action/__init__.py
[1.402s] -- Up-to-date: /home/tlbot/code/ros2_ws/install/turtlesim/lib/python3.12/site-packages/turtlesim/msg
[1.403s] -- Up-to-date: /home/tlbot/code/ros2_ws/install/turtlesim/lib/python3.12/site-packages/turtlesim/msg/_pose_s.c
[1.403s] -- Up-to-date: /home/tlbot/code/ros2_ws/install/turtlesim/lib/python3.12/site-packages/turtlesim/msg/_pose.py
[1.403s] -- Up-to-date: /home/tlbot/code/ros2_ws/install/turtlesim/lib/python3.12/site-packages/turtlesim/msg/_color.py
[1.403s] -- Up-to-date: /home/tlbot/code/ros2_ws/install/turtlesim/lib/python3.12/site-packages/turtlesim/msg/_color_s.c
[1.403s] -- Up-to-date: /home/tlbot/code/ros2_ws/install/turtlesim/lib/python3.12/site-packages/turtlesim/msg/__init__.py
[1.403s] -- Up-to-date: /home/tlbot/code/ros2_ws/install/turtlesim/lib/python3.12/site-packages/turtlesim/_turtlesim_s.ep.rosidl_typesupport_introspection_c.c
[1.403s] -- Up-to-date: /home/tlbot/code/ros2_ws/install/turtlesim/lib/python3.12/site-packages/turtlesim/__init__.py
[1.464s] Listing '/home/tlbot/code/ros2_ws/install/turtlesim/lib/python3.12/site-packages/turtlesim'...
[1.465s] Listing '/home/tlbot/code/ros2_ws/install/turtlesim/lib/python3.12/site-packages/turtlesim/action'...
[1.465s] Listing '/home/tlbot/code/ros2_ws/install/turtlesim/lib/python3.12/site-packages/turtlesim/msg'...
[1.465s] Listing '/home/tlbot/code/ros2_ws/install/turtlesim/lib/python3.12/site-packages/turtlesim/srv'...
[1.479s] -- Up-to-date: /home/tlbot/code/ros2_ws/install/turtlesim/lib/python3.12/site-packages/turtlesim/turtlesim_s__rosidl_typesupport_fastrtps_c.so
[1.480s] -- Up-to-date: /home/tlbot/code/ros2_ws/install/turtlesim/lib/python3.12/site-packages/turtlesim/turtlesim_s__rosidl_typesupport_introspection_c.so
[1.480s] -- Up-to-date: /home/tlbot/code/ros2_ws/install/turtlesim/lib/python3.12/site-packages/turtlesim/turtlesim_s__rosidl_typesupport_c.so
[1.481s] -- Up-to-date: /home/tlbot/code/ros2_ws/install/turtlesim/lib/libturtlesim__rosidl_generator_py.so
[1.481s] -- Up-to-date: /home/tlbot/code/ros2_ws/install/turtlesim/share/turtlesim/action/RotateAbsolute.idl
[1.482s] -- Up-to-date: /home/tlbot/code/ros2_ws/install/turtlesim/share/turtlesim/msg/Color.idl
[1.482s] -- Up-to-date: /home/tlbot/code/ros2_ws/install/turtlesim/share/turtlesim/msg/Pose.idl
[1.482s] -- Up-to-date: /home/tlbot/code/ros2_ws/install/turtlesim/share/turtlesim/srv/Kill.idl
[1.483s] -- Up-to-date: /home/tlbot/code/ros2_ws/install/turtlesim/share/turtlesim/srv/SetPen.idl
[1.483s] -- Up-to-date: /home/tlbot/code/ros2_ws/install/turtlesim/share/turtlesim/srv/Spawn.idl
[1.484s] -- Up-to-date: /home/tlbot/code/ros2_ws/install/turtlesim/share/turtlesim/srv/TeleportAbsolute.idl
[1.484s] -- Up-to-date: /home/tlbot/code/ros2_ws/install/turtlesim/share/turtlesim/srv/TeleportRelative.idl
[1.485s] -- Up-to-date: /home/tlbot/code/ros2_ws/install/turtlesim/share/turtlesim/action/RotateAbsolute.action
[1.485s] -- Up-to-date: /home/tlbot/code/ros2_ws/install/turtlesim/share/turtlesim/msg/Color.msg
[1.485s] -- Up-to-date: /home/tlbot/code/ros2_ws/install/turtlesim/share/turtlesim/msg/Pose.msg
[1.485s] -- Up-to-date: /home/tlbot/code/ros2_ws/install/turtlesim/share/turtlesim/srv/Kill.srv
[1.486s] -- Up-to-date: /home/tlbot/code/ros2_ws/install/turtlesim/share/turtlesim/srv/SetPen.srv
[1.486s] -- Up-to-date: /home/tlbot/code/ros2_ws/install/turtlesim/share/turtlesim/srv/Spawn.srv
[1.486s] -- Up-to-date: /home/tlbot/code/ros2_ws/install/turtlesim/share/turtlesim/srv/TeleportAbsolute.srv
[1.487s] -- Up-to-date: /home/tlbot/code/ros2_ws/install/turtlesim/share/turtlesim/srv/TeleportRelative.srv
[1.487s] -- Up-to-date: /home/tlbot/code/ros2_ws/install/turtlesim/lib/turtlesim/turtlesim_node
[1.487s] -- Up-to-date: /home/tlbot/code/ros2_ws/install/turtlesim/lib/turtlesim/turtle_teleop_key
[1.488s] -- Up-to-date: /home/tlbot/code/ros2_ws/install/turtlesim/lib/turtlesim/draw_square
[1.488s] -- Up-to-date: /home/tlbot/code/ros2_ws/install/turtlesim/lib/turtlesim/mimic
[1.488s] -- Up-to-date: /home/tlbot/code/ros2_ws/install/turtlesim/share/turtlesim/images
[1.489s] -- Up-to-date: /home/tlbot/code/ros2_ws/install/turtlesim/share/turtlesim/images/dashing.png
[1.489s] -- Up-to-date: /home/tlbot/code/ros2_ws/install/turtlesim/share/turtlesim/images/foxy.png
[1.489s] -- Up-to-date: /home/tlbot/code/ros2_ws/install/turtlesim/share/turtlesim/images/iron.png
[1.490s] -- Up-to-date: /home/tlbot/code/ros2_ws/install/turtlesim/share/turtlesim/images/ardent.png
[1.490s] -- Up-to-date: /home/tlbot/code/ros2_ws/install/turtlesim/share/turtlesim/images/rolling.png
[1.490s] -- Up-to-date: /home/tlbot/code/ros2_ws/install/turtlesim/share/turtlesim/images/humble.png
[1.490s] -- Up-to-date: /home/tlbot/code/ros2_ws/install/turtlesim/share/turtlesim/images/galactic.png
[1.491s] -- Up-to-date: /home/tlbot/code/ros2_ws/install/turtlesim/share/turtlesim/images/jazzy.png
[1.491s] -- Up-to-date: /home/tlbot/code/ros2_ws/install/turtlesim/share/turtlesim/images/crystal.png
[1.491s] -- Up-to-date: /home/tlbot/code/ros2_ws/install/turtlesim/share/turtlesim/images/bouncy.png
[1.492s] -- Up-to-date: /home/tlbot/code/ros2_ws/install/turtlesim/share/turtlesim/images/eloquent.png
[1.492s] -- Up-to-date: /home/tlbot/code/ros2_ws/install/turtlesim/share/turtlesim/launch
[1.492s] -- Up-to-date: /home/tlbot/code/ros2_ws/install/turtlesim/share/turtlesim/launch/multisim.launch.py
[1.493s] -- Up-to-date: /home/tlbot/code/ros2_ws/install/turtlesim/share/ament_index/resource_index/package_run_dependencies/turtlesim
[1.493s] -- Up-to-date: /home/tlbot/code/ros2_ws/install/turtlesim/share/ament_index/resource_index/parent_prefix_path/turtlesim
[1.493s] -- Up-to-date: /home/tlbot/code/ros2_ws/install/turtlesim/share/turtlesim/environment/ament_prefix_path.sh
[1.493s] -- Up-to-date: /home/tlbot/code/ros2_ws/install/turtlesim/share/turtlesim/environment/ament_prefix_path.dsv
[1.494s] -- Up-to-date: /home/tlbot/code/ros2_ws/install/turtlesim/share/turtlesim/environment/path.sh
[1.494s] -- Up-to-date: /home/tlbot/code/ros2_ws/install/turtlesim/share/turtlesim/environment/path.dsv
[1.494s] -- Up-to-date: /home/tlbot/code/ros2_ws/install/turtlesim/share/turtlesim/local_setup.bash
[1.494s] -- Up-to-date: /home/tlbot/code/ros2_ws/install/turtlesim/share/turtlesim/local_setup.sh
[1.495s] -- Up-to-date: /home/tlbot/code/ros2_ws/install/turtlesim/share/turtlesim/local_setup.zsh
[1.495s] -- Up-to-date: /home/tlbot/code/ros2_ws/install/turtlesim/share/turtlesim/local_setup.dsv
[1.495s] -- Installing: /home/tlbot/code/ros2_ws/install/turtlesim/share/turtlesim/package.dsv
[1.495s] -- Up-to-date: /home/tlbot/code/ros2_ws/install/turtlesim/share/ament_index/resource_index/packages/turtlesim
[1.496s] -- Up-to-date: /home/tlbot/code/ros2_ws/install/turtlesim/share/turtlesim/cmake/export_turtlesim__rosidl_generator_cExport.cmake
[1.496s] -- Up-to-date: /home/tlbot/code/ros2_ws/install/turtlesim/share/turtlesim/cmake/export_turtlesim__rosidl_generator_cExport-noconfig.cmake
[1.498s] -- Up-to-date: /home/tlbot/code/ros2_ws/install/turtlesim/share/turtlesim/cmake/export_turtlesim__rosidl_typesupport_fastrtps_cExport.cmake
[1.499s] -- Up-to-date: /home/tlbot/code/ros2_ws/install/turtlesim/share/turtlesim/cmake/export_turtlesim__rosidl_typesupport_fastrtps_cExport-noconfig.cmake
[1.499s] -- Up-to-date: /home/tlbot/code/ros2_ws/install/turtlesim/share/turtlesim/cmake/export_turtlesim__rosidl_generator_cppExport.cmake
[1.499s] -- Up-to-date: /home/tlbot/code/ros2_ws/install/turtlesim/share/turtlesim/cmake/export_turtlesim__rosidl_typesupport_fastrtps_cppExport.cmake
[1.500s] -- Up-to-date: /home/tlbot/code/ros2_ws/install/turtlesim/share/turtlesim/cmake/export_turtlesim__rosidl_typesupport_fastrtps_cppExport-noconfig.cmake
[1.500s] -- Up-to-date: /home/tlbot/code/ros2_ws/install/turtlesim/share/turtlesim/cmake/turtlesim__rosidl_typesupport_introspection_cExport.cmake
[1.501s] -- Up-to-date: /home/tlbot/code/ros2_ws/install/turtlesim/share/turtlesim/cmake/turtlesim__rosidl_typesupport_introspection_cExport-noconfig.cmake
[1.501s] -- Up-to-date: /home/tlbot/code/ros2_ws/install/turtlesim/share/turtlesim/cmake/turtlesim__rosidl_typesupport_cExport.cmake
[1.502s] -- Up-to-date: /home/tlbot/code/ros2_ws/install/turtlesim/share/turtlesim/cmake/turtlesim__rosidl_typesupport_cExport-noconfig.cmake
[1.502s] -- Up-to-date: /home/tlbot/code/ros2_ws/install/turtlesim/share/turtlesim/cmake/turtlesim__rosidl_typesupport_introspection_cppExport.cmake
[1.503s] -- Up-to-date: /home/tlbot/code/ros2_ws/install/turtlesim/share/turtlesim/cmake/turtlesim__rosidl_typesupport_introspection_cppExport-noconfig.cmake
[1.503s] -- Up-to-date: /home/tlbot/code/ros2_ws/install/turtlesim/share/turtlesim/cmake/turtlesim__rosidl_typesupport_cppExport.cmake
[1.503s] -- Up-to-date: /home/tlbot/code/ros2_ws/install/turtlesim/share/turtlesim/cmake/turtlesim__rosidl_typesupport_cppExport-noconfig.cmake
[1.503s] -- Up-to-date: /home/tlbot/code/ros2_ws/install/turtlesim/share/turtlesim/cmake/export_turtlesim__rosidl_generator_pyExport.cmake
[1.504s] -- Up-to-date: /home/tlbot/code/ros2_ws/install/turtlesim/share/turtlesim/cmake/export_turtlesim__rosidl_generator_pyExport-noconfig.cmake
[1.504s] -- Up-to-date: /home/tlbot/code/ros2_ws/install/turtlesim/share/turtlesim/cmake/rosidl_cmake-extras.cmake
[1.504s] -- Up-to-date: /home/tlbot/code/ros2_ws/install/turtlesim/share/turtlesim/cmake/ament_cmake_export_dependencies-extras.cmake
[1.504s] -- Up-to-date: /home/tlbot/code/ros2_ws/install/turtlesim/share/turtlesim/cmake/ament_cmake_export_include_directories-extras.cmake
[1.505s] -- Up-to-date: /home/tlbot/code/ros2_ws/install/turtlesim/share/turtlesim/cmake/ament_cmake_export_libraries-extras.cmake
[1.505s] -- Up-to-date: /home/tlbot/code/ros2_ws/install/turtlesim/share/turtlesim/cmake/ament_cmake_export_targets-extras.cmake
[1.506s] -- Up-to-date: /home/tlbot/code/ros2_ws/install/turtlesim/share/turtlesim/cmake/rosidl_cmake_export_typesupport_targets-extras.cmake
[1.506s] -- Up-to-date: /home/tlbot/code/ros2_ws/install/turtlesim/share/turtlesim/cmake/rosidl_cmake_export_typesupport_libraries-extras.cmake
[1.506s] -- Up-to-date: /home/tlbot/code/ros2_ws/install/turtlesim/share/turtlesim/cmake/turtlesimConfig.cmake
[1.507s] -- Up-to-date: /home/tlbot/code/ros2_ws/install/turtlesim/share/turtlesim/cmake/turtlesimConfig-version.cmake
[1.507s] -- Up-to-date: /home/tlbot/code/ros2_ws/install/turtlesim/share/turtlesim/package.xml
[1.508s] Invoked command in '/home/tlbot/code/ros2_ws/build/turtlesim' returned '0': CMAKE_PREFIX_PATH=${CMAKE_PREFIX_PATH}:/opt/ros/jazzy PS1=(gac-robotics)\[\e]0;\u@\h: \w\a\]${debian_chroot:+($debian_chroot)}\[\033[01;32m\]\u@\h\[\033[00m\]:\[\033[01;34m\]\w\[\033[00m\]\$ /usr/bin/cmake --install /home/tlbot/code/ros2_ws/build/turtlesim
