[0.038s] Invoking command in '/home/tlbot/code/ros2_ws/build/my_package': CMAKE_PREFIX_PATH=${CMAKE_PREFIX_PATH}:/opt/ros/jazzy PS1=(gac-robotics)\[\e]0;\u@\h: \w\a\]${debian_chroot:+($debian_chroot)}\[\033[01;32m\]\u@\h\[\033[00m\]:\[\033[01;34m\]\w\[\033[00m\]\$ /usr/bin/cmake --build /home/tlbot/code/ros2_ws/build/my_package -- -j16 -l16
[0.174s] [100%] Built target my_node
[0.202s] Invoked command in '/home/tlbot/code/ros2_ws/build/my_package' returned '0': CMAKE_PREFIX_PATH=${CMAKE_PREFIX_PATH}:/opt/ros/jazzy PS1=(gac-robotics)\[\e]0;\u@\h: \w\a\]${debian_chroot:+($debian_chroot)}\[\033[01;32m\]\u@\h\[\033[00m\]:\[\033[01;34m\]\w\[\033[00m\]\$ /usr/bin/cmake --build /home/tlbot/code/ros2_ws/build/my_package -- -j16 -l16
[0.294s] Invoking command in '/home/tlbot/code/ros2_ws/build/my_package': CMAKE_PREFIX_PATH=${CMAKE_PREFIX_PATH}:/opt/ros/jazzy PS1=(gac-robotics)\[\e]0;\u@\h: \w\a\]${debian_chroot:+($debian_chroot)}\[\033[01;32m\]\u@\h\[\033[00m\]:\[\033[01;34m\]\w\[\033[00m\]\$ /usr/bin/cmake --install /home/tlbot/code/ros2_ws/build/my_package
[0.319s] -- Install configuration: ""
[0.320s] -- Up-to-date: /home/tlbot/code/ros2_ws/install/my_package/lib/my_package/my_node
[0.321s] -- Up-to-date: /home/tlbot/code/ros2_ws/install/my_package/share/ament_index/resource_index/package_run_dependencies/my_package
[0.321s] -- Up-to-date: /home/tlbot/code/ros2_ws/install/my_package/share/ament_index/resource_index/parent_prefix_path/my_package
[0.321s] -- Up-to-date: /home/tlbot/code/ros2_ws/install/my_package/share/my_package/environment/ament_prefix_path.sh
[0.322s] -- Up-to-date: /home/tlbot/code/ros2_ws/install/my_package/share/my_package/environment/ament_prefix_path.dsv
[0.323s] -- Up-to-date: /home/tlbot/code/ros2_ws/install/my_package/share/my_package/environment/path.sh
[0.323s] -- Up-to-date: /home/tlbot/code/ros2_ws/install/my_package/share/my_package/environment/path.dsv
[0.323s] -- Up-to-date: /home/tlbot/code/ros2_ws/install/my_package/share/my_package/local_setup.bash
[0.324s] -- Up-to-date: /home/tlbot/code/ros2_ws/install/my_package/share/my_package/local_setup.sh
[0.324s] -- Up-to-date: /home/tlbot/code/ros2_ws/install/my_package/share/my_package/local_setup.zsh
[0.324s] -- Up-to-date: /home/tlbot/code/ros2_ws/install/my_package/share/my_package/local_setup.dsv
[0.325s] -- Installing: /home/tlbot/code/ros2_ws/install/my_package/share/my_package/package.dsv
[0.325s] -- Up-to-date: /home/tlbot/code/ros2_ws/install/my_package/share/ament_index/resource_index/packages/my_package
[0.325s] -- Up-to-date: /home/tlbot/code/ros2_ws/install/my_package/share/my_package/cmake/my_packageConfig.cmake
[0.326s] -- Up-to-date: /home/tlbot/code/ros2_ws/install/my_package/share/my_package/cmake/my_packageConfig-version.cmake
[0.330s] -- Up-to-date: /home/tlbot/code/ros2_ws/install/my_package/share/my_package/package.xml
[0.332s] Invoked command in '/home/tlbot/code/ros2_ws/build/my_package' returned '0': CMAKE_PREFIX_PATH=${CMAKE_PREFIX_PATH}:/opt/ros/jazzy PS1=(gac-robotics)\[\e]0;\u@\h: \w\a\]${debian_chroot:+($debian_chroot)}\[\033[01;32m\]\u@\h\[\033[00m\]:\[\033[01;34m\]\w\[\033[00m\]\$ /usr/bin/cmake --install /home/tlbot/code/ros2_ws/build/my_package
