[0.050s] Invoking command in '/home/tlbot/code/ros2_ws/build/cpp_pubsub': CMAKE_PREFIX_PATH=${CMAKE_PREFIX_PATH}:/opt/ros/jazzy PS1=(gac-robotics)\[\e]0;\u@\h: \w\a\]${debian_chroot:+($debian_chroot)}\[\033[01;32m\]\u@\h\[\033[00m\]:\[\033[01;34m\]\w\[\033[00m\]\$ /usr/bin/cmake --build /home/tlbot/code/ros2_ws/build/cpp_pubsub -- -j16 -l16
[0.255s] [ 50%] Built target talker
[0.259s] [100%] Built target listener
[0.289s] Invoked command in '/home/tlbot/code/ros2_ws/build/cpp_pubsub' returned '0': CMAKE_PREFIX_PATH=${CMAKE_PREFIX_PATH}:/opt/ros/jazzy PS1=(gac-robotics)\[\e]0;\u@\h: \w\a\]${debian_chroot:+($debian_chroot)}\[\033[01;32m\]\u@\h\[\033[00m\]:\[\033[01;34m\]\w\[\033[00m\]\$ /usr/bin/cmake --build /home/tlbot/code/ros2_ws/build/cpp_pubsub -- -j16 -l16
[0.399s] Invoking command in '/home/tlbot/code/ros2_ws/build/cpp_pubsub': CMAKE_PREFIX_PATH=${CMAKE_PREFIX_PATH}:/opt/ros/jazzy PS1=(gac-robotics)\[\e]0;\u@\h: \w\a\]${debian_chroot:+($debian_chroot)}\[\033[01;32m\]\u@\h\[\033[00m\]:\[\033[01;34m\]\w\[\033[00m\]\$ /usr/bin/cmake --install /home/tlbot/code/ros2_ws/build/cpp_pubsub
[0.420s] -- Install configuration: ""
[0.421s] -- Up-to-date: /home/tlbot/code/ros2_ws/install/cpp_pubsub/lib/cpp_pubsub/talker
[0.423s] -- Up-to-date: /home/tlbot/code/ros2_ws/install/cpp_pubsub/lib/cpp_pubsub/listener
[0.423s] -- Up-to-date: /home/tlbot/code/ros2_ws/install/cpp_pubsub/share/ament_index/resource_index/package_run_dependencies/cpp_pubsub
[0.423s] -- Up-to-date: /home/tlbot/code/ros2_ws/install/cpp_pubsub/share/ament_index/resource_index/parent_prefix_path/cpp_pubsub
[0.423s] -- Up-to-date: /home/tlbot/code/ros2_ws/install/cpp_pubsub/share/cpp_pubsub/environment/ament_prefix_path.sh
[0.424s] -- Up-to-date: /home/tlbot/code/ros2_ws/install/cpp_pubsub/share/cpp_pubsub/environment/ament_prefix_path.dsv
[0.424s] -- Up-to-date: /home/tlbot/code/ros2_ws/install/cpp_pubsub/share/cpp_pubsub/environment/path.sh
[0.424s] -- Up-to-date: /home/tlbot/code/ros2_ws/install/cpp_pubsub/share/cpp_pubsub/environment/path.dsv
[0.425s] -- Up-to-date: /home/tlbot/code/ros2_ws/install/cpp_pubsub/share/cpp_pubsub/local_setup.bash
[0.425s] -- Up-to-date: /home/tlbot/code/ros2_ws/install/cpp_pubsub/share/cpp_pubsub/local_setup.sh
[0.427s] -- Up-to-date: /home/tlbot/code/ros2_ws/install/cpp_pubsub/share/cpp_pubsub/local_setup.zsh
[0.427s] -- Up-to-date: /home/tlbot/code/ros2_ws/install/cpp_pubsub/share/cpp_pubsub/local_setup.dsv
[0.428s] -- Installing: /home/tlbot/code/ros2_ws/install/cpp_pubsub/share/cpp_pubsub/package.dsv
[0.429s] -- Up-to-date: /home/tlbot/code/ros2_ws/install/cpp_pubsub/share/ament_index/resource_index/packages/cpp_pubsub
[0.429s] -- Up-to-date: /home/tlbot/code/ros2_ws/install/cpp_pubsub/share/cpp_pubsub/cmake/cpp_pubsubConfig.cmake
[0.430s] -- Up-to-date: /home/tlbot/code/ros2_ws/install/cpp_pubsub/share/cpp_pubsub/cmake/cpp_pubsubConfig-version.cmake
[0.431s] -- Up-to-date: /home/tlbot/code/ros2_ws/install/cpp_pubsub/share/cpp_pubsub/package.xml
[0.433s] Invoked command in '/home/tlbot/code/ros2_ws/build/cpp_pubsub' returned '0': CMAKE_PREFIX_PATH=${CMAKE_PREFIX_PATH}:/opt/ros/jazzy PS1=(gac-robotics)\[\e]0;\u@\h: \w\a\]${debian_chroot:+($debian_chroot)}\[\033[01;32m\]\u@\h\[\033[00m\]:\[\033[01;34m\]\w\[\033[00m\]\$ /usr/bin/cmake --install /home/tlbot/code/ros2_ws/build/cpp_pubsub
