[0.019s] Invoking command in '/home/tlbot/code/ros2_ws/build/cpp_pubsub': CMAKE_PREFIX_PATH=${CMAKE_PREFIX_PATH}:/opt/ros/jazzy PS1=(gac-robotics)\[\e]0;\u@\h: \w\a\]${debian_chroot:+($debian_chroot)}\[\033[01;32m\]\u@\h\[\033[00m\]:\[\033[01;34m\]\w\[\033[00m\]\$ /usr/bin/cmake /home/tlbot/code/ros2_ws/src/cpp_pubsub -DCMAKE_INSTALL_PREFIX=/home/tlbot/code/ros2_ws/install/cpp_pubsub
[0.148s] -- The C compiler identification is GNU 13.2.0
[0.290s] -- The CXX compiler identification is GNU 13.2.0
[0.325s] -- Detecting C compiler ABI info
[0.521s] -- Detecting C compiler ABI info - done
[0.544s] -- Check for working C compiler: /usr/bin/cc - skipped
[0.544s] -- Detecting C compile features
[0.545s] -- Detecting C compile features - done
[0.564s] -- Detecting CXX compiler ABI info
[0.783s] -- Detecting CXX compiler ABI info - done
[0.805s] -- Check for working CXX compiler: /usr/bin/c++ - skipped
[0.806s] -- Detecting CXX compile features
[0.807s] -- Detecting CXX compile features - done
[0.813s] -- Found ament_cmake: 2.5.2 (/opt/ros/jazzy/share/ament_cmake/cmake)
[1.179s] -- Found Python3: /usr/bin/python3 (found version "3.12.3") found components: Interpreter 
[1.422s] -- Found rclcpp: 28.1.3 (/opt/ros/jazzy/share/rclcpp/cmake)
[1.511s] -- Found rosidl_generator_c: 4.6.3 (/opt/ros/jazzy/share/rosidl_generator_c/cmake)
[1.545s] -- Found rosidl_generator_cpp: 4.6.3 (/opt/ros/jazzy/share/rosidl_generator_cpp/cmake)
[1.584s] -- Using all available rosidl_typesupport_c: rosidl_typesupport_fastrtps_c;rosidl_typesupport_introspection_c
[1.629s] -- Using all available rosidl_typesupport_cpp: rosidl_typesupport_fastrtps_cpp;rosidl_typesupport_introspection_cpp
[1.815s] -- Found rmw_implementation_cmake: 7.3.1 (/opt/ros/jazzy/share/rmw_implementation_cmake/cmake)
[1.822s] -- Found rmw_fastrtps_cpp: 8.4.1 (/opt/ros/jazzy/share/rmw_fastrtps_cpp/cmake)
[1.989s] -- Found OpenSSL: /usr/lib/x86_64-linux-gnu/libcrypto.so (found version "3.0.13")  
[2.041s] -- Found FastRTPS: /opt/ros/jazzy/include (Required is at least version "2.13") 
[2.106s] -- Using RMW implementation 'rmw_fastrtps_cpp' as default
[2.295s] -- Found std_msgs: 5.3.5 (/opt/ros/jazzy/share/std_msgs/cmake)
[2.341s] -- Found ament_lint_auto: 0.17.1 (/opt/ros/jazzy/share/ament_lint_auto/cmake)
[2.618s] -- Added test 'cppcheck' to perform static code analysis on C / C++ code
[2.618s] -- Configured cppcheck include dirs: 
[2.619s] -- Configured cppcheck exclude dirs and/or files: 
[2.621s] -- Added test 'lint_cmake' to check CMake code style
[2.625s] -- Added test 'uncrustify' to check C / C++ code style
[2.625s] -- Configured uncrustify additional arguments: 
[2.627s] -- Added test 'xmllint' to check XML markup files
[2.630s] -- Configuring done (2.6s)
[2.666s] -- Generating done (0.0s)
[2.670s] -- Build files have been written to: /home/tlbot/code/ros2_ws/build/cpp_pubsub
[2.691s] Invoked command in '/home/tlbot/code/ros2_ws/build/cpp_pubsub' returned '0': CMAKE_PREFIX_PATH=${CMAKE_PREFIX_PATH}:/opt/ros/jazzy PS1=(gac-robotics)\[\e]0;\u@\h: \w\a\]${debian_chroot:+($debian_chroot)}\[\033[01;32m\]\u@\h\[\033[00m\]:\[\033[01;34m\]\w\[\033[00m\]\$ /usr/bin/cmake /home/tlbot/code/ros2_ws/src/cpp_pubsub -DCMAKE_INSTALL_PREFIX=/home/tlbot/code/ros2_ws/install/cpp_pubsub
[2.694s] Invoking command in '/home/tlbot/code/ros2_ws/build/cpp_pubsub': CMAKE_PREFIX_PATH=${CMAKE_PREFIX_PATH}:/opt/ros/jazzy PS1=(gac-robotics)\[\e]0;\u@\h: \w\a\]${debian_chroot:+($debian_chroot)}\[\033[01;32m\]\u@\h\[\033[00m\]:\[\033[01;34m\]\w\[\033[00m\]\$ /usr/bin/cmake --build /home/tlbot/code/ros2_ws/build/cpp_pubsub -- -j16 -l16
[2.812s] [ 25%] [32mBuilding CXX object CMakeFiles/listener.dir/src/subscriber_lambda_function.cpp.o[0m
[2.813s] [ 50%] [32mBuilding CXX object CMakeFiles/talker.dir/src/publisher_lambda_function.cpp.o[0m
[14.230s] [ 75%] [32m[1mLinking CXX executable talker[0m
[14.620s] [ 75%] Built target talker
[21.923s] [100%] [32m[1mLinking CXX executable listener[0m
[22.511s] [100%] Built target listener
[22.537s] Invoked command in '/home/tlbot/code/ros2_ws/build/cpp_pubsub' returned '0': CMAKE_PREFIX_PATH=${CMAKE_PREFIX_PATH}:/opt/ros/jazzy PS1=(gac-robotics)\[\e]0;\u@\h: \w\a\]${debian_chroot:+($debian_chroot)}\[\033[01;32m\]\u@\h\[\033[00m\]:\[\033[01;34m\]\w\[\033[00m\]\$ /usr/bin/cmake --build /home/tlbot/code/ros2_ws/build/cpp_pubsub -- -j16 -l16
[22.609s] Invoking command in '/home/tlbot/code/ros2_ws/build/cpp_pubsub': CMAKE_PREFIX_PATH=${CMAKE_PREFIX_PATH}:/opt/ros/jazzy PS1=(gac-robotics)\[\e]0;\u@\h: \w\a\]${debian_chroot:+($debian_chroot)}\[\033[01;32m\]\u@\h\[\033[00m\]:\[\033[01;34m\]\w\[\033[00m\]\$ /usr/bin/cmake --install /home/tlbot/code/ros2_ws/build/cpp_pubsub
[22.626s] -- Install configuration: ""
[22.626s] -- Installing: /home/tlbot/code/ros2_ws/install/cpp_pubsub/lib/cpp_pubsub/talker
[22.629s] -- Set non-toolchain portion of runtime path of "/home/tlbot/code/ros2_ws/install/cpp_pubsub/lib/cpp_pubsub/talker" to ""
[22.629s] -- Installing: /home/tlbot/code/ros2_ws/install/cpp_pubsub/lib/cpp_pubsub/listener
[22.640s] -- Set non-toolchain portion of runtime path of "/home/tlbot/code/ros2_ws/install/cpp_pubsub/lib/cpp_pubsub/listener" to ""
[22.640s] -- Installing: /home/tlbot/code/ros2_ws/install/cpp_pubsub/share/ament_index/resource_index/package_run_dependencies/cpp_pubsub
[22.640s] -- Installing: /home/tlbot/code/ros2_ws/install/cpp_pubsub/share/ament_index/resource_index/parent_prefix_path/cpp_pubsub
[22.641s] -- Up-to-date: /home/tlbot/code/ros2_ws/install/cpp_pubsub/share/cpp_pubsub/environment/ament_prefix_path.sh
[22.641s] -- Installing: /home/tlbot/code/ros2_ws/install/cpp_pubsub/share/cpp_pubsub/environment/ament_prefix_path.dsv
[22.641s] -- Up-to-date: /home/tlbot/code/ros2_ws/install/cpp_pubsub/share/cpp_pubsub/environment/path.sh
[22.641s] -- Installing: /home/tlbot/code/ros2_ws/install/cpp_pubsub/share/cpp_pubsub/environment/path.dsv
[22.642s] -- Installing: /home/tlbot/code/ros2_ws/install/cpp_pubsub/share/cpp_pubsub/local_setup.bash
[22.642s] -- Installing: /home/tlbot/code/ros2_ws/install/cpp_pubsub/share/cpp_pubsub/local_setup.sh
[22.642s] -- Installing: /home/tlbot/code/ros2_ws/install/cpp_pubsub/share/cpp_pubsub/local_setup.zsh
[22.642s] -- Installing: /home/tlbot/code/ros2_ws/install/cpp_pubsub/share/cpp_pubsub/local_setup.dsv
[22.643s] -- Installing: /home/tlbot/code/ros2_ws/install/cpp_pubsub/share/cpp_pubsub/package.dsv
[22.643s] -- Installing: /home/tlbot/code/ros2_ws/install/cpp_pubsub/share/ament_index/resource_index/packages/cpp_pubsub
[22.643s] -- Installing: /home/tlbot/code/ros2_ws/install/cpp_pubsub/share/cpp_pubsub/cmake/cpp_pubsubConfig.cmake
[22.644s] -- Installing: /home/tlbot/code/ros2_ws/install/cpp_pubsub/share/cpp_pubsub/cmake/cpp_pubsubConfig-version.cmake
[22.644s] -- Up-to-date: /home/tlbot/code/ros2_ws/install/cpp_pubsub/share/cpp_pubsub/package.xml
[22.649s] Invoked command in '/home/tlbot/code/ros2_ws/build/cpp_pubsub' returned '0': CMAKE_PREFIX_PATH=${CMAKE_PREFIX_PATH}:/opt/ros/jazzy PS1=(gac-robotics)\[\e]0;\u@\h: \w\a\]${debian_chroot:+($debian_chroot)}\[\033[01;32m\]\u@\h\[\033[00m\]:\[\033[01;34m\]\w\[\033[00m\]\$ /usr/bin/cmake --install /home/tlbot/code/ros2_ws/build/cpp_pubsub
