[0.031s] Invoking command in '/home/tlbot/code/ros2_ws/build/cpp_pubsub': CMAKE_PREFIX_PATH=${CMAKE_PREFIX_PATH}:/opt/ros/jazzy PS1=(gac-robotics)\[\e]0;\u@\h: \w\a\]${debian_chroot:+($debian_chroot)}\[\033[01;32m\]\u@\h\[\033[00m\]:\[\033[01;34m\]\w\[\033[00m\]\$ /usr/bin/cmake --build /home/tlbot/code/ros2_ws/build/cpp_pubsub -- -j16 -l16
[0.085s] -- Found ament_cmake: 2.5.2 (/opt/ros/jazzy/share/ament_cmake/cmake)
[0.617s] -- Found rclcpp: 28.1.3 (/opt/ros/jazzy/share/rclcpp/cmake)
[0.677s] -- Found rosidl_generator_c: 4.6.3 (/opt/ros/jazzy/share/rosidl_generator_c/cmake)
[0.698s] -- Found rosidl_generator_cpp: 4.6.3 (/opt/ros/jazzy/share/rosidl_generator_cpp/cmake)
[0.723s] -- Using all available rosidl_typesupport_c: rosidl_typesupport_fastrtps_c;rosidl_typesupport_introspection_c
[0.754s] -- Using all available rosidl_typesupport_cpp: rosidl_typesupport_fastrtps_cpp;rosidl_typesupport_introspection_cpp
[0.896s] -- Found rmw_implementation_cmake: 7.3.1 (/opt/ros/jazzy/share/rmw_implementation_cmake/cmake)
[0.899s] -- Found rmw_fastrtps_cpp: 8.4.1 (/opt/ros/jazzy/share/rmw_fastrtps_cpp/cmake)
[1.039s] -- Using RMW implementation 'rmw_fastrtps_cpp' as default
[1.181s] -- Found std_msgs: 5.3.5 (/opt/ros/jazzy/share/std_msgs/cmake)
[1.218s] -- Found ament_lint_auto: 0.17.1 (/opt/ros/jazzy/share/ament_lint_auto/cmake)
[1.441s] -- Added test 'cppcheck' to perform static code analysis on C / C++ code
[1.441s] -- Configured cppcheck include dirs: 
[1.441s] -- Configured cppcheck exclude dirs and/or files: 
[1.442s] -- Added test 'lint_cmake' to check CMake code style
[1.444s] -- Added test 'uncrustify' to check C / C++ code style
[1.445s] -- Configured uncrustify additional arguments: 
[1.445s] -- Added test 'xmllint' to check XML markup files
[1.447s] -- Configuring done (1.4s)
[1.477s] -- Generating done (0.0s)
[1.481s] -- Build files have been written to: /home/tlbot/code/ros2_ws/build/cpp_pubsub
[1.564s] [ 25%] [32mBuilding CXX object CMakeFiles/listener.dir/src/subscriber_lambda_function.cpp.o[0m
[1.586s] [ 75%] Built target talker
[18.988s] [100%] [32m[1mLinking CXX executable listener[0m
[19.543s] [100%] Built target listener
[19.576s] Invoked command in '/home/tlbot/code/ros2_ws/build/cpp_pubsub' returned '0': CMAKE_PREFIX_PATH=${CMAKE_PREFIX_PATH}:/opt/ros/jazzy PS1=(gac-robotics)\[\e]0;\u@\h: \w\a\]${debian_chroot:+($debian_chroot)}\[\033[01;32m\]\u@\h\[\033[00m\]:\[\033[01;34m\]\w\[\033[00m\]\$ /usr/bin/cmake --build /home/tlbot/code/ros2_ws/build/cpp_pubsub -- -j16 -l16
[19.647s] Invoking command in '/home/tlbot/code/ros2_ws/build/cpp_pubsub': CMAKE_PREFIX_PATH=${CMAKE_PREFIX_PATH}:/opt/ros/jazzy PS1=(gac-robotics)\[\e]0;\u@\h: \w\a\]${debian_chroot:+($debian_chroot)}\[\033[01;32m\]\u@\h\[\033[00m\]:\[\033[01;34m\]\w\[\033[00m\]\$ /usr/bin/cmake --install /home/tlbot/code/ros2_ws/build/cpp_pubsub
[19.669s] -- Install configuration: ""
[19.669s] -- Installing: /home/tlbot/code/ros2_ws/install/cpp_pubsub/lib/cpp_pubsub/talker
[19.674s] -- Set non-toolchain portion of runtime path of "/home/tlbot/code/ros2_ws/install/cpp_pubsub/lib/cpp_pubsub/talker" to ""
[19.675s] -- Installing: /home/tlbot/code/ros2_ws/install/cpp_pubsub/lib/cpp_pubsub/listener
[19.688s] -- Set non-toolchain portion of runtime path of "/home/tlbot/code/ros2_ws/install/cpp_pubsub/lib/cpp_pubsub/listener" to ""
[19.688s] -- Up-to-date: /home/tlbot/code/ros2_ws/install/cpp_pubsub/share/ament_index/resource_index/package_run_dependencies/cpp_pubsub
[19.688s] -- Installing: /home/tlbot/code/ros2_ws/install/cpp_pubsub/share/ament_index/resource_index/parent_prefix_path/cpp_pubsub
[19.689s] -- Up-to-date: /home/tlbot/code/ros2_ws/install/cpp_pubsub/share/cpp_pubsub/environment/ament_prefix_path.sh
[19.689s] -- Up-to-date: /home/tlbot/code/ros2_ws/install/cpp_pubsub/share/cpp_pubsub/environment/ament_prefix_path.dsv
[19.690s] -- Up-to-date: /home/tlbot/code/ros2_ws/install/cpp_pubsub/share/cpp_pubsub/environment/path.sh
[19.690s] -- Up-to-date: /home/tlbot/code/ros2_ws/install/cpp_pubsub/share/cpp_pubsub/environment/path.dsv
[19.690s] -- Up-to-date: /home/tlbot/code/ros2_ws/install/cpp_pubsub/share/cpp_pubsub/local_setup.bash
[19.691s] -- Up-to-date: /home/tlbot/code/ros2_ws/install/cpp_pubsub/share/cpp_pubsub/local_setup.sh
[19.691s] -- Up-to-date: /home/tlbot/code/ros2_ws/install/cpp_pubsub/share/cpp_pubsub/local_setup.zsh
[19.691s] -- Up-to-date: /home/tlbot/code/ros2_ws/install/cpp_pubsub/share/cpp_pubsub/local_setup.dsv
[19.691s] -- Installing: /home/tlbot/code/ros2_ws/install/cpp_pubsub/share/cpp_pubsub/package.dsv
[19.692s] -- Up-to-date: /home/tlbot/code/ros2_ws/install/cpp_pubsub/share/ament_index/resource_index/packages/cpp_pubsub
[19.692s] -- Up-to-date: /home/tlbot/code/ros2_ws/install/cpp_pubsub/share/cpp_pubsub/cmake/cpp_pubsubConfig.cmake
[19.692s] -- Up-to-date: /home/tlbot/code/ros2_ws/install/cpp_pubsub/share/cpp_pubsub/cmake/cpp_pubsubConfig-version.cmake
[19.692s] -- Up-to-date: /home/tlbot/code/ros2_ws/install/cpp_pubsub/share/cpp_pubsub/package.xml
[19.696s] Invoked command in '/home/tlbot/code/ros2_ws/build/cpp_pubsub' returned '0': CMAKE_PREFIX_PATH=${CMAKE_PREFIX_PATH}:/opt/ros/jazzy PS1=(gac-robotics)\[\e]0;\u@\h: \w\a\]${debian_chroot:+($debian_chroot)}\[\033[01;32m\]\u@\h\[\033[00m\]:\[\033[01;34m\]\w\[\033[00m\]\$ /usr/bin/cmake --install /home/tlbot/code/ros2_ws/build/cpp_pubsub
